[0.112s] DEBUG:colcon:Command line arguments: ['/usr/bin/colcon', 'build']
[0.112s] DEBUG:colcon:Parsed command line arguments: Namespace(log_base=None, log_level=None, verb_name='build', build_base='build', install_base='install', merge_install=False, symlink_install=False, test_result_base=None, continue_on_error=False, executor='parallel', parallel_workers=8, event_handlers=None, ignore_user_meta=False, metas=['./colcon.meta'], base_paths=['.'], packages_ignore=None, packages_ignore_regex=None, paths=None, packages_up_to=None, packages_up_to_regex=None, packages_above=None, packages_above_and_dependencies=None, packages_above_depth=None, packages_select_by_dep=None, packages_skip_by_dep=None, packages_skip_up_to=None, packages_select_build_failed=False, packages_skip_build_finished=False, packages_select_test_failures=False, packages_skip_test_passed=False, packages_select=None, packages_skip=None, packages_select_regex=None, packages_skip_regex=None, packages_start=None, packages_end=None, allow_overriding=[], cmake_args=None, cmake_target=None, cmake_target_skip_unavailable=False, cmake_clean_cache=False, cmake_clean_first=False, cmake_force_configure=False, ament_cmake_args=None, catkin_cmake_args=None, catkin_skip_building_tests=False, verb_parser=<colcon_defaults.argument_parser.defaults.DefaultArgumentsDecorator object at 0x762849e45f90>, verb_extension=<colcon_core.verb.build.BuildVerb object at 0x762849f3ea10>, main=<bound method BuildVerb.main of <colcon_core.verb.build.BuildVerb object at 0x762849f3ea10>>)
[0.298s] Level 1:colcon.colcon_core.package_discovery:discover_packages(colcon_meta) check parameters
[0.298s] Level 1:colcon.colcon_core.package_discovery:discover_packages(recursive) check parameters
[0.298s] Level 1:colcon.colcon_core.package_discovery:discover_packages(ignore) check parameters
[0.298s] Level 1:colcon.colcon_core.package_discovery:discover_packages(path) check parameters
[0.298s] Level 1:colcon.colcon_core.package_discovery:discover_packages(colcon_meta) discover
[0.298s] Level 1:colcon.colcon_core.package_discovery:discover_packages(recursive) discover
[0.298s] INFO:colcon.colcon_core.package_discovery:Crawling recursively for packages in '/home/laurus/workspace/gmsl/ros_ws'
[0.299s] Level 1:colcon.colcon_core.package_identification:_identify(.) by extensions ['ignore', 'ignore_ament_install']
[0.299s] Level 1:colcon.colcon_core.package_identification:_identify(.) by extension 'ignore'
[0.299s] Level 1:colcon.colcon_core.package_identification:_identify(.) by extension 'ignore_ament_install'
[0.299s] Level 1:colcon.colcon_core.package_identification:_identify(.) by extensions ['colcon_pkg']
[0.299s] Level 1:colcon.colcon_core.package_identification:_identify(.) by extension 'colcon_pkg'
[0.299s] Level 1:colcon.colcon_core.package_identification:_identify(.) by extensions ['colcon_meta']
[0.299s] Level 1:colcon.colcon_core.package_identification:_identify(.) by extension 'colcon_meta'
[0.299s] Level 1:colcon.colcon_core.package_identification:_identify(.) by extensions ['ros']
[0.299s] Level 1:colcon.colcon_core.package_identification:_identify(.) by extension 'ros'
[0.311s] Level 1:colcon.colcon_core.package_identification:_identify(.) by extensions ['cmake', 'python']
[0.311s] Level 1:colcon.colcon_core.package_identification:_identify(.) by extension 'cmake'
[0.311s] Level 1:colcon.colcon_core.package_identification:_identify(.) by extension 'python'
[0.311s] Level 1:colcon.colcon_core.package_identification:_identify(.) by extensions ['python_setup_py']
[0.311s] Level 1:colcon.colcon_core.package_identification:_identify(.) by extension 'python_setup_py'
[0.311s] Level 1:colcon.colcon_core.package_identification:_identify(build) by extensions ['ignore', 'ignore_ament_install']
[0.312s] Level 1:colcon.colcon_core.package_identification:_identify(build) by extension 'ignore'
[0.312s] Level 1:colcon.colcon_core.package_identification:_identify(build) ignored
[0.312s] Level 1:colcon.colcon_core.package_identification:_identify(install) by extensions ['ignore', 'ignore_ament_install']
[0.312s] Level 1:colcon.colcon_core.package_identification:_identify(install) by extension 'ignore'
[0.312s] Level 1:colcon.colcon_core.package_identification:_identify(install) ignored
[0.312s] Level 1:colcon.colcon_core.package_identification:_identify(log) by extensions ['ignore', 'ignore_ament_install']
[0.312s] Level 1:colcon.colcon_core.package_identification:_identify(log) by extension 'ignore'
[0.312s] Level 1:colcon.colcon_core.package_identification:_identify(log) ignored
[0.313s] Level 1:colcon.colcon_core.package_identification:_identify(src) by extensions ['ignore', 'ignore_ament_install']
[0.313s] Level 1:colcon.colcon_core.package_identification:_identify(src) by extension 'ignore'
[0.313s] Level 1:colcon.colcon_core.package_identification:_identify(src) by extension 'ignore_ament_install'
[0.313s] Level 1:colcon.colcon_core.package_identification:_identify(src) by extensions ['colcon_pkg']
[0.313s] Level 1:colcon.colcon_core.package_identification:_identify(src) by extension 'colcon_pkg'
[0.313s] Level 1:colcon.colcon_core.package_identification:_identify(src) by extensions ['colcon_meta']
[0.313s] Level 1:colcon.colcon_core.package_identification:_identify(src) by extension 'colcon_meta'
[0.313s] Level 1:colcon.colcon_core.package_identification:_identify(src) by extensions ['ros']
[0.313s] Level 1:colcon.colcon_core.package_identification:_identify(src) by extension 'ros'
[0.313s] Level 1:colcon.colcon_core.package_identification:_identify(src) by extensions ['cmake', 'python']
[0.313s] Level 1:colcon.colcon_core.package_identification:_identify(src) by extension 'cmake'
[0.313s] Level 1:colcon.colcon_core.package_identification:_identify(src) by extension 'python'
[0.313s] Level 1:colcon.colcon_core.package_identification:_identify(src) by extensions ['python_setup_py']
[0.313s] Level 1:colcon.colcon_core.package_identification:_identify(src) by extension 'python_setup_py'
[0.314s] Level 1:colcon.colcon_core.package_identification:_identify(src/gscam2) by extensions ['ignore', 'ignore_ament_install']
[0.314s] Level 1:colcon.colcon_core.package_identification:_identify(src/gscam2) by extension 'ignore'
[0.314s] Level 1:colcon.colcon_core.package_identification:_identify(src/gscam2) by extension 'ignore_ament_install'
[0.314s] Level 1:colcon.colcon_core.package_identification:_identify(src/gscam2) by extensions ['colcon_pkg']
[0.314s] Level 1:colcon.colcon_core.package_identification:_identify(src/gscam2) by extension 'colcon_pkg'
[0.314s] Level 1:colcon.colcon_core.package_identification:_identify(src/gscam2) by extensions ['colcon_meta']
[0.314s] Level 1:colcon.colcon_core.package_identification:_identify(src/gscam2) by extension 'colcon_meta'
[0.314s] Level 1:colcon.colcon_core.package_identification:_identify(src/gscam2) by extensions ['ros']
[0.314s] Level 1:colcon.colcon_core.package_identification:_identify(src/gscam2) by extension 'ros'
[0.318s] DEBUG:colcon.colcon_core.package_identification:Package 'src/gscam2' with type 'ros.ament_cmake' and name 'gscam2'
[0.318s] Level 1:colcon.colcon_core.package_identification:_identify(src/imu-ros2) by extensions ['ignore', 'ignore_ament_install']
[0.318s] Level 1:colcon.colcon_core.package_identification:_identify(src/imu-ros2) by extension 'ignore'
[0.318s] Level 1:colcon.colcon_core.package_identification:_identify(src/imu-ros2) by extension 'ignore_ament_install'
[0.318s] Level 1:colcon.colcon_core.package_identification:_identify(src/imu-ros2) by extensions ['colcon_pkg']
[0.318s] Level 1:colcon.colcon_core.package_identification:_identify(src/imu-ros2) by extension 'colcon_pkg'
[0.318s] Level 1:colcon.colcon_core.package_identification:_identify(src/imu-ros2) by extensions ['colcon_meta']
[0.318s] Level 1:colcon.colcon_core.package_identification:_identify(src/imu-ros2) by extension 'colcon_meta'
[0.319s] Level 1:colcon.colcon_core.package_identification:_identify(src/imu-ros2) by extensions ['ros']
[0.319s] Level 1:colcon.colcon_core.package_identification:_identify(src/imu-ros2) by extension 'ros'
[0.320s] DEBUG:colcon.colcon_core.package_identification:Package 'src/imu-ros2' with type 'ros.ament_cmake' and name 'imu_ros2'
[0.320s] Level 1:colcon.colcon_core.package_identification:_identify(src/imu_yaw) by extensions ['ignore', 'ignore_ament_install']
[0.320s] Level 1:colcon.colcon_core.package_identification:_identify(src/imu_yaw) by extension 'ignore'
[0.320s] Level 1:colcon.colcon_core.package_identification:_identify(src/imu_yaw) by extension 'ignore_ament_install'
[0.320s] Level 1:colcon.colcon_core.package_identification:_identify(src/imu_yaw) by extensions ['colcon_pkg']
[0.320s] Level 1:colcon.colcon_core.package_identification:_identify(src/imu_yaw) by extension 'colcon_pkg'
[0.320s] Level 1:colcon.colcon_core.package_identification:_identify(src/imu_yaw) by extensions ['colcon_meta']
[0.320s] Level 1:colcon.colcon_core.package_identification:_identify(src/imu_yaw) by extension 'colcon_meta'
[0.320s] Level 1:colcon.colcon_core.package_identification:_identify(src/imu_yaw) by extensions ['ros']
[0.320s] Level 1:colcon.colcon_core.package_identification:_identify(src/imu_yaw) by extension 'ros'
[0.321s] DEBUG:colcon.colcon_core.package_identification:Package 'src/imu_yaw' with type 'ros.ament_python' and name 'imu_yaw'
[0.321s] Level 1:colcon.colcon_core.package_identification:_identify(src/ros2_shared) by extensions ['ignore', 'ignore_ament_install']
[0.321s] Level 1:colcon.colcon_core.package_identification:_identify(src/ros2_shared) by extension 'ignore'
[0.321s] Level 1:colcon.colcon_core.package_identification:_identify(src/ros2_shared) by extension 'ignore_ament_install'
[0.321s] Level 1:colcon.colcon_core.package_identification:_identify(src/ros2_shared) by extensions ['colcon_pkg']
[0.321s] Level 1:colcon.colcon_core.package_identification:_identify(src/ros2_shared) by extension 'colcon_pkg'
[0.321s] Level 1:colcon.colcon_core.package_identification:_identify(src/ros2_shared) by extensions ['colcon_meta']
[0.322s] Level 1:colcon.colcon_core.package_identification:_identify(src/ros2_shared) by extension 'colcon_meta'
[0.322s] Level 1:colcon.colcon_core.package_identification:_identify(src/ros2_shared) by extensions ['ros']
[0.322s] Level 1:colcon.colcon_core.package_identification:_identify(src/ros2_shared) by extension 'ros'
[0.322s] DEBUG:colcon.colcon_core.package_identification:Package 'src/ros2_shared' with type 'ros.ament_cmake' and name 'ros2_shared'
[0.322s] Level 1:colcon.colcon_core.package_identification:_identify(src/video_receiver) by extensions ['ignore', 'ignore_ament_install']
[0.322s] Level 1:colcon.colcon_core.package_identification:_identify(src/video_receiver) by extension 'ignore'
[0.323s] Level 1:colcon.colcon_core.package_identification:_identify(src/video_receiver) by extension 'ignore_ament_install'
[0.323s] Level 1:colcon.colcon_core.package_identification:_identify(src/video_receiver) by extensions ['colcon_pkg']
[0.323s] Level 1:colcon.colcon_core.package_identification:_identify(src/video_receiver) by extension 'colcon_pkg'
[0.323s] Level 1:colcon.colcon_core.package_identification:_identify(src/video_receiver) by extensions ['colcon_meta']
[0.323s] Level 1:colcon.colcon_core.package_identification:_identify(src/video_receiver) by extension 'colcon_meta'
[0.323s] Level 1:colcon.colcon_core.package_identification:_identify(src/video_receiver) by extensions ['ros']
[0.323s] Level 1:colcon.colcon_core.package_identification:_identify(src/video_receiver) by extension 'ros'
[0.324s] DEBUG:colcon.colcon_core.package_identification:Package 'src/video_receiver' with type 'ros.ament_cmake' and name 'video_receiver'
[0.324s] Level 1:colcon.colcon_core.package_discovery:discover_packages(recursive) using defaults
[0.324s] Level 1:colcon.colcon_core.package_discovery:discover_packages(ignore) discover
[0.324s] Level 1:colcon.colcon_core.package_discovery:discover_packages(ignore) using defaults
[0.324s] Level 1:colcon.colcon_core.package_discovery:discover_packages(path) discover
[0.324s] Level 1:colcon.colcon_core.package_discovery:discover_packages(path) using defaults
[0.355s] Level 1:colcon.colcon_core.package_discovery:discover_packages(prefix_path) check parameters
[0.356s] Level 1:colcon.colcon_core.package_discovery:discover_packages(prefix_path) discover
[0.357s] WARNING:colcon.colcon_ros.prefix_path.ament:The path '/home/laurus/workspace/gmsl/ros_ws/install/video_receiver' in the environment variable AMENT_PREFIX_PATH doesn't exist
[0.357s] WARNING:colcon.colcon_ros.prefix_path.ament:The path '/home/laurus/workspace/gmsl/ros_ws/install/topic_tools' in the environment variable AMENT_PREFIX_PATH doesn't exist
[0.357s] WARNING:colcon.colcon_ros.prefix_path.ament:The path '/home/laurus/workspace/gmsl/ros_ws/install/topic_tools_interfaces' in the environment variable AMENT_PREFIX_PATH doesn't exist
[0.357s] WARNING:colcon.colcon_ros.prefix_path.ament:The path '/home/laurus/workspace/gmsl/ros_ws/install/gscam2' in the environment variable AMENT_PREFIX_PATH doesn't exist
[0.357s] WARNING:colcon.colcon_ros.prefix_path.ament:The path '/home/laurus/workspace/gmsl/ros_ws/install/ros2_shared' in the environment variable AMENT_PREFIX_PATH doesn't exist
[0.357s] WARNING:colcon.colcon_ros.prefix_path.ament:The path '/home/laurus/workspace/gmsl/ros_ws/install/imu_ros2' in the environment variable AMENT_PREFIX_PATH doesn't exist
[0.357s] WARNING:colcon.colcon_ros.prefix_path.catkin:The path '/home/laurus/workspace/gmsl/ros_ws/install/video_receiver' in the environment variable CMAKE_PREFIX_PATH doesn't exist
[0.357s] WARNING:colcon.colcon_ros.prefix_path.catkin:The path '/home/laurus/workspace/gmsl/ros_ws/install/topic_tools' in the environment variable CMAKE_PREFIX_PATH doesn't exist
[0.357s] WARNING:colcon.colcon_ros.prefix_path.catkin:The path '/home/laurus/workspace/gmsl/ros_ws/install/topic_tools_interfaces' in the environment variable CMAKE_PREFIX_PATH doesn't exist
[0.357s] WARNING:colcon.colcon_ros.prefix_path.catkin:The path '/home/laurus/workspace/gmsl/ros_ws/install/gscam2' in the environment variable CMAKE_PREFIX_PATH doesn't exist
[0.357s] WARNING:colcon.colcon_ros.prefix_path.catkin:The path '/home/laurus/workspace/gmsl/ros_ws/install/ros2_shared' in the environment variable CMAKE_PREFIX_PATH doesn't exist
[0.357s] WARNING:colcon.colcon_ros.prefix_path.catkin:The path '/home/laurus/workspace/gmsl/ros_ws/install/imu_ros2' in the environment variable CMAKE_PREFIX_PATH doesn't exist
[0.358s] DEBUG:colcon.colcon_installed_package_information.package_discovery:Found 0 installed packages in /home/laurus/workspace/gmsl/ros_ws/install
[0.360s] DEBUG:colcon.colcon_installed_package_information.package_discovery:Found 287 installed packages in /opt/ros/humble
[0.361s] Level 1:colcon.colcon_core.package_discovery:discover_packages(prefix_path) using defaults
[0.404s] Level 5:colcon.colcon_core.verb:set package 'imu_ros2' build argument 'cmake_args' from command line to 'None'
[0.404s] Level 5:colcon.colcon_core.verb:set package 'imu_ros2' build argument 'cmake_target' from command line to 'None'
[0.404s] Level 5:colcon.colcon_core.verb:set package 'imu_ros2' build argument 'cmake_target_skip_unavailable' from command line to 'False'
[0.404s] Level 5:colcon.colcon_core.verb:set package 'imu_ros2' build argument 'cmake_clean_cache' from command line to 'False'
[0.404s] Level 5:colcon.colcon_core.verb:set package 'imu_ros2' build argument 'cmake_clean_first' from command line to 'False'
[0.404s] Level 5:colcon.colcon_core.verb:set package 'imu_ros2' build argument 'cmake_force_configure' from command line to 'False'
[0.404s] Level 5:colcon.colcon_core.verb:set package 'imu_ros2' build argument 'ament_cmake_args' from command line to 'None'
[0.404s] Level 5:colcon.colcon_core.verb:set package 'imu_ros2' build argument 'catkin_cmake_args' from command line to 'None'
[0.404s] Level 5:colcon.colcon_core.verb:set package 'imu_ros2' build argument 'catkin_skip_building_tests' from command line to 'False'
[0.404s] DEBUG:colcon.colcon_core.verb:Building package 'imu_ros2' with the following arguments: {'ament_cmake_args': None, 'build_base': '/home/laurus/workspace/gmsl/ros_ws/build/imu_ros2', 'catkin_cmake_args': None, 'catkin_skip_building_tests': False, 'cmake_args': None, 'cmake_clean_cache': False, 'cmake_clean_first': False, 'cmake_force_configure': False, 'cmake_target': None, 'cmake_target_skip_unavailable': False, 'install_base': '/home/laurus/workspace/gmsl/ros_ws/install/imu_ros2', 'merge_install': False, 'path': '/home/laurus/workspace/gmsl/ros_ws/src/imu-ros2', 'symlink_install': False, 'test_result_base': None}
[0.405s] Level 5:colcon.colcon_core.verb:set package 'imu_yaw' build argument 'cmake_args' from command line to 'None'
[0.405s] Level 5:colcon.colcon_core.verb:set package 'imu_yaw' build argument 'cmake_target' from command line to 'None'
[0.405s] Level 5:colcon.colcon_core.verb:set package 'imu_yaw' build argument 'cmake_target_skip_unavailable' from command line to 'False'
[0.405s] Level 5:colcon.colcon_core.verb:set package 'imu_yaw' build argument 'cmake_clean_cache' from command line to 'False'
[0.405s] Level 5:colcon.colcon_core.verb:set package 'imu_yaw' build argument 'cmake_clean_first' from command line to 'False'
[0.405s] Level 5:colcon.colcon_core.verb:set package 'imu_yaw' build argument 'cmake_force_configure' from command line to 'False'
[0.405s] Level 5:colcon.colcon_core.verb:set package 'imu_yaw' build argument 'ament_cmake_args' from command line to 'None'
[0.405s] Level 5:colcon.colcon_core.verb:set package 'imu_yaw' build argument 'catkin_cmake_args' from command line to 'None'
[0.405s] Level 5:colcon.colcon_core.verb:set package 'imu_yaw' build argument 'catkin_skip_building_tests' from command line to 'False'
[0.405s] DEBUG:colcon.colcon_core.verb:Building package 'imu_yaw' with the following arguments: {'ament_cmake_args': None, 'build_base': '/home/laurus/workspace/gmsl/ros_ws/build/imu_yaw', 'catkin_cmake_args': None, 'catkin_skip_building_tests': False, 'cmake_args': None, 'cmake_clean_cache': False, 'cmake_clean_first': False, 'cmake_force_configure': False, 'cmake_target': None, 'cmake_target_skip_unavailable': False, 'install_base': '/home/laurus/workspace/gmsl/ros_ws/install/imu_yaw', 'merge_install': False, 'path': '/home/laurus/workspace/gmsl/ros_ws/src/imu_yaw', 'symlink_install': False, 'test_result_base': None}
[0.406s] Level 5:colcon.colcon_core.verb:set package 'ros2_shared' build argument 'cmake_args' from command line to 'None'
[0.406s] Level 5:colcon.colcon_core.verb:set package 'ros2_shared' build argument 'cmake_target' from command line to 'None'
[0.406s] Level 5:colcon.colcon_core.verb:set package 'ros2_shared' build argument 'cmake_target_skip_unavailable' from command line to 'False'
[0.406s] Level 5:colcon.colcon_core.verb:set package 'ros2_shared' build argument 'cmake_clean_cache' from command line to 'False'
[0.406s] Level 5:colcon.colcon_core.verb:set package 'ros2_shared' build argument 'cmake_clean_first' from command line to 'False'
[0.406s] Level 5:colcon.colcon_core.verb:set package 'ros2_shared' build argument 'cmake_force_configure' from command line to 'False'
[0.406s] Level 5:colcon.colcon_core.verb:set package 'ros2_shared' build argument 'ament_cmake_args' from command line to 'None'
[0.406s] Level 5:colcon.colcon_core.verb:set package 'ros2_shared' build argument 'catkin_cmake_args' from command line to 'None'
[0.406s] Level 5:colcon.colcon_core.verb:set package 'ros2_shared' build argument 'catkin_skip_building_tests' from command line to 'False'
[0.406s] DEBUG:colcon.colcon_core.verb:Building package 'ros2_shared' with the following arguments: {'ament_cmake_args': None, 'build_base': '/home/laurus/workspace/gmsl/ros_ws/build/ros2_shared', 'catkin_cmake_args': None, 'catkin_skip_building_tests': False, 'cmake_args': None, 'cmake_clean_cache': False, 'cmake_clean_first': False, 'cmake_force_configure': False, 'cmake_target': None, 'cmake_target_skip_unavailable': False, 'install_base': '/home/laurus/workspace/gmsl/ros_ws/install/ros2_shared', 'merge_install': False, 'path': '/home/laurus/workspace/gmsl/ros_ws/src/ros2_shared', 'symlink_install': False, 'test_result_base': None}
[0.406s] Level 5:colcon.colcon_core.verb:set package 'video_receiver' build argument 'cmake_args' from command line to 'None'
[0.407s] Level 5:colcon.colcon_core.verb:set package 'video_receiver' build argument 'cmake_target' from command line to 'None'
[0.407s] Level 5:colcon.colcon_core.verb:set package 'video_receiver' build argument 'cmake_target_skip_unavailable' from command line to 'False'
[0.407s] Level 5:colcon.colcon_core.verb:set package 'video_receiver' build argument 'cmake_clean_cache' from command line to 'False'
[0.407s] Level 5:colcon.colcon_core.verb:set package 'video_receiver' build argument 'cmake_clean_first' from command line to 'False'
[0.407s] Level 5:colcon.colcon_core.verb:set package 'video_receiver' build argument 'cmake_force_configure' from command line to 'False'
[0.407s] Level 5:colcon.colcon_core.verb:set package 'video_receiver' build argument 'ament_cmake_args' from command line to 'None'
[0.407s] Level 5:colcon.colcon_core.verb:set package 'video_receiver' build argument 'catkin_cmake_args' from command line to 'None'
[0.407s] Level 5:colcon.colcon_core.verb:set package 'video_receiver' build argument 'catkin_skip_building_tests' from command line to 'False'
[0.407s] DEBUG:colcon.colcon_core.verb:Building package 'video_receiver' with the following arguments: {'ament_cmake_args': None, 'build_base': '/home/laurus/workspace/gmsl/ros_ws/build/video_receiver', 'catkin_cmake_args': None, 'catkin_skip_building_tests': False, 'cmake_args': None, 'cmake_clean_cache': False, 'cmake_clean_first': False, 'cmake_force_configure': False, 'cmake_target': None, 'cmake_target_skip_unavailable': False, 'install_base': '/home/laurus/workspace/gmsl/ros_ws/install/video_receiver', 'merge_install': False, 'path': '/home/laurus/workspace/gmsl/ros_ws/src/video_receiver', 'symlink_install': False, 'test_result_base': None}
[0.407s] Level 5:colcon.colcon_core.verb:set package 'gscam2' build argument 'cmake_args' from command line to 'None'
[0.407s] Level 5:colcon.colcon_core.verb:set package 'gscam2' build argument 'cmake_target' from command line to 'None'
[0.407s] Level 5:colcon.colcon_core.verb:set package 'gscam2' build argument 'cmake_target_skip_unavailable' from command line to 'False'
[0.408s] Level 5:colcon.colcon_core.verb:set package 'gscam2' build argument 'cmake_clean_cache' from command line to 'False'
[0.408s] Level 5:colcon.colcon_core.verb:set package 'gscam2' build argument 'cmake_clean_first' from command line to 'False'
[0.408s] Level 5:colcon.colcon_core.verb:set package 'gscam2' build argument 'cmake_force_configure' from command line to 'False'
[0.408s] Level 5:colcon.colcon_core.verb:set package 'gscam2' build argument 'ament_cmake_args' from command line to 'None'
[0.408s] Level 5:colcon.colcon_core.verb:set package 'gscam2' build argument 'catkin_cmake_args' from command line to 'None'
[0.408s] Level 5:colcon.colcon_core.verb:set package 'gscam2' build argument 'catkin_skip_building_tests' from command line to 'False'
[0.408s] DEBUG:colcon.colcon_core.verb:Building package 'gscam2' with the following arguments: {'ament_cmake_args': None, 'build_base': '/home/laurus/workspace/gmsl/ros_ws/build/gscam2', 'catkin_cmake_args': None, 'catkin_skip_building_tests': False, 'cmake_args': None, 'cmake_clean_cache': False, 'cmake_clean_first': False, 'cmake_force_configure': False, 'cmake_target': None, 'cmake_target_skip_unavailable': False, 'install_base': '/home/laurus/workspace/gmsl/ros_ws/install/gscam2', 'merge_install': False, 'path': '/home/laurus/workspace/gmsl/ros_ws/src/gscam2', 'symlink_install': False, 'test_result_base': None}
[0.408s] INFO:colcon.colcon_core.executor:Executing jobs using 'parallel' executor
[0.409s] DEBUG:colcon.colcon_parallel_executor.executor.parallel:run_until_complete
[0.409s] INFO:colcon.colcon_ros.task.ament_cmake.build:Building ROS package in '/home/laurus/workspace/gmsl/ros_ws/src/ros2_shared' with build type 'ament_cmake'
[0.410s] INFO:colcon.colcon_cmake.task.cmake.build:Building CMake package in '/home/laurus/workspace/gmsl/ros_ws/src/ros2_shared'
[0.412s] INFO:colcon.colcon_core.plugin_system:Skipping extension 'colcon_core.shell.bat': Not used on non-Windows systems
[0.412s] INFO:colcon.colcon_core.shell:Skip shell extension 'powershell' for command environment: Not usable outside of PowerShell
[0.412s] DEBUG:colcon.colcon_core.shell:Skip shell extension 'dsv' for command environment
[0.416s] INFO:colcon.colcon_ros.task.ament_cmake.build:Building ROS package in '/home/laurus/workspace/gmsl/ros_ws/src/imu-ros2' with build type 'ament_cmake'
[0.416s] INFO:colcon.colcon_cmake.task.cmake.build:Building CMake package in '/home/laurus/workspace/gmsl/ros_ws/src/imu-ros2'
[0.417s] INFO:colcon.colcon_core.shell:Skip shell extension 'powershell' for command environment: Not usable outside of PowerShell
[0.417s] DEBUG:colcon.colcon_core.shell:Skip shell extension 'dsv' for command environment
[0.420s] INFO:colcon.colcon_ros.task.ament_python.build:Building ROS package in '/home/laurus/workspace/gmsl/ros_ws/src/imu_yaw' with build type 'ament_python'
[0.420s] Level 1:colcon.colcon_core.shell:create_environment_hook('imu_yaw', 'ament_prefix_path')
[0.421s] INFO:colcon.colcon_core.shell:Creating environment hook '/home/laurus/workspace/gmsl/ros_ws/install/imu_yaw/share/imu_yaw/hook/ament_prefix_path.ps1'
[0.421s] INFO:colcon.colcon_core.shell:Creating environment descriptor '/home/laurus/workspace/gmsl/ros_ws/install/imu_yaw/share/imu_yaw/hook/ament_prefix_path.dsv'
[0.422s] INFO:colcon.colcon_core.shell:Creating environment hook '/home/laurus/workspace/gmsl/ros_ws/install/imu_yaw/share/imu_yaw/hook/ament_prefix_path.sh'
[0.423s] INFO:colcon.colcon_core.shell:Skip shell extension 'powershell' for command environment: Not usable outside of PowerShell
[0.423s] DEBUG:colcon.colcon_core.shell:Skip shell extension 'dsv' for command environment
[0.425s] INFO:colcon.colcon_ros.task.ament_cmake.build:Building ROS package in '/home/laurus/workspace/gmsl/ros_ws/src/video_receiver' with build type 'ament_cmake'
[0.426s] INFO:colcon.colcon_cmake.task.cmake.build:Building CMake package in '/home/laurus/workspace/gmsl/ros_ws/src/video_receiver'
[0.426s] INFO:colcon.colcon_core.shell:Skip shell extension 'powershell' for command environment: Not usable outside of PowerShell
[0.426s] DEBUG:colcon.colcon_core.shell:Skip shell extension 'dsv' for command environment
[0.435s] DEBUG:colcon.colcon_core.event_handler.log_command:Invoking command in '/home/laurus/workspace/gmsl/ros_ws/build/ros2_shared': CMAKE_PREFIX_PATH=${CMAKE_PREFIX_PATH}:/home/laurus/workspace/gmsl/ros_ws/install/imu_yaw:/opt/ros/humble /usr/bin/cmake --build /home/laurus/workspace/gmsl/ros_ws/build/ros2_shared -- -j8 -l8
[0.439s] DEBUG:colcon.colcon_core.event_handler.log_command:Invoking command in '/home/laurus/workspace/gmsl/ros_ws/build/imu_ros2': CMAKE_PREFIX_PATH=${CMAKE_PREFIX_PATH}:/home/laurus/workspace/gmsl/ros_ws/install/imu_yaw:/opt/ros/humble /usr/bin/cmake --build /home/laurus/workspace/gmsl/ros_ws/build/imu_ros2 -- -j8 -l8
[0.792s] INFO:colcon.colcon_core.task.python.build:Building Python package in '/home/laurus/workspace/gmsl/ros_ws/src/imu_yaw'
[0.792s] INFO:colcon.colcon_core.shell:Skip shell extension 'powershell' for command environment: Not usable outside of PowerShell
[0.792s] DEBUG:colcon.colcon_core.shell:Skip shell extension 'dsv' for command environment
[0.805s] DEBUG:colcon.colcon_core.event_handler.log_command:Invoked command in '/home/laurus/workspace/gmsl/ros_ws/build/ros2_shared' returned '0': CMAKE_PREFIX_PATH=${CMAKE_PREFIX_PATH}:/home/laurus/workspace/gmsl/ros_ws/install/imu_yaw:/opt/ros/humble /usr/bin/cmake --build /home/laurus/workspace/gmsl/ros_ws/build/ros2_shared -- -j8 -l8
[0.810s] DEBUG:colcon.colcon_core.event_handler.log_command:Invoking command in '/home/laurus/workspace/gmsl/ros_ws/build/video_receiver': CMAKE_PREFIX_PATH=${CMAKE_PREFIX_PATH}:/home/laurus/workspace/gmsl/ros_ws/install/imu_yaw:/opt/ros/humble /usr/bin/cmake /home/laurus/workspace/gmsl/ros_ws/src/video_receiver -DCMAKE_INSTALL_PREFIX=/home/laurus/workspace/gmsl/ros_ws/install/video_receiver
[0.846s] DEBUG:colcon.colcon_core.event_handler.log_command:Invoking command in '/home/laurus/workspace/gmsl/ros_ws/build/ros2_shared': CMAKE_PREFIX_PATH=${CMAKE_PREFIX_PATH}:/home/laurus/workspace/gmsl/ros_ws/install/imu_yaw:/opt/ros/humble /usr/bin/cmake --install /home/laurus/workspace/gmsl/ros_ws/build/ros2_shared
[0.861s] Level 1:colcon.colcon_core.environment:create_environment_scripts_only(ros2_shared)
[0.862s] DEBUG:colcon.colcon_core.event_handler.log_command:Invoked command in '/home/laurus/workspace/gmsl/ros_ws/build/ros2_shared' returned '0': CMAKE_PREFIX_PATH=${CMAKE_PREFIX_PATH}:/home/laurus/workspace/gmsl/ros_ws/install/imu_yaw:/opt/ros/humble /usr/bin/cmake --install /home/laurus/workspace/gmsl/ros_ws/build/ros2_shared
[0.866s] Level 1:colcon.colcon_core.environment:checking '/home/laurus/workspace/gmsl/ros_ws/install/ros2_shared' for CMake module files
[0.867s] Level 1:colcon.colcon_core.environment:checking '/home/laurus/workspace/gmsl/ros_ws/install/ros2_shared' for CMake config files
[0.867s] Level 1:colcon.colcon_core.shell:create_environment_hook('ros2_shared', 'cmake_prefix_path')
[0.868s] INFO:colcon.colcon_core.shell:Creating environment hook '/home/laurus/workspace/gmsl/ros_ws/install/ros2_shared/share/ros2_shared/hook/cmake_prefix_path.ps1'
[0.868s] INFO:colcon.colcon_core.shell:Creating environment descriptor '/home/laurus/workspace/gmsl/ros_ws/install/ros2_shared/share/ros2_shared/hook/cmake_prefix_path.dsv'
[0.869s] INFO:colcon.colcon_core.shell:Creating environment hook '/home/laurus/workspace/gmsl/ros_ws/install/ros2_shared/share/ros2_shared/hook/cmake_prefix_path.sh'
[0.870s] Level 1:colcon.colcon_core.environment:checking '/home/laurus/workspace/gmsl/ros_ws/install/ros2_shared/bin'
[0.870s] Level 1:colcon.colcon_core.environment:checking '/home/laurus/workspace/gmsl/ros_ws/install/ros2_shared/lib/pkgconfig/ros2_shared.pc'
[0.870s] Level 1:colcon.colcon_core.environment:checking '/home/laurus/workspace/gmsl/ros_ws/install/ros2_shared/lib/python3.10/site-packages'
[0.870s] Level 1:colcon.colcon_core.environment:checking '/home/laurus/workspace/gmsl/ros_ws/install/ros2_shared/bin'
[0.871s] INFO:colcon.colcon_core.shell:Creating package script '/home/laurus/workspace/gmsl/ros_ws/install/ros2_shared/share/ros2_shared/package.ps1'
[0.872s] INFO:colcon.colcon_core.shell:Creating package descriptor '/home/laurus/workspace/gmsl/ros_ws/install/ros2_shared/share/ros2_shared/package.dsv'
[0.873s] INFO:colcon.colcon_core.shell:Creating package script '/home/laurus/workspace/gmsl/ros_ws/install/ros2_shared/share/ros2_shared/package.sh'
[0.875s] INFO:colcon.colcon_core.shell:Creating package script '/home/laurus/workspace/gmsl/ros_ws/install/ros2_shared/share/ros2_shared/package.bash'
[0.877s] INFO:colcon.colcon_core.shell:Creating package script '/home/laurus/workspace/gmsl/ros_ws/install/ros2_shared/share/ros2_shared/package.zsh'
[0.878s] Level 1:colcon.colcon_core.environment:create_file_with_runtime_dependencies(/home/laurus/workspace/gmsl/ros_ws/install/ros2_shared/share/colcon-core/packages/ros2_shared)
[0.909s] Level 1:colcon.colcon_core.environment:create_environment_scripts_only(ros2_shared)
[0.909s] Level 1:colcon.colcon_core.environment:checking '/home/laurus/workspace/gmsl/ros_ws/install/ros2_shared' for CMake module files
[0.910s] Level 1:colcon.colcon_core.environment:checking '/home/laurus/workspace/gmsl/ros_ws/install/ros2_shared' for CMake config files
[0.911s] Level 1:colcon.colcon_core.shell:create_environment_hook('ros2_shared', 'cmake_prefix_path')
[0.911s] INFO:colcon.colcon_core.shell:Creating environment hook '/home/laurus/workspace/gmsl/ros_ws/install/ros2_shared/share/ros2_shared/hook/cmake_prefix_path.ps1'
[0.912s] INFO:colcon.colcon_core.shell:Creating environment descriptor '/home/laurus/workspace/gmsl/ros_ws/install/ros2_shared/share/ros2_shared/hook/cmake_prefix_path.dsv'
[0.912s] INFO:colcon.colcon_core.shell:Creating environment hook '/home/laurus/workspace/gmsl/ros_ws/install/ros2_shared/share/ros2_shared/hook/cmake_prefix_path.sh'
[0.913s] Level 1:colcon.colcon_core.environment:checking '/home/laurus/workspace/gmsl/ros_ws/install/ros2_shared/bin'
[0.913s] Level 1:colcon.colcon_core.environment:checking '/home/laurus/workspace/gmsl/ros_ws/install/ros2_shared/lib/pkgconfig/ros2_shared.pc'
[0.914s] Level 1:colcon.colcon_core.environment:checking '/home/laurus/workspace/gmsl/ros_ws/install/ros2_shared/lib/python3.10/site-packages'
[0.914s] Level 1:colcon.colcon_core.environment:checking '/home/laurus/workspace/gmsl/ros_ws/install/ros2_shared/bin'
[0.914s] INFO:colcon.colcon_core.shell:Creating package script '/home/laurus/workspace/gmsl/ros_ws/install/ros2_shared/share/ros2_shared/package.ps1'
[0.915s] INFO:colcon.colcon_core.shell:Creating package descriptor '/home/laurus/workspace/gmsl/ros_ws/install/ros2_shared/share/ros2_shared/package.dsv'
[0.916s] INFO:colcon.colcon_core.shell:Creating package script '/home/laurus/workspace/gmsl/ros_ws/install/ros2_shared/share/ros2_shared/package.sh'
[0.917s] INFO:colcon.colcon_core.shell:Creating package script '/home/laurus/workspace/gmsl/ros_ws/install/ros2_shared/share/ros2_shared/package.bash'
[0.917s] INFO:colcon.colcon_core.shell:Creating package script '/home/laurus/workspace/gmsl/ros_ws/install/ros2_shared/share/ros2_shared/package.zsh'
[0.918s] Level 1:colcon.colcon_core.environment:create_file_with_runtime_dependencies(/home/laurus/workspace/gmsl/ros_ws/install/ros2_shared/share/colcon-core/packages/ros2_shared)
[0.918s] INFO:colcon.colcon_ros.task.ament_cmake.build:Building ROS package in '/home/laurus/workspace/gmsl/ros_ws/src/gscam2' with build type 'ament_cmake'
[0.919s] INFO:colcon.colcon_cmake.task.cmake.build:Building CMake package in '/home/laurus/workspace/gmsl/ros_ws/src/gscam2'
[0.920s] INFO:colcon.colcon_core.shell:Skip shell extension 'powershell' for command environment: Not usable outside of PowerShell
[0.920s] DEBUG:colcon.colcon_core.shell:Skip shell extension 'dsv' for command environment
[0.931s] DEBUG:colcon.colcon_core.event_handler.log_command:Invoking command in '/home/laurus/workspace/gmsl/ros_ws/build/gscam2': CMAKE_PREFIX_PATH=/home/laurus/workspace/gmsl/ros_ws/install/ros2_shared:/home/laurus/workspace/gmsl/ros_ws/install/video_receiver:/home/laurus/workspace/gmsl/ros_ws/install/topic_tools:/home/laurus/workspace/gmsl/ros_ws/install/topic_tools_interfaces:/home/laurus/workspace/gmsl/ros_ws/install/gscam2:/home/laurus/workspace/gmsl/ros_ws/install/imu_ros2:/home/laurus/workspace/gmsl/ros_ws/install/imu_yaw:/opt/ros/humble /usr/bin/cmake /home/laurus/workspace/gmsl/ros_ws/src/gscam2 -DCMAKE_INSTALL_PREFIX=/home/laurus/workspace/gmsl/ros_ws/install/gscam2
[0.937s] DEBUG:colcon.colcon_core.event_handler.log_command:Invoked command in '/home/laurus/workspace/gmsl/ros_ws/build/imu_ros2' returned '0': CMAKE_PREFIX_PATH=${CMAKE_PREFIX_PATH}:/home/laurus/workspace/gmsl/ros_ws/install/imu_yaw:/opt/ros/humble /usr/bin/cmake --build /home/laurus/workspace/gmsl/ros_ws/build/imu_ros2 -- -j8 -l8
[1.173s] DEBUG:colcon.colcon_core.event_handler.log_command:Invoking command in '/home/laurus/workspace/gmsl/ros_ws/build/imu_ros2': CMAKE_PREFIX_PATH=${CMAKE_PREFIX_PATH}:/home/laurus/workspace/gmsl/ros_ws/install/imu_yaw:/opt/ros/humble /usr/bin/cmake --install /home/laurus/workspace/gmsl/ros_ws/build/imu_ros2
[1.323s] DEBUG:colcon.colcon_core.event_handler.log_command:Invoking command in '/home/laurus/workspace/gmsl/ros_ws/src/imu_yaw': PYTHONPATH=/home/laurus/workspace/gmsl/ros_ws/build/imu_yaw/prefix_override:/home/laurus/workspace/gmsl/ros_ws/install/imu_yaw/lib/python3.10/site-packages:${PYTHONPATH} /usr/bin/python3 -W ignore:setup.py install is deprecated setup.py egg_info --egg-base ../../build/imu_yaw build --build-base /home/laurus/workspace/gmsl/ros_ws/build/imu_yaw/build install --record /home/laurus/workspace/gmsl/ros_ws/build/imu_yaw/install.log --single-version-externally-managed install_data
[1.340s] Level 1:colcon.colcon_core.environment:create_environment_scripts_only(imu_ros2)
[1.341s] Level 1:colcon.colcon_core.environment:checking '/home/laurus/workspace/gmsl/ros_ws/install/imu_ros2' for CMake module files
[1.342s] DEBUG:colcon.colcon_core.event_handler.log_command:Invoked command in '/home/laurus/workspace/gmsl/ros_ws/build/imu_ros2' returned '0': CMAKE_PREFIX_PATH=${CMAKE_PREFIX_PATH}:/home/laurus/workspace/gmsl/ros_ws/install/imu_yaw:/opt/ros/humble /usr/bin/cmake --install /home/laurus/workspace/gmsl/ros_ws/build/imu_ros2
[1.343s] Level 1:colcon.colcon_core.environment:checking '/home/laurus/workspace/gmsl/ros_ws/install/imu_ros2' for CMake config files
[1.344s] Level 1:colcon.colcon_core.shell:create_environment_hook('imu_ros2', 'cmake_prefix_path')
[1.344s] INFO:colcon.colcon_core.shell:Creating environment hook '/home/laurus/workspace/gmsl/ros_ws/install/imu_ros2/share/imu_ros2/hook/cmake_prefix_path.ps1'
[1.345s] INFO:colcon.colcon_core.shell:Creating environment descriptor '/home/laurus/workspace/gmsl/ros_ws/install/imu_ros2/share/imu_ros2/hook/cmake_prefix_path.dsv'
[1.346s] INFO:colcon.colcon_core.shell:Creating environment hook '/home/laurus/workspace/gmsl/ros_ws/install/imu_ros2/share/imu_ros2/hook/cmake_prefix_path.sh'
[1.347s] Level 1:colcon.colcon_core.environment:checking '/home/laurus/workspace/gmsl/ros_ws/install/imu_ros2/lib'
[1.347s] Level 1:colcon.colcon_core.shell:create_environment_hook('imu_ros2', 'ld_library_path_lib')
[1.347s] INFO:colcon.colcon_core.shell:Creating environment hook '/home/laurus/workspace/gmsl/ros_ws/install/imu_ros2/share/imu_ros2/hook/ld_library_path_lib.ps1'
[1.348s] INFO:colcon.colcon_core.shell:Creating environment descriptor '/home/laurus/workspace/gmsl/ros_ws/install/imu_ros2/share/imu_ros2/hook/ld_library_path_lib.dsv'
[1.349s] INFO:colcon.colcon_core.shell:Creating environment hook '/home/laurus/workspace/gmsl/ros_ws/install/imu_ros2/share/imu_ros2/hook/ld_library_path_lib.sh'
[1.350s] Level 1:colcon.colcon_core.environment:checking '/home/laurus/workspace/gmsl/ros_ws/install/imu_ros2/bin'
[1.350s] Level 1:colcon.colcon_core.environment:checking '/home/laurus/workspace/gmsl/ros_ws/install/imu_ros2/lib/pkgconfig/imu_ros2.pc'
[1.351s] Level 1:colcon.colcon_core.environment:checking '/home/laurus/workspace/gmsl/ros_ws/install/imu_ros2/lib/python3.10/site-packages'
[1.351s] Level 1:colcon.colcon_core.environment:checking '/home/laurus/workspace/gmsl/ros_ws/install/imu_ros2/bin'
[1.352s] INFO:colcon.colcon_core.shell:Creating package script '/home/laurus/workspace/gmsl/ros_ws/install/imu_ros2/share/imu_ros2/package.ps1'
[1.353s] INFO:colcon.colcon_core.shell:Creating package descriptor '/home/laurus/workspace/gmsl/ros_ws/install/imu_ros2/share/imu_ros2/package.dsv'
[1.354s] INFO:colcon.colcon_core.shell:Creating package script '/home/laurus/workspace/gmsl/ros_ws/install/imu_ros2/share/imu_ros2/package.sh'
[1.355s] INFO:colcon.colcon_core.shell:Creating package script '/home/laurus/workspace/gmsl/ros_ws/install/imu_ros2/share/imu_ros2/package.bash'
[1.355s] INFO:colcon.colcon_core.shell:Creating package script '/home/laurus/workspace/gmsl/ros_ws/install/imu_ros2/share/imu_ros2/package.zsh'
[1.355s] Level 1:colcon.colcon_core.environment:create_file_with_runtime_dependencies(/home/laurus/workspace/gmsl/ros_ws/install/imu_ros2/share/colcon-core/packages/imu_ros2)
[1.592s] Level 1:colcon.colcon_core.environment:create_environment_scripts_only(imu_ros2)
[1.593s] Level 1:colcon.colcon_core.environment:checking '/home/laurus/workspace/gmsl/ros_ws/install/imu_ros2' for CMake module files
[1.593s] Level 1:colcon.colcon_core.environment:checking '/home/laurus/workspace/gmsl/ros_ws/install/imu_ros2' for CMake config files
[1.594s] Level 1:colcon.colcon_core.shell:create_environment_hook('imu_ros2', 'cmake_prefix_path')
[1.594s] INFO:colcon.colcon_core.shell:Creating environment hook '/home/laurus/workspace/gmsl/ros_ws/install/imu_ros2/share/imu_ros2/hook/cmake_prefix_path.ps1'
[1.595s] INFO:colcon.colcon_core.shell:Creating environment descriptor '/home/laurus/workspace/gmsl/ros_ws/install/imu_ros2/share/imu_ros2/hook/cmake_prefix_path.dsv'
[1.595s] INFO:colcon.colcon_core.shell:Creating environment hook '/home/laurus/workspace/gmsl/ros_ws/install/imu_ros2/share/imu_ros2/hook/cmake_prefix_path.sh'
[1.596s] Level 1:colcon.colcon_core.environment:checking '/home/laurus/workspace/gmsl/ros_ws/install/imu_ros2/lib'
[1.596s] Level 1:colcon.colcon_core.shell:create_environment_hook('imu_ros2', 'ld_library_path_lib')
[1.597s] INFO:colcon.colcon_core.shell:Creating environment hook '/home/laurus/workspace/gmsl/ros_ws/install/imu_ros2/share/imu_ros2/hook/ld_library_path_lib.ps1'
[1.597s] INFO:colcon.colcon_core.shell:Creating environment descriptor '/home/laurus/workspace/gmsl/ros_ws/install/imu_ros2/share/imu_ros2/hook/ld_library_path_lib.dsv'
[1.598s] INFO:colcon.colcon_core.shell:Creating environment hook '/home/laurus/workspace/gmsl/ros_ws/install/imu_ros2/share/imu_ros2/hook/ld_library_path_lib.sh'
[1.599s] Level 1:colcon.colcon_core.environment:checking '/home/laurus/workspace/gmsl/ros_ws/install/imu_ros2/bin'
[1.599s] Level 1:colcon.colcon_core.environment:checking '/home/laurus/workspace/gmsl/ros_ws/install/imu_ros2/lib/pkgconfig/imu_ros2.pc'
[1.599s] Level 1:colcon.colcon_core.environment:checking '/home/laurus/workspace/gmsl/ros_ws/install/imu_ros2/lib/python3.10/site-packages'
[1.599s] Level 1:colcon.colcon_core.environment:checking '/home/laurus/workspace/gmsl/ros_ws/install/imu_ros2/bin'
[1.600s] INFO:colcon.colcon_core.shell:Creating package script '/home/laurus/workspace/gmsl/ros_ws/install/imu_ros2/share/imu_ros2/package.ps1'
[1.600s] INFO:colcon.colcon_core.shell:Creating package descriptor '/home/laurus/workspace/gmsl/ros_ws/install/imu_ros2/share/imu_ros2/package.dsv'
[1.601s] INFO:colcon.colcon_core.shell:Creating package script '/home/laurus/workspace/gmsl/ros_ws/install/imu_ros2/share/imu_ros2/package.sh'
[1.602s] INFO:colcon.colcon_core.shell:Creating package script '/home/laurus/workspace/gmsl/ros_ws/install/imu_ros2/share/imu_ros2/package.bash'
[1.602s] INFO:colcon.colcon_core.shell:Creating package script '/home/laurus/workspace/gmsl/ros_ws/install/imu_ros2/share/imu_ros2/package.zsh'
[1.602s] Level 1:colcon.colcon_core.environment:create_file_with_runtime_dependencies(/home/laurus/workspace/gmsl/ros_ws/install/imu_ros2/share/colcon-core/packages/imu_ros2)
[1.731s] Level 1:colcon.colcon_core.environment:checking '/home/laurus/workspace/gmsl/ros_ws/install/imu_yaw' for CMake module files
[1.731s] DEBUG:colcon.colcon_core.event_handler.log_command:Invoked command in '/home/laurus/workspace/gmsl/ros_ws/src/imu_yaw' returned '0': PYTHONPATH=/home/laurus/workspace/gmsl/ros_ws/build/imu_yaw/prefix_override:/home/laurus/workspace/gmsl/ros_ws/install/imu_yaw/lib/python3.10/site-packages:${PYTHONPATH} /usr/bin/python3 -W ignore:setup.py install is deprecated setup.py egg_info --egg-base ../../build/imu_yaw build --build-base /home/laurus/workspace/gmsl/ros_ws/build/imu_yaw/build install --record /home/laurus/workspace/gmsl/ros_ws/build/imu_yaw/install.log --single-version-externally-managed install_data
[1.732s] Level 1:colcon.colcon_core.environment:checking '/home/laurus/workspace/gmsl/ros_ws/install/imu_yaw' for CMake config files
[1.733s] Level 1:colcon.colcon_core.environment:checking '/home/laurus/workspace/gmsl/ros_ws/install/imu_yaw/lib'
[1.733s] Level 1:colcon.colcon_core.environment:checking '/home/laurus/workspace/gmsl/ros_ws/install/imu_yaw/bin'
[1.733s] Level 1:colcon.colcon_core.environment:checking '/home/laurus/workspace/gmsl/ros_ws/install/imu_yaw/lib/pkgconfig/imu_yaw.pc'
[1.733s] Level 1:colcon.colcon_core.environment:checking '/home/laurus/workspace/gmsl/ros_ws/install/imu_yaw/lib/python3.10/site-packages'
[1.733s] Level 1:colcon.colcon_core.shell:create_environment_hook('imu_yaw', 'pythonpath')
[1.734s] INFO:colcon.colcon_core.shell:Creating environment hook '/home/laurus/workspace/gmsl/ros_ws/install/imu_yaw/share/imu_yaw/hook/pythonpath.ps1'
[1.734s] INFO:colcon.colcon_core.shell:Creating environment descriptor '/home/laurus/workspace/gmsl/ros_ws/install/imu_yaw/share/imu_yaw/hook/pythonpath.dsv'
[1.734s] INFO:colcon.colcon_core.shell:Creating environment hook '/home/laurus/workspace/gmsl/ros_ws/install/imu_yaw/share/imu_yaw/hook/pythonpath.sh'
[1.735s] Level 1:colcon.colcon_core.environment:checking '/home/laurus/workspace/gmsl/ros_ws/install/imu_yaw/bin'
[1.735s] Level 1:colcon.colcon_core.environment:create_environment_scripts_only(imu_yaw)
[1.736s] INFO:colcon.colcon_core.shell:Creating package script '/home/laurus/workspace/gmsl/ros_ws/install/imu_yaw/share/imu_yaw/package.ps1'
[1.736s] INFO:colcon.colcon_core.shell:Creating package descriptor '/home/laurus/workspace/gmsl/ros_ws/install/imu_yaw/share/imu_yaw/package.dsv'
[1.737s] INFO:colcon.colcon_core.shell:Creating package script '/home/laurus/workspace/gmsl/ros_ws/install/imu_yaw/share/imu_yaw/package.sh'
[1.737s] INFO:colcon.colcon_core.shell:Creating package script '/home/laurus/workspace/gmsl/ros_ws/install/imu_yaw/share/imu_yaw/package.bash'
[1.737s] INFO:colcon.colcon_core.shell:Creating package script '/home/laurus/workspace/gmsl/ros_ws/install/imu_yaw/share/imu_yaw/package.zsh'
[1.738s] Level 1:colcon.colcon_core.environment:create_file_with_runtime_dependencies(/home/laurus/workspace/gmsl/ros_ws/install/imu_yaw/share/colcon-core/packages/imu_yaw)
[2.625s] DEBUG:colcon.colcon_core.event_handler.log_command:Invoked command in '/home/laurus/workspace/gmsl/ros_ws/build/video_receiver' returned '0': CMAKE_PREFIX_PATH=${CMAKE_PREFIX_PATH}:/home/laurus/workspace/gmsl/ros_ws/install/imu_yaw:/opt/ros/humble /usr/bin/cmake /home/laurus/workspace/gmsl/ros_ws/src/video_receiver -DCMAKE_INSTALL_PREFIX=/home/laurus/workspace/gmsl/ros_ws/install/video_receiver
[2.627s] DEBUG:colcon.colcon_core.event_handler.log_command:Invoking command in '/home/laurus/workspace/gmsl/ros_ws/build/video_receiver': CMAKE_PREFIX_PATH=${CMAKE_PREFIX_PATH}:/home/laurus/workspace/gmsl/ros_ws/install/imu_yaw:/opt/ros/humble /usr/bin/cmake --build /home/laurus/workspace/gmsl/ros_ws/build/video_receiver -- -j8 -l8
[2.974s] DEBUG:colcon.colcon_core.event_handler.log_command:Invoked command in '/home/laurus/workspace/gmsl/ros_ws/build/gscam2' returned '0': CMAKE_PREFIX_PATH=/home/laurus/workspace/gmsl/ros_ws/install/ros2_shared:/home/laurus/workspace/gmsl/ros_ws/install/video_receiver:/home/laurus/workspace/gmsl/ros_ws/install/topic_tools:/home/laurus/workspace/gmsl/ros_ws/install/topic_tools_interfaces:/home/laurus/workspace/gmsl/ros_ws/install/gscam2:/home/laurus/workspace/gmsl/ros_ws/install/imu_ros2:/home/laurus/workspace/gmsl/ros_ws/install/imu_yaw:/opt/ros/humble /usr/bin/cmake /home/laurus/workspace/gmsl/ros_ws/src/gscam2 -DCMAKE_INSTALL_PREFIX=/home/laurus/workspace/gmsl/ros_ws/install/gscam2
[2.975s] DEBUG:colcon.colcon_core.event_handler.log_command:Invoking command in '/home/laurus/workspace/gmsl/ros_ws/build/gscam2': CMAKE_PREFIX_PATH=/home/laurus/workspace/gmsl/ros_ws/install/ros2_shared:/home/laurus/workspace/gmsl/ros_ws/install/video_receiver:/home/laurus/workspace/gmsl/ros_ws/install/topic_tools:/home/laurus/workspace/gmsl/ros_ws/install/topic_tools_interfaces:/home/laurus/workspace/gmsl/ros_ws/install/gscam2:/home/laurus/workspace/gmsl/ros_ws/install/imu_ros2:/home/laurus/workspace/gmsl/ros_ws/install/imu_yaw:/opt/ros/humble /usr/bin/cmake --build /home/laurus/workspace/gmsl/ros_ws/build/gscam2 -- -j8 -l8
[13.386s] DEBUG:colcon.colcon_core.event_handler.log_command:Invoked command in '/home/laurus/workspace/gmsl/ros_ws/build/video_receiver' returned '0': CMAKE_PREFIX_PATH=${CMAKE_PREFIX_PATH}:/home/laurus/workspace/gmsl/ros_ws/install/imu_yaw:/opt/ros/humble /usr/bin/cmake --build /home/laurus/workspace/gmsl/ros_ws/build/video_receiver -- -j8 -l8
[13.420s] DEBUG:colcon.colcon_core.event_handler.log_command:Invoking command in '/home/laurus/workspace/gmsl/ros_ws/build/video_receiver': CMAKE_PREFIX_PATH=${CMAKE_PREFIX_PATH}:/home/laurus/workspace/gmsl/ros_ws/install/imu_yaw:/opt/ros/humble /usr/bin/cmake --install /home/laurus/workspace/gmsl/ros_ws/build/video_receiver
[13.436s] Level 1:colcon.colcon_core.environment:create_environment_scripts_only(video_receiver)
[13.436s] Level 1:colcon.colcon_core.environment:checking '/home/laurus/workspace/gmsl/ros_ws/install/video_receiver' for CMake module files
[13.437s] DEBUG:colcon.colcon_core.event_handler.log_command:Invoked command in '/home/laurus/workspace/gmsl/ros_ws/build/video_receiver' returned '0': CMAKE_PREFIX_PATH=${CMAKE_PREFIX_PATH}:/home/laurus/workspace/gmsl/ros_ws/install/imu_yaw:/opt/ros/humble /usr/bin/cmake --install /home/laurus/workspace/gmsl/ros_ws/build/video_receiver
[13.437s] Level 1:colcon.colcon_core.environment:checking '/home/laurus/workspace/gmsl/ros_ws/install/video_receiver' for CMake config files
[13.438s] Level 1:colcon.colcon_core.shell:create_environment_hook('video_receiver', 'cmake_prefix_path')
[13.438s] INFO:colcon.colcon_core.shell:Creating environment hook '/home/laurus/workspace/gmsl/ros_ws/install/video_receiver/share/video_receiver/hook/cmake_prefix_path.ps1'
[13.439s] INFO:colcon.colcon_core.shell:Creating environment descriptor '/home/laurus/workspace/gmsl/ros_ws/install/video_receiver/share/video_receiver/hook/cmake_prefix_path.dsv'
[13.439s] INFO:colcon.colcon_core.shell:Creating environment hook '/home/laurus/workspace/gmsl/ros_ws/install/video_receiver/share/video_receiver/hook/cmake_prefix_path.sh'
[13.440s] Level 1:colcon.colcon_core.environment:checking '/home/laurus/workspace/gmsl/ros_ws/install/video_receiver/lib'
[13.440s] Level 1:colcon.colcon_core.environment:checking '/home/laurus/workspace/gmsl/ros_ws/install/video_receiver/bin'
[13.440s] Level 1:colcon.colcon_core.environment:checking '/home/laurus/workspace/gmsl/ros_ws/install/video_receiver/lib/pkgconfig/video_receiver.pc'
[13.440s] Level 1:colcon.colcon_core.environment:checking '/home/laurus/workspace/gmsl/ros_ws/install/video_receiver/lib/python3.10/site-packages'
[13.441s] Level 1:colcon.colcon_core.environment:checking '/home/laurus/workspace/gmsl/ros_ws/install/video_receiver/bin'
[13.441s] INFO:colcon.colcon_core.shell:Creating package script '/home/laurus/workspace/gmsl/ros_ws/install/video_receiver/share/video_receiver/package.ps1'
[13.442s] INFO:colcon.colcon_core.shell:Creating package descriptor '/home/laurus/workspace/gmsl/ros_ws/install/video_receiver/share/video_receiver/package.dsv'
[13.442s] INFO:colcon.colcon_core.shell:Creating package script '/home/laurus/workspace/gmsl/ros_ws/install/video_receiver/share/video_receiver/package.sh'
[13.443s] INFO:colcon.colcon_core.shell:Creating package script '/home/laurus/workspace/gmsl/ros_ws/install/video_receiver/share/video_receiver/package.bash'
[13.443s] INFO:colcon.colcon_core.shell:Creating package script '/home/laurus/workspace/gmsl/ros_ws/install/video_receiver/share/video_receiver/package.zsh'
[13.444s] Level 1:colcon.colcon_core.environment:create_file_with_runtime_dependencies(/home/laurus/workspace/gmsl/ros_ws/install/video_receiver/share/colcon-core/packages/video_receiver)
[13.476s] Level 1:colcon.colcon_core.environment:create_environment_scripts_only(video_receiver)
[13.476s] Level 1:colcon.colcon_core.environment:checking '/home/laurus/workspace/gmsl/ros_ws/install/video_receiver' for CMake module files
[13.477s] Level 1:colcon.colcon_core.environment:checking '/home/laurus/workspace/gmsl/ros_ws/install/video_receiver' for CMake config files
[13.477s] Level 1:colcon.colcon_core.shell:create_environment_hook('video_receiver', 'cmake_prefix_path')
[13.478s] INFO:colcon.colcon_core.shell:Creating environment hook '/home/laurus/workspace/gmsl/ros_ws/install/video_receiver/share/video_receiver/hook/cmake_prefix_path.ps1'
[13.478s] INFO:colcon.colcon_core.shell:Creating environment descriptor '/home/laurus/workspace/gmsl/ros_ws/install/video_receiver/share/video_receiver/hook/cmake_prefix_path.dsv'
[13.479s] INFO:colcon.colcon_core.shell:Creating environment hook '/home/laurus/workspace/gmsl/ros_ws/install/video_receiver/share/video_receiver/hook/cmake_prefix_path.sh'
[13.480s] Level 1:colcon.colcon_core.environment:checking '/home/laurus/workspace/gmsl/ros_ws/install/video_receiver/lib'
[13.480s] Level 1:colcon.colcon_core.environment:checking '/home/laurus/workspace/gmsl/ros_ws/install/video_receiver/bin'
[13.480s] Level 1:colcon.colcon_core.environment:checking '/home/laurus/workspace/gmsl/ros_ws/install/video_receiver/lib/pkgconfig/video_receiver.pc'
[13.480s] Level 1:colcon.colcon_core.environment:checking '/home/laurus/workspace/gmsl/ros_ws/install/video_receiver/lib/python3.10/site-packages'
[13.481s] Level 1:colcon.colcon_core.environment:checking '/home/laurus/workspace/gmsl/ros_ws/install/video_receiver/bin'
[13.481s] INFO:colcon.colcon_core.shell:Creating package script '/home/laurus/workspace/gmsl/ros_ws/install/video_receiver/share/video_receiver/package.ps1'
[13.482s] INFO:colcon.colcon_core.shell:Creating package descriptor '/home/laurus/workspace/gmsl/ros_ws/install/video_receiver/share/video_receiver/package.dsv'
[13.483s] INFO:colcon.colcon_core.shell:Creating package script '/home/laurus/workspace/gmsl/ros_ws/install/video_receiver/share/video_receiver/package.sh'
[13.484s] INFO:colcon.colcon_core.shell:Creating package script '/home/laurus/workspace/gmsl/ros_ws/install/video_receiver/share/video_receiver/package.bash'
[13.484s] INFO:colcon.colcon_core.shell:Creating package script '/home/laurus/workspace/gmsl/ros_ws/install/video_receiver/share/video_receiver/package.zsh'
[13.485s] Level 1:colcon.colcon_core.environment:create_file_with_runtime_dependencies(/home/laurus/workspace/gmsl/ros_ws/install/video_receiver/share/colcon-core/packages/video_receiver)
[21.700s] DEBUG:colcon.colcon_core.event_handler.log_command:Invoked command in '/home/laurus/workspace/gmsl/ros_ws/build/gscam2' returned '0': CMAKE_PREFIX_PATH=/home/laurus/workspace/gmsl/ros_ws/install/ros2_shared:/home/laurus/workspace/gmsl/ros_ws/install/video_receiver:/home/laurus/workspace/gmsl/ros_ws/install/topic_tools:/home/laurus/workspace/gmsl/ros_ws/install/topic_tools_interfaces:/home/laurus/workspace/gmsl/ros_ws/install/gscam2:/home/laurus/workspace/gmsl/ros_ws/install/imu_ros2:/home/laurus/workspace/gmsl/ros_ws/install/imu_yaw:/opt/ros/humble /usr/bin/cmake --build /home/laurus/workspace/gmsl/ros_ws/build/gscam2 -- -j8 -l8
[21.745s] DEBUG:colcon.colcon_core.event_handler.log_command:Invoking command in '/home/laurus/workspace/gmsl/ros_ws/build/gscam2': CMAKE_PREFIX_PATH=/home/laurus/workspace/gmsl/ros_ws/install/ros2_shared:/home/laurus/workspace/gmsl/ros_ws/install/video_receiver:/home/laurus/workspace/gmsl/ros_ws/install/topic_tools:/home/laurus/workspace/gmsl/ros_ws/install/topic_tools_interfaces:/home/laurus/workspace/gmsl/ros_ws/install/gscam2:/home/laurus/workspace/gmsl/ros_ws/install/imu_ros2:/home/laurus/workspace/gmsl/ros_ws/install/imu_yaw:/opt/ros/humble /usr/bin/cmake --install /home/laurus/workspace/gmsl/ros_ws/build/gscam2
[21.772s] Level 1:colcon.colcon_core.environment:create_environment_scripts_only(gscam2)
[21.772s] Level 1:colcon.colcon_core.environment:checking '/home/laurus/workspace/gmsl/ros_ws/install/gscam2' for CMake module files
[21.773s] DEBUG:colcon.colcon_core.event_handler.log_command:Invoked command in '/home/laurus/workspace/gmsl/ros_ws/build/gscam2' returned '0': CMAKE_PREFIX_PATH=/home/laurus/workspace/gmsl/ros_ws/install/ros2_shared:/home/laurus/workspace/gmsl/ros_ws/install/video_receiver:/home/laurus/workspace/gmsl/ros_ws/install/topic_tools:/home/laurus/workspace/gmsl/ros_ws/install/topic_tools_interfaces:/home/laurus/workspace/gmsl/ros_ws/install/gscam2:/home/laurus/workspace/gmsl/ros_ws/install/imu_ros2:/home/laurus/workspace/gmsl/ros_ws/install/imu_yaw:/opt/ros/humble /usr/bin/cmake --install /home/laurus/workspace/gmsl/ros_ws/build/gscam2
[21.773s] Level 1:colcon.colcon_core.environment:checking '/home/laurus/workspace/gmsl/ros_ws/install/gscam2' for CMake config files
[21.774s] Level 1:colcon.colcon_core.shell:create_environment_hook('gscam2', 'cmake_prefix_path')
[21.774s] INFO:colcon.colcon_core.shell:Creating environment hook '/home/laurus/workspace/gmsl/ros_ws/install/gscam2/share/gscam2/hook/cmake_prefix_path.ps1'
[21.774s] INFO:colcon.colcon_core.shell:Creating environment descriptor '/home/laurus/workspace/gmsl/ros_ws/install/gscam2/share/gscam2/hook/cmake_prefix_path.dsv'
[21.775s] INFO:colcon.colcon_core.shell:Creating environment hook '/home/laurus/workspace/gmsl/ros_ws/install/gscam2/share/gscam2/hook/cmake_prefix_path.sh'
[21.775s] Level 1:colcon.colcon_core.environment:checking '/home/laurus/workspace/gmsl/ros_ws/install/gscam2/lib'
[21.775s] Level 1:colcon.colcon_core.shell:create_environment_hook('gscam2', 'ld_library_path_lib')
[21.775s] INFO:colcon.colcon_core.shell:Creating environment hook '/home/laurus/workspace/gmsl/ros_ws/install/gscam2/share/gscam2/hook/ld_library_path_lib.ps1'
[21.776s] INFO:colcon.colcon_core.shell:Creating environment descriptor '/home/laurus/workspace/gmsl/ros_ws/install/gscam2/share/gscam2/hook/ld_library_path_lib.dsv'
[21.776s] INFO:colcon.colcon_core.shell:Creating environment hook '/home/laurus/workspace/gmsl/ros_ws/install/gscam2/share/gscam2/hook/ld_library_path_lib.sh'
[21.776s] Level 1:colcon.colcon_core.environment:checking '/home/laurus/workspace/gmsl/ros_ws/install/gscam2/bin'
[21.776s] Level 1:colcon.colcon_core.environment:checking '/home/laurus/workspace/gmsl/ros_ws/install/gscam2/lib/pkgconfig/gscam2.pc'
[21.777s] Level 1:colcon.colcon_core.environment:checking '/home/laurus/workspace/gmsl/ros_ws/install/gscam2/lib/python3.10/site-packages'
[21.777s] Level 1:colcon.colcon_core.environment:checking '/home/laurus/workspace/gmsl/ros_ws/install/gscam2/bin'
[21.777s] INFO:colcon.colcon_core.shell:Creating package script '/home/laurus/workspace/gmsl/ros_ws/install/gscam2/share/gscam2/package.ps1'
[21.778s] INFO:colcon.colcon_core.shell:Creating package descriptor '/home/laurus/workspace/gmsl/ros_ws/install/gscam2/share/gscam2/package.dsv'
[21.778s] INFO:colcon.colcon_core.shell:Creating package script '/home/laurus/workspace/gmsl/ros_ws/install/gscam2/share/gscam2/package.sh'
[21.778s] INFO:colcon.colcon_core.shell:Creating package script '/home/laurus/workspace/gmsl/ros_ws/install/gscam2/share/gscam2/package.bash'
[21.779s] INFO:colcon.colcon_core.shell:Creating package script '/home/laurus/workspace/gmsl/ros_ws/install/gscam2/share/gscam2/package.zsh'
[21.779s] Level 1:colcon.colcon_core.environment:create_file_with_runtime_dependencies(/home/laurus/workspace/gmsl/ros_ws/install/gscam2/share/colcon-core/packages/gscam2)
[21.823s] Level 1:colcon.colcon_core.environment:create_environment_scripts_only(gscam2)
[21.823s] Level 1:colcon.colcon_core.environment:checking '/home/laurus/workspace/gmsl/ros_ws/install/gscam2' for CMake module files
[21.824s] Level 1:colcon.colcon_core.environment:checking '/home/laurus/workspace/gmsl/ros_ws/install/gscam2' for CMake config files
[21.824s] Level 1:colcon.colcon_core.shell:create_environment_hook('gscam2', 'cmake_prefix_path')
[21.824s] INFO:colcon.colcon_core.shell:Creating environment hook '/home/laurus/workspace/gmsl/ros_ws/install/gscam2/share/gscam2/hook/cmake_prefix_path.ps1'
[21.825s] INFO:colcon.colcon_core.shell:Creating environment descriptor '/home/laurus/workspace/gmsl/ros_ws/install/gscam2/share/gscam2/hook/cmake_prefix_path.dsv'
[21.825s] INFO:colcon.colcon_core.shell:Creating environment hook '/home/laurus/workspace/gmsl/ros_ws/install/gscam2/share/gscam2/hook/cmake_prefix_path.sh'
[21.826s] Level 1:colcon.colcon_core.environment:checking '/home/laurus/workspace/gmsl/ros_ws/install/gscam2/lib'
[21.826s] Level 1:colcon.colcon_core.shell:create_environment_hook('gscam2', 'ld_library_path_lib')
[21.826s] INFO:colcon.colcon_core.shell:Creating environment hook '/home/laurus/workspace/gmsl/ros_ws/install/gscam2/share/gscam2/hook/ld_library_path_lib.ps1'
[21.826s] INFO:colcon.colcon_core.shell:Creating environment descriptor '/home/laurus/workspace/gmsl/ros_ws/install/gscam2/share/gscam2/hook/ld_library_path_lib.dsv'
[21.826s] INFO:colcon.colcon_core.shell:Creating environment hook '/home/laurus/workspace/gmsl/ros_ws/install/gscam2/share/gscam2/hook/ld_library_path_lib.sh'
[21.827s] Level 1:colcon.colcon_core.environment:checking '/home/laurus/workspace/gmsl/ros_ws/install/gscam2/bin'
[21.827s] Level 1:colcon.colcon_core.environment:checking '/home/laurus/workspace/gmsl/ros_ws/install/gscam2/lib/pkgconfig/gscam2.pc'
[21.827s] Level 1:colcon.colcon_core.environment:checking '/home/laurus/workspace/gmsl/ros_ws/install/gscam2/lib/python3.10/site-packages'
[21.827s] Level 1:colcon.colcon_core.environment:checking '/home/laurus/workspace/gmsl/ros_ws/install/gscam2/bin'
[21.828s] INFO:colcon.colcon_core.shell:Creating package script '/home/laurus/workspace/gmsl/ros_ws/install/gscam2/share/gscam2/package.ps1'
[21.828s] INFO:colcon.colcon_core.shell:Creating package descriptor '/home/laurus/workspace/gmsl/ros_ws/install/gscam2/share/gscam2/package.dsv'
[21.829s] INFO:colcon.colcon_core.shell:Creating package script '/home/laurus/workspace/gmsl/ros_ws/install/gscam2/share/gscam2/package.sh'
[21.829s] INFO:colcon.colcon_core.shell:Creating package script '/home/laurus/workspace/gmsl/ros_ws/install/gscam2/share/gscam2/package.bash'
[21.829s] INFO:colcon.colcon_core.shell:Creating package script '/home/laurus/workspace/gmsl/ros_ws/install/gscam2/share/gscam2/package.zsh'
[21.830s] Level 1:colcon.colcon_core.environment:create_file_with_runtime_dependencies(/home/laurus/workspace/gmsl/ros_ws/install/gscam2/share/colcon-core/packages/gscam2)
[21.830s] DEBUG:colcon.colcon_parallel_executor.executor.parallel:closing loop
[21.830s] DEBUG:colcon.colcon_parallel_executor.executor.parallel:loop closed
[21.830s] DEBUG:colcon.colcon_parallel_executor.executor.parallel:run_until_complete finished with '0'
[21.830s] DEBUG:colcon.colcon_core.event_reactor:joining thread
[21.836s] INFO:colcon.colcon_core.plugin_system:Skipping extension 'colcon_notification.desktop_notification.terminal_notifier': Not used on non-Darwin systems
[21.836s] INFO:colcon.colcon_core.plugin_system:Skipping extension 'colcon_notification.desktop_notification.win32': Not used on non-Windows systems
[21.836s] INFO:colcon.colcon_notification.desktop_notification:Sending desktop notification using 'notify2'
[21.846s] DEBUG:colcon.colcon_core.event_reactor:joined thread
[21.846s] INFO:colcon.colcon_core.shell:Creating prefix script '/home/laurus/workspace/gmsl/ros_ws/install/local_setup.ps1'
[21.847s] INFO:colcon.colcon_core.shell:Creating prefix util module '/home/laurus/workspace/gmsl/ros_ws/install/_local_setup_util_ps1.py'
[21.849s] INFO:colcon.colcon_core.shell:Creating prefix chain script '/home/laurus/workspace/gmsl/ros_ws/install/setup.ps1'
[21.851s] INFO:colcon.colcon_core.shell:Creating prefix script '/home/laurus/workspace/gmsl/ros_ws/install/local_setup.sh'
[21.851s] INFO:colcon.colcon_core.shell:Creating prefix util module '/home/laurus/workspace/gmsl/ros_ws/install/_local_setup_util_sh.py'
[21.852s] INFO:colcon.colcon_core.shell:Creating prefix chain script '/home/laurus/workspace/gmsl/ros_ws/install/setup.sh'
[21.853s] INFO:colcon.colcon_core.shell:Creating prefix script '/home/laurus/workspace/gmsl/ros_ws/install/local_setup.bash'
[21.853s] INFO:colcon.colcon_core.shell:Creating prefix chain script '/home/laurus/workspace/gmsl/ros_ws/install/setup.bash'
[21.854s] INFO:colcon.colcon_core.shell:Creating prefix script '/home/laurus/workspace/gmsl/ros_ws/install/local_setup.zsh'
[21.855s] INFO:colcon.colcon_core.shell:Creating prefix chain script '/home/laurus/workspace/gmsl/ros_ws/install/setup.zsh'
