[0.112s] DEBUG:colcon:Command line arguments: ['/usr/bin/colcon', 'build']
[0.112s] DEBUG:colcon:Parsed command line arguments: Namespace(log_base=None, log_level=None, verb_name='build', build_base='build', install_base='install', merge_install=False, symlink_install=False, test_result_base=None, continue_on_error=False, executor='parallel', parallel_workers=8, event_handlers=None, ignore_user_meta=False, metas=['./colcon.meta'], base_paths=['.'], packages_ignore=None, packages_ignore_regex=None, paths=None, packages_up_to=None, packages_up_to_regex=None, packages_above=None, packages_above_and_dependencies=None, packages_above_depth=None, packages_select_by_dep=None, packages_skip_by_dep=None, packages_skip_up_to=None, packages_select_build_failed=False, packages_skip_build_finished=False, packages_select_test_failures=False, packages_skip_test_passed=False, packages_select=None, packages_skip=None, packages_select_regex=None, packages_skip_regex=None, packages_start=None, packages_end=None, allow_overriding=[], cmake_args=None, cmake_target=None, cmake_target_skip_unavailable=False, cmake_clean_cache=False, cmake_clean_first=False, cmake_force_configure=False, ament_cmake_args=None, catkin_cmake_args=None, catkin_skip_building_tests=False, verb_parser=<colcon_defaults.argument_parser.defaults.DefaultArgumentsDecorator object at 0x77c738a45bd0>, verb_extension=<colcon_core.verb.build.BuildVerb object at 0x77c738b45b70>, main=<bound method BuildVerb.main of <colcon_core.verb.build.BuildVerb object at 0x77c738b45b70>>)
[0.299s] Level 1:colcon.colcon_core.package_discovery:discover_packages(colcon_meta) check parameters
[0.299s] Level 1:colcon.colcon_core.package_discovery:discover_packages(recursive) check parameters
[0.299s] Level 1:colcon.colcon_core.package_discovery:discover_packages(ignore) check parameters
[0.299s] Level 1:colcon.colcon_core.package_discovery:discover_packages(path) check parameters
[0.299s] Level 1:colcon.colcon_core.package_discovery:discover_packages(colcon_meta) discover
[0.299s] Level 1:colcon.colcon_core.package_discovery:discover_packages(recursive) discover
[0.299s] INFO:colcon.colcon_core.package_discovery:Crawling recursively for packages in '/home/laurus/workspace/gmsl/ros_ws'
[0.299s] Level 1:colcon.colcon_core.package_identification:_identify(.) by extensions ['ignore', 'ignore_ament_install']
[0.299s] Level 1:colcon.colcon_core.package_identification:_identify(.) by extension 'ignore'
[0.299s] Level 1:colcon.colcon_core.package_identification:_identify(.) by extension 'ignore_ament_install'
[0.299s] Level 1:colcon.colcon_core.package_identification:_identify(.) by extensions ['colcon_pkg']
[0.299s] Level 1:colcon.colcon_core.package_identification:_identify(.) by extension 'colcon_pkg'
[0.299s] Level 1:colcon.colcon_core.package_identification:_identify(.) by extensions ['colcon_meta']
[0.299s] Level 1:colcon.colcon_core.package_identification:_identify(.) by extension 'colcon_meta'
[0.300s] Level 1:colcon.colcon_core.package_identification:_identify(.) by extensions ['ros']
[0.300s] Level 1:colcon.colcon_core.package_identification:_identify(.) by extension 'ros'
[0.311s] Level 1:colcon.colcon_core.package_identification:_identify(.) by extensions ['cmake', 'python']
[0.311s] Level 1:colcon.colcon_core.package_identification:_identify(.) by extension 'cmake'
[0.311s] Level 1:colcon.colcon_core.package_identification:_identify(.) by extension 'python'
[0.311s] Level 1:colcon.colcon_core.package_identification:_identify(.) by extensions ['python_setup_py']
[0.311s] Level 1:colcon.colcon_core.package_identification:_identify(.) by extension 'python_setup_py'
[0.312s] Level 1:colcon.colcon_core.package_identification:_identify(build) by extensions ['ignore', 'ignore_ament_install']
[0.312s] Level 1:colcon.colcon_core.package_identification:_identify(build) by extension 'ignore'
[0.312s] Level 1:colcon.colcon_core.package_identification:_identify(build) ignored
[0.312s] Level 1:colcon.colcon_core.package_identification:_identify(install) by extensions ['ignore', 'ignore_ament_install']
[0.312s] Level 1:colcon.colcon_core.package_identification:_identify(install) by extension 'ignore'
[0.312s] Level 1:colcon.colcon_core.package_identification:_identify(install) ignored
[0.312s] Level 1:colcon.colcon_core.package_identification:_identify(log) by extensions ['ignore', 'ignore_ament_install']
[0.312s] Level 1:colcon.colcon_core.package_identification:_identify(log) by extension 'ignore'
[0.312s] Level 1:colcon.colcon_core.package_identification:_identify(log) ignored
[0.312s] Level 1:colcon.colcon_core.package_identification:_identify(src) by extensions ['ignore', 'ignore_ament_install']
[0.312s] Level 1:colcon.colcon_core.package_identification:_identify(src) by extension 'ignore'
[0.312s] Level 1:colcon.colcon_core.package_identification:_identify(src) by extension 'ignore_ament_install'
[0.313s] Level 1:colcon.colcon_core.package_identification:_identify(src) by extensions ['colcon_pkg']
[0.313s] Level 1:colcon.colcon_core.package_identification:_identify(src) by extension 'colcon_pkg'
[0.313s] Level 1:colcon.colcon_core.package_identification:_identify(src) by extensions ['colcon_meta']
[0.313s] Level 1:colcon.colcon_core.package_identification:_identify(src) by extension 'colcon_meta'
[0.313s] Level 1:colcon.colcon_core.package_identification:_identify(src) by extensions ['ros']
[0.313s] Level 1:colcon.colcon_core.package_identification:_identify(src) by extension 'ros'
[0.313s] Level 1:colcon.colcon_core.package_identification:_identify(src) by extensions ['cmake', 'python']
[0.313s] Level 1:colcon.colcon_core.package_identification:_identify(src) by extension 'cmake'
[0.313s] Level 1:colcon.colcon_core.package_identification:_identify(src) by extension 'python'
[0.313s] Level 1:colcon.colcon_core.package_identification:_identify(src) by extensions ['python_setup_py']
[0.313s] Level 1:colcon.colcon_core.package_identification:_identify(src) by extension 'python_setup_py'
[0.313s] Level 1:colcon.colcon_core.package_identification:_identify(src/gscam2) by extensions ['ignore', 'ignore_ament_install']
[0.313s] Level 1:colcon.colcon_core.package_identification:_identify(src/gscam2) by extension 'ignore'
[0.313s] Level 1:colcon.colcon_core.package_identification:_identify(src/gscam2) by extension 'ignore_ament_install'
[0.313s] Level 1:colcon.colcon_core.package_identification:_identify(src/gscam2) by extensions ['colcon_pkg']
[0.313s] Level 1:colcon.colcon_core.package_identification:_identify(src/gscam2) by extension 'colcon_pkg'
[0.313s] Level 1:colcon.colcon_core.package_identification:_identify(src/gscam2) by extensions ['colcon_meta']
[0.313s] Level 1:colcon.colcon_core.package_identification:_identify(src/gscam2) by extension 'colcon_meta'
[0.313s] Level 1:colcon.colcon_core.package_identification:_identify(src/gscam2) by extensions ['ros']
[0.313s] Level 1:colcon.colcon_core.package_identification:_identify(src/gscam2) by extension 'ros'
[0.317s] DEBUG:colcon.colcon_core.package_identification:Package 'src/gscam2' with type 'ros.ament_cmake' and name 'gscam2'
[0.317s] Level 1:colcon.colcon_core.package_identification:_identify(src/imu-ros2) by extensions ['ignore', 'ignore_ament_install']
[0.317s] Level 1:colcon.colcon_core.package_identification:_identify(src/imu-ros2) by extension 'ignore'
[0.317s] Level 1:colcon.colcon_core.package_identification:_identify(src/imu-ros2) by extension 'ignore_ament_install'
[0.317s] Level 1:colcon.colcon_core.package_identification:_identify(src/imu-ros2) by extensions ['colcon_pkg']
[0.317s] Level 1:colcon.colcon_core.package_identification:_identify(src/imu-ros2) by extension 'colcon_pkg'
[0.317s] Level 1:colcon.colcon_core.package_identification:_identify(src/imu-ros2) by extensions ['colcon_meta']
[0.317s] Level 1:colcon.colcon_core.package_identification:_identify(src/imu-ros2) by extension 'colcon_meta'
[0.317s] Level 1:colcon.colcon_core.package_identification:_identify(src/imu-ros2) by extensions ['ros']
[0.317s] Level 1:colcon.colcon_core.package_identification:_identify(src/imu-ros2) by extension 'ros'
[0.318s] DEBUG:colcon.colcon_core.package_identification:Package 'src/imu-ros2' with type 'ros.ament_cmake' and name 'imu_ros2'
[0.318s] Level 1:colcon.colcon_core.package_identification:_identify(src/imu_yaw) by extensions ['ignore', 'ignore_ament_install']
[0.318s] Level 1:colcon.colcon_core.package_identification:_identify(src/imu_yaw) by extension 'ignore'
[0.318s] Level 1:colcon.colcon_core.package_identification:_identify(src/imu_yaw) by extension 'ignore_ament_install'
[0.318s] Level 1:colcon.colcon_core.package_identification:_identify(src/imu_yaw) by extensions ['colcon_pkg']
[0.319s] Level 1:colcon.colcon_core.package_identification:_identify(src/imu_yaw) by extension 'colcon_pkg'
[0.319s] Level 1:colcon.colcon_core.package_identification:_identify(src/imu_yaw) by extensions ['colcon_meta']
[0.319s] Level 1:colcon.colcon_core.package_identification:_identify(src/imu_yaw) by extension 'colcon_meta'
[0.319s] Level 1:colcon.colcon_core.package_identification:_identify(src/imu_yaw) by extensions ['ros']
[0.319s] Level 1:colcon.colcon_core.package_identification:_identify(src/imu_yaw) by extension 'ros'
[0.319s] DEBUG:colcon.colcon_core.package_identification:Package 'src/imu_yaw' with type 'ros.ament_python' and name 'imu_yaw'
[0.319s] Level 1:colcon.colcon_core.package_identification:_identify(src/ros2_shared) by extensions ['ignore', 'ignore_ament_install']
[0.319s] Level 1:colcon.colcon_core.package_identification:_identify(src/ros2_shared) by extension 'ignore'
[0.319s] Level 1:colcon.colcon_core.package_identification:_identify(src/ros2_shared) by extension 'ignore_ament_install'
[0.320s] Level 1:colcon.colcon_core.package_identification:_identify(src/ros2_shared) by extensions ['colcon_pkg']
[0.320s] Level 1:colcon.colcon_core.package_identification:_identify(src/ros2_shared) by extension 'colcon_pkg'
[0.320s] Level 1:colcon.colcon_core.package_identification:_identify(src/ros2_shared) by extensions ['colcon_meta']
[0.320s] Level 1:colcon.colcon_core.package_identification:_identify(src/ros2_shared) by extension 'colcon_meta'
[0.320s] Level 1:colcon.colcon_core.package_identification:_identify(src/ros2_shared) by extensions ['ros']
[0.320s] Level 1:colcon.colcon_core.package_identification:_identify(src/ros2_shared) by extension 'ros'
[0.320s] DEBUG:colcon.colcon_core.package_identification:Package 'src/ros2_shared' with type 'ros.ament_cmake' and name 'ros2_shared'
[0.320s] Level 1:colcon.colcon_core.package_identification:_identify(src/video_receiver) by extensions ['ignore', 'ignore_ament_install']
[0.320s] Level 1:colcon.colcon_core.package_identification:_identify(src/video_receiver) by extension 'ignore'
[0.320s] Level 1:colcon.colcon_core.package_identification:_identify(src/video_receiver) by extension 'ignore_ament_install'
[0.321s] Level 1:colcon.colcon_core.package_identification:_identify(src/video_receiver) by extensions ['colcon_pkg']
[0.321s] Level 1:colcon.colcon_core.package_identification:_identify(src/video_receiver) by extension 'colcon_pkg'
[0.321s] Level 1:colcon.colcon_core.package_identification:_identify(src/video_receiver) by extensions ['colcon_meta']
[0.321s] Level 1:colcon.colcon_core.package_identification:_identify(src/video_receiver) by extension 'colcon_meta'
[0.321s] Level 1:colcon.colcon_core.package_identification:_identify(src/video_receiver) by extensions ['ros']
[0.321s] Level 1:colcon.colcon_core.package_identification:_identify(src/video_receiver) by extension 'ros'
[0.321s] DEBUG:colcon.colcon_core.package_identification:Package 'src/video_receiver' with type 'ros.ament_cmake' and name 'video_receiver'
[0.321s] Level 1:colcon.colcon_core.package_discovery:discover_packages(recursive) using defaults
[0.321s] Level 1:colcon.colcon_core.package_discovery:discover_packages(ignore) discover
[0.321s] Level 1:colcon.colcon_core.package_discovery:discover_packages(ignore) using defaults
[0.322s] Level 1:colcon.colcon_core.package_discovery:discover_packages(path) discover
[0.322s] Level 1:colcon.colcon_core.package_discovery:discover_packages(path) using defaults
[0.352s] Level 1:colcon.colcon_core.package_discovery:discover_packages(prefix_path) check parameters
[0.352s] Level 1:colcon.colcon_core.package_discovery:discover_packages(prefix_path) discover
[0.353s] WARNING:colcon.colcon_ros.prefix_path.ament:The path '/home/laurus/workspace/gmsl/ros_ws/install/topic_tools' in the environment variable AMENT_PREFIX_PATH doesn't exist
[0.353s] WARNING:colcon.colcon_ros.prefix_path.ament:The path '/home/laurus/workspace/gmsl/ros_ws/install/topic_tools_interfaces' in the environment variable AMENT_PREFIX_PATH doesn't exist
[0.354s] WARNING:colcon.colcon_ros.prefix_path.catkin:The path '/home/laurus/workspace/gmsl/ros_ws/install/topic_tools' in the environment variable CMAKE_PREFIX_PATH doesn't exist
[0.354s] WARNING:colcon.colcon_ros.prefix_path.catkin:The path '/home/laurus/workspace/gmsl/ros_ws/install/topic_tools_interfaces' in the environment variable CMAKE_PREFIX_PATH doesn't exist
[0.355s] DEBUG:colcon.colcon_installed_package_information.package_discovery:Found 5 installed packages in /home/laurus/workspace/gmsl/ros_ws/install
[0.356s] DEBUG:colcon.colcon_installed_package_information.package_discovery:Found 287 installed packages in /opt/ros/humble
[0.358s] Level 1:colcon.colcon_core.package_discovery:discover_packages(prefix_path) using defaults
[0.401s] Level 5:colcon.colcon_core.verb:set package 'imu_ros2' build argument 'cmake_args' from command line to 'None'
[0.401s] Level 5:colcon.colcon_core.verb:set package 'imu_ros2' build argument 'cmake_target' from command line to 'None'
[0.401s] Level 5:colcon.colcon_core.verb:set package 'imu_ros2' build argument 'cmake_target_skip_unavailable' from command line to 'False'
[0.401s] Level 5:colcon.colcon_core.verb:set package 'imu_ros2' build argument 'cmake_clean_cache' from command line to 'False'
[0.401s] Level 5:colcon.colcon_core.verb:set package 'imu_ros2' build argument 'cmake_clean_first' from command line to 'False'
[0.401s] Level 5:colcon.colcon_core.verb:set package 'imu_ros2' build argument 'cmake_force_configure' from command line to 'False'
[0.401s] Level 5:colcon.colcon_core.verb:set package 'imu_ros2' build argument 'ament_cmake_args' from command line to 'None'
[0.401s] Level 5:colcon.colcon_core.verb:set package 'imu_ros2' build argument 'catkin_cmake_args' from command line to 'None'
[0.401s] Level 5:colcon.colcon_core.verb:set package 'imu_ros2' build argument 'catkin_skip_building_tests' from command line to 'False'
[0.401s] DEBUG:colcon.colcon_core.verb:Building package 'imu_ros2' with the following arguments: {'ament_cmake_args': None, 'build_base': '/home/laurus/workspace/gmsl/ros_ws/build/imu_ros2', 'catkin_cmake_args': None, 'catkin_skip_building_tests': False, 'cmake_args': None, 'cmake_clean_cache': False, 'cmake_clean_first': False, 'cmake_force_configure': False, 'cmake_target': None, 'cmake_target_skip_unavailable': False, 'install_base': '/home/laurus/workspace/gmsl/ros_ws/install/imu_ros2', 'merge_install': False, 'path': '/home/laurus/workspace/gmsl/ros_ws/src/imu-ros2', 'symlink_install': False, 'test_result_base': None}
[0.401s] Level 5:colcon.colcon_core.verb:set package 'imu_yaw' build argument 'cmake_args' from command line to 'None'
[0.401s] Level 5:colcon.colcon_core.verb:set package 'imu_yaw' build argument 'cmake_target' from command line to 'None'
[0.401s] Level 5:colcon.colcon_core.verb:set package 'imu_yaw' build argument 'cmake_target_skip_unavailable' from command line to 'False'
[0.401s] Level 5:colcon.colcon_core.verb:set package 'imu_yaw' build argument 'cmake_clean_cache' from command line to 'False'
[0.401s] Level 5:colcon.colcon_core.verb:set package 'imu_yaw' build argument 'cmake_clean_first' from command line to 'False'
[0.401s] Level 5:colcon.colcon_core.verb:set package 'imu_yaw' build argument 'cmake_force_configure' from command line to 'False'
[0.401s] Level 5:colcon.colcon_core.verb:set package 'imu_yaw' build argument 'ament_cmake_args' from command line to 'None'
[0.401s] Level 5:colcon.colcon_core.verb:set package 'imu_yaw' build argument 'catkin_cmake_args' from command line to 'None'
[0.401s] Level 5:colcon.colcon_core.verb:set package 'imu_yaw' build argument 'catkin_skip_building_tests' from command line to 'False'
[0.402s] DEBUG:colcon.colcon_core.verb:Building package 'imu_yaw' with the following arguments: {'ament_cmake_args': None, 'build_base': '/home/laurus/workspace/gmsl/ros_ws/build/imu_yaw', 'catkin_cmake_args': None, 'catkin_skip_building_tests': False, 'cmake_args': None, 'cmake_clean_cache': False, 'cmake_clean_first': False, 'cmake_force_configure': False, 'cmake_target': None, 'cmake_target_skip_unavailable': False, 'install_base': '/home/laurus/workspace/gmsl/ros_ws/install/imu_yaw', 'merge_install': False, 'path': '/home/laurus/workspace/gmsl/ros_ws/src/imu_yaw', 'symlink_install': False, 'test_result_base': None}
[0.402s] Level 5:colcon.colcon_core.verb:set package 'ros2_shared' build argument 'cmake_args' from command line to 'None'
[0.402s] Level 5:colcon.colcon_core.verb:set package 'ros2_shared' build argument 'cmake_target' from command line to 'None'
[0.402s] Level 5:colcon.colcon_core.verb:set package 'ros2_shared' build argument 'cmake_target_skip_unavailable' from command line to 'False'
[0.402s] Level 5:colcon.colcon_core.verb:set package 'ros2_shared' build argument 'cmake_clean_cache' from command line to 'False'
[0.402s] Level 5:colcon.colcon_core.verb:set package 'ros2_shared' build argument 'cmake_clean_first' from command line to 'False'
[0.402s] Level 5:colcon.colcon_core.verb:set package 'ros2_shared' build argument 'cmake_force_configure' from command line to 'False'
[0.402s] Level 5:colcon.colcon_core.verb:set package 'ros2_shared' build argument 'ament_cmake_args' from command line to 'None'
[0.402s] Level 5:colcon.colcon_core.verb:set package 'ros2_shared' build argument 'catkin_cmake_args' from command line to 'None'
[0.402s] Level 5:colcon.colcon_core.verb:set package 'ros2_shared' build argument 'catkin_skip_building_tests' from command line to 'False'
[0.402s] DEBUG:colcon.colcon_core.verb:Building package 'ros2_shared' with the following arguments: {'ament_cmake_args': None, 'build_base': '/home/laurus/workspace/gmsl/ros_ws/build/ros2_shared', 'catkin_cmake_args': None, 'catkin_skip_building_tests': False, 'cmake_args': None, 'cmake_clean_cache': False, 'cmake_clean_first': False, 'cmake_force_configure': False, 'cmake_target': None, 'cmake_target_skip_unavailable': False, 'install_base': '/home/laurus/workspace/gmsl/ros_ws/install/ros2_shared', 'merge_install': False, 'path': '/home/laurus/workspace/gmsl/ros_ws/src/ros2_shared', 'symlink_install': False, 'test_result_base': None}
[0.402s] Level 5:colcon.colcon_core.verb:set package 'video_receiver' build argument 'cmake_args' from command line to 'None'
[0.403s] Level 5:colcon.colcon_core.verb:set package 'video_receiver' build argument 'cmake_target' from command line to 'None'
[0.403s] Level 5:colcon.colcon_core.verb:set package 'video_receiver' build argument 'cmake_target_skip_unavailable' from command line to 'False'
[0.403s] Level 5:colcon.colcon_core.verb:set package 'video_receiver' build argument 'cmake_clean_cache' from command line to 'False'
[0.403s] Level 5:colcon.colcon_core.verb:set package 'video_receiver' build argument 'cmake_clean_first' from command line to 'False'
[0.403s] Level 5:colcon.colcon_core.verb:set package 'video_receiver' build argument 'cmake_force_configure' from command line to 'False'
[0.403s] Level 5:colcon.colcon_core.verb:set package 'video_receiver' build argument 'ament_cmake_args' from command line to 'None'
[0.403s] Level 5:colcon.colcon_core.verb:set package 'video_receiver' build argument 'catkin_cmake_args' from command line to 'None'
[0.403s] Level 5:colcon.colcon_core.verb:set package 'video_receiver' build argument 'catkin_skip_building_tests' from command line to 'False'
[0.403s] DEBUG:colcon.colcon_core.verb:Building package 'video_receiver' with the following arguments: {'ament_cmake_args': None, 'build_base': '/home/laurus/workspace/gmsl/ros_ws/build/video_receiver', 'catkin_cmake_args': None, 'catkin_skip_building_tests': False, 'cmake_args': None, 'cmake_clean_cache': False, 'cmake_clean_first': False, 'cmake_force_configure': False, 'cmake_target': None, 'cmake_target_skip_unavailable': False, 'install_base': '/home/laurus/workspace/gmsl/ros_ws/install/video_receiver', 'merge_install': False, 'path': '/home/laurus/workspace/gmsl/ros_ws/src/video_receiver', 'symlink_install': False, 'test_result_base': None}
[0.403s] Level 5:colcon.colcon_core.verb:set package 'gscam2' build argument 'cmake_args' from command line to 'None'
[0.403s] Level 5:colcon.colcon_core.verb:set package 'gscam2' build argument 'cmake_target' from command line to 'None'
[0.403s] Level 5:colcon.colcon_core.verb:set package 'gscam2' build argument 'cmake_target_skip_unavailable' from command line to 'False'
[0.403s] Level 5:colcon.colcon_core.verb:set package 'gscam2' build argument 'cmake_clean_cache' from command line to 'False'
[0.403s] Level 5:colcon.colcon_core.verb:set package 'gscam2' build argument 'cmake_clean_first' from command line to 'False'
[0.403s] Level 5:colcon.colcon_core.verb:set package 'gscam2' build argument 'cmake_force_configure' from command line to 'False'
[0.403s] Level 5:colcon.colcon_core.verb:set package 'gscam2' build argument 'ament_cmake_args' from command line to 'None'
[0.403s] Level 5:colcon.colcon_core.verb:set package 'gscam2' build argument 'catkin_cmake_args' from command line to 'None'
[0.403s] Level 5:colcon.colcon_core.verb:set package 'gscam2' build argument 'catkin_skip_building_tests' from command line to 'False'
[0.403s] DEBUG:colcon.colcon_core.verb:Building package 'gscam2' with the following arguments: {'ament_cmake_args': None, 'build_base': '/home/laurus/workspace/gmsl/ros_ws/build/gscam2', 'catkin_cmake_args': None, 'catkin_skip_building_tests': False, 'cmake_args': None, 'cmake_clean_cache': False, 'cmake_clean_first': False, 'cmake_force_configure': False, 'cmake_target': None, 'cmake_target_skip_unavailable': False, 'install_base': '/home/laurus/workspace/gmsl/ros_ws/install/gscam2', 'merge_install': False, 'path': '/home/laurus/workspace/gmsl/ros_ws/src/gscam2', 'symlink_install': False, 'test_result_base': None}
[0.403s] INFO:colcon.colcon_core.executor:Executing jobs using 'parallel' executor
[0.404s] DEBUG:colcon.colcon_parallel_executor.executor.parallel:run_until_complete
[0.405s] INFO:colcon.colcon_ros.task.ament_cmake.build:Building ROS package in '/home/laurus/workspace/gmsl/ros_ws/src/ros2_shared' with build type 'ament_cmake'
[0.405s] INFO:colcon.colcon_cmake.task.cmake.build:Building CMake package in '/home/laurus/workspace/gmsl/ros_ws/src/ros2_shared'
[0.407s] INFO:colcon.colcon_core.plugin_system:Skipping extension 'colcon_core.shell.bat': Not used on non-Windows systems
[0.407s] INFO:colcon.colcon_core.shell:Skip shell extension 'powershell' for command environment: Not usable outside of PowerShell
[0.407s] DEBUG:colcon.colcon_core.shell:Skip shell extension 'dsv' for command environment
[0.411s] INFO:colcon.colcon_ros.task.ament_cmake.build:Building ROS package in '/home/laurus/workspace/gmsl/ros_ws/src/imu-ros2' with build type 'ament_cmake'
[0.411s] INFO:colcon.colcon_cmake.task.cmake.build:Building CMake package in '/home/laurus/workspace/gmsl/ros_ws/src/imu-ros2'
[0.411s] INFO:colcon.colcon_core.shell:Skip shell extension 'powershell' for command environment: Not usable outside of PowerShell
[0.411s] DEBUG:colcon.colcon_core.shell:Skip shell extension 'dsv' for command environment
[0.415s] INFO:colcon.colcon_ros.task.ament_python.build:Building ROS package in '/home/laurus/workspace/gmsl/ros_ws/src/imu_yaw' with build type 'ament_python'
[0.415s] Level 1:colcon.colcon_core.shell:create_environment_hook('imu_yaw', 'ament_prefix_path')
[0.415s] INFO:colcon.colcon_core.shell:Creating environment hook '/home/laurus/workspace/gmsl/ros_ws/install/imu_yaw/share/imu_yaw/hook/ament_prefix_path.ps1'
[0.416s] INFO:colcon.colcon_core.shell:Creating environment descriptor '/home/laurus/workspace/gmsl/ros_ws/install/imu_yaw/share/imu_yaw/hook/ament_prefix_path.dsv'
[0.416s] INFO:colcon.colcon_core.shell:Creating environment hook '/home/laurus/workspace/gmsl/ros_ws/install/imu_yaw/share/imu_yaw/hook/ament_prefix_path.sh'
[0.417s] INFO:colcon.colcon_core.shell:Skip shell extension 'powershell' for command environment: Not usable outside of PowerShell
[0.417s] DEBUG:colcon.colcon_core.shell:Skip shell extension 'dsv' for command environment
[0.420s] INFO:colcon.colcon_ros.task.ament_cmake.build:Building ROS package in '/home/laurus/workspace/gmsl/ros_ws/src/video_receiver' with build type 'ament_cmake'
[0.420s] INFO:colcon.colcon_cmake.task.cmake.build:Building CMake package in '/home/laurus/workspace/gmsl/ros_ws/src/video_receiver'
[0.421s] INFO:colcon.colcon_core.shell:Skip shell extension 'powershell' for command environment: Not usable outside of PowerShell
[0.421s] DEBUG:colcon.colcon_core.shell:Skip shell extension 'dsv' for command environment
[0.467s] DEBUG:colcon.colcon_core.event_handler.log_command:Invoking command in '/home/laurus/workspace/gmsl/ros_ws/build/ros2_shared': CMAKE_PREFIX_PATH=${CMAKE_PREFIX_PATH}:/home/laurus/workspace/gmsl/ros_ws/install/imu_yaw:/opt/ros/humble /usr/bin/cmake --build /home/laurus/workspace/gmsl/ros_ws/build/ros2_shared -- -j8 -l8
[0.470s] DEBUG:colcon.colcon_core.event_handler.log_command:Invoking command in '/home/laurus/workspace/gmsl/ros_ws/build/imu_ros2': CMAKE_PREFIX_PATH=${CMAKE_PREFIX_PATH}:/home/laurus/workspace/gmsl/ros_ws/install/imu_yaw:/opt/ros/humble /usr/bin/cmake --build /home/laurus/workspace/gmsl/ros_ws/build/imu_ros2 -- -j8 -l8
[0.826s] INFO:colcon.colcon_core.task.python.build:Building Python package in '/home/laurus/workspace/gmsl/ros_ws/src/imu_yaw'
[0.826s] INFO:colcon.colcon_core.shell:Skip shell extension 'powershell' for command environment: Not usable outside of PowerShell
[0.826s] DEBUG:colcon.colcon_core.shell:Skip shell extension 'dsv' for command environment
[0.839s] DEBUG:colcon.colcon_core.event_handler.log_command:Invoked command in '/home/laurus/workspace/gmsl/ros_ws/build/ros2_shared' returned '0': CMAKE_PREFIX_PATH=${CMAKE_PREFIX_PATH}:/home/laurus/workspace/gmsl/ros_ws/install/imu_yaw:/opt/ros/humble /usr/bin/cmake --build /home/laurus/workspace/gmsl/ros_ws/build/ros2_shared -- -j8 -l8
[0.843s] DEBUG:colcon.colcon_core.event_handler.log_command:Invoking command in '/home/laurus/workspace/gmsl/ros_ws/build/video_receiver': CMAKE_PREFIX_PATH=${CMAKE_PREFIX_PATH}:/home/laurus/workspace/gmsl/ros_ws/install/imu_yaw:/opt/ros/humble /usr/bin/cmake --build /home/laurus/workspace/gmsl/ros_ws/build/video_receiver -- -j8 -l8
[0.871s] DEBUG:colcon.colcon_core.event_handler.log_command:Invoking command in '/home/laurus/workspace/gmsl/ros_ws/build/ros2_shared': CMAKE_PREFIX_PATH=${CMAKE_PREFIX_PATH}:/home/laurus/workspace/gmsl/ros_ws/install/imu_yaw:/opt/ros/humble /usr/bin/cmake --install /home/laurus/workspace/gmsl/ros_ws/build/ros2_shared
[0.882s] Level 1:colcon.colcon_core.environment:create_environment_scripts_only(ros2_shared)
[0.884s] DEBUG:colcon.colcon_core.event_handler.log_command:Invoked command in '/home/laurus/workspace/gmsl/ros_ws/build/ros2_shared' returned '0': CMAKE_PREFIX_PATH=${CMAKE_PREFIX_PATH}:/home/laurus/workspace/gmsl/ros_ws/install/imu_yaw:/opt/ros/humble /usr/bin/cmake --install /home/laurus/workspace/gmsl/ros_ws/build/ros2_shared
[0.887s] Level 1:colcon.colcon_core.environment:checking '/home/laurus/workspace/gmsl/ros_ws/install/ros2_shared' for CMake module files
[0.887s] Level 1:colcon.colcon_core.environment:checking '/home/laurus/workspace/gmsl/ros_ws/install/ros2_shared' for CMake config files
[0.887s] Level 1:colcon.colcon_core.shell:create_environment_hook('ros2_shared', 'cmake_prefix_path')
[0.888s] INFO:colcon.colcon_core.shell:Creating environment hook '/home/laurus/workspace/gmsl/ros_ws/install/ros2_shared/share/ros2_shared/hook/cmake_prefix_path.ps1'
[0.888s] INFO:colcon.colcon_core.shell:Creating environment descriptor '/home/laurus/workspace/gmsl/ros_ws/install/ros2_shared/share/ros2_shared/hook/cmake_prefix_path.dsv'
[0.888s] INFO:colcon.colcon_core.shell:Creating environment hook '/home/laurus/workspace/gmsl/ros_ws/install/ros2_shared/share/ros2_shared/hook/cmake_prefix_path.sh'
[0.889s] Level 1:colcon.colcon_core.environment:checking '/home/laurus/workspace/gmsl/ros_ws/install/ros2_shared/bin'
[0.889s] Level 1:colcon.colcon_core.environment:checking '/home/laurus/workspace/gmsl/ros_ws/install/ros2_shared/lib/pkgconfig/ros2_shared.pc'
[0.889s] Level 1:colcon.colcon_core.environment:checking '/home/laurus/workspace/gmsl/ros_ws/install/ros2_shared/lib/python3.10/site-packages'
[0.890s] Level 1:colcon.colcon_core.environment:checking '/home/laurus/workspace/gmsl/ros_ws/install/ros2_shared/bin'
[0.890s] INFO:colcon.colcon_core.shell:Creating package script '/home/laurus/workspace/gmsl/ros_ws/install/ros2_shared/share/ros2_shared/package.ps1'
[0.891s] INFO:colcon.colcon_core.shell:Creating package descriptor '/home/laurus/workspace/gmsl/ros_ws/install/ros2_shared/share/ros2_shared/package.dsv'
[0.892s] INFO:colcon.colcon_core.shell:Creating package script '/home/laurus/workspace/gmsl/ros_ws/install/ros2_shared/share/ros2_shared/package.sh'
[0.893s] INFO:colcon.colcon_core.shell:Creating package script '/home/laurus/workspace/gmsl/ros_ws/install/ros2_shared/share/ros2_shared/package.bash'
[0.893s] INFO:colcon.colcon_core.shell:Creating package script '/home/laurus/workspace/gmsl/ros_ws/install/ros2_shared/share/ros2_shared/package.zsh'
[0.894s] Level 1:colcon.colcon_core.environment:create_file_with_runtime_dependencies(/home/laurus/workspace/gmsl/ros_ws/install/ros2_shared/share/colcon-core/packages/ros2_shared)
[0.920s] Level 1:colcon.colcon_core.environment:create_environment_scripts_only(ros2_shared)
[0.921s] Level 1:colcon.colcon_core.environment:checking '/home/laurus/workspace/gmsl/ros_ws/install/ros2_shared' for CMake module files
[0.921s] Level 1:colcon.colcon_core.environment:checking '/home/laurus/workspace/gmsl/ros_ws/install/ros2_shared' for CMake config files
[0.921s] Level 1:colcon.colcon_core.shell:create_environment_hook('ros2_shared', 'cmake_prefix_path')
[0.922s] INFO:colcon.colcon_core.shell:Creating environment hook '/home/laurus/workspace/gmsl/ros_ws/install/ros2_shared/share/ros2_shared/hook/cmake_prefix_path.ps1'
[0.922s] INFO:colcon.colcon_core.shell:Creating environment descriptor '/home/laurus/workspace/gmsl/ros_ws/install/ros2_shared/share/ros2_shared/hook/cmake_prefix_path.dsv'
[0.923s] INFO:colcon.colcon_core.shell:Creating environment hook '/home/laurus/workspace/gmsl/ros_ws/install/ros2_shared/share/ros2_shared/hook/cmake_prefix_path.sh'
[0.923s] Level 1:colcon.colcon_core.environment:checking '/home/laurus/workspace/gmsl/ros_ws/install/ros2_shared/bin'
[0.924s] Level 1:colcon.colcon_core.environment:checking '/home/laurus/workspace/gmsl/ros_ws/install/ros2_shared/lib/pkgconfig/ros2_shared.pc'
[0.924s] Level 1:colcon.colcon_core.environment:checking '/home/laurus/workspace/gmsl/ros_ws/install/ros2_shared/lib/python3.10/site-packages'
[0.924s] Level 1:colcon.colcon_core.environment:checking '/home/laurus/workspace/gmsl/ros_ws/install/ros2_shared/bin'
[0.924s] INFO:colcon.colcon_core.shell:Creating package script '/home/laurus/workspace/gmsl/ros_ws/install/ros2_shared/share/ros2_shared/package.ps1'
[0.925s] INFO:colcon.colcon_core.shell:Creating package descriptor '/home/laurus/workspace/gmsl/ros_ws/install/ros2_shared/share/ros2_shared/package.dsv'
[0.925s] INFO:colcon.colcon_core.shell:Creating package script '/home/laurus/workspace/gmsl/ros_ws/install/ros2_shared/share/ros2_shared/package.sh'
[0.926s] INFO:colcon.colcon_core.shell:Creating package script '/home/laurus/workspace/gmsl/ros_ws/install/ros2_shared/share/ros2_shared/package.bash'
[0.926s] INFO:colcon.colcon_core.shell:Creating package script '/home/laurus/workspace/gmsl/ros_ws/install/ros2_shared/share/ros2_shared/package.zsh'
[0.927s] Level 1:colcon.colcon_core.environment:create_file_with_runtime_dependencies(/home/laurus/workspace/gmsl/ros_ws/install/ros2_shared/share/colcon-core/packages/ros2_shared)
[0.927s] INFO:colcon.colcon_ros.task.ament_cmake.build:Building ROS package in '/home/laurus/workspace/gmsl/ros_ws/src/gscam2' with build type 'ament_cmake'
[0.927s] INFO:colcon.colcon_cmake.task.cmake.build:Building CMake package in '/home/laurus/workspace/gmsl/ros_ws/src/gscam2'
[0.928s] INFO:colcon.colcon_core.shell:Skip shell extension 'powershell' for command environment: Not usable outside of PowerShell
[0.928s] DEBUG:colcon.colcon_core.shell:Skip shell extension 'dsv' for command environment
[0.941s] DEBUG:colcon.colcon_core.event_handler.log_command:Invoking command in '/home/laurus/workspace/gmsl/ros_ws/build/gscam2': CMAKE_PREFIX_PATH=/home/laurus/workspace/gmsl/ros_ws/install/ros2_shared:/home/laurus/workspace/gmsl/ros_ws/install/video_receiver:/home/laurus/workspace/gmsl/ros_ws/install/topic_tools:/home/laurus/workspace/gmsl/ros_ws/install/topic_tools_interfaces:/home/laurus/workspace/gmsl/ros_ws/install/gscam2:/home/laurus/workspace/gmsl/ros_ws/install/imu_ros2:/home/laurus/workspace/gmsl/ros_ws/install/imu_yaw:/opt/ros/humble /usr/bin/cmake --build /home/laurus/workspace/gmsl/ros_ws/build/gscam2 -- -j8 -l8
[0.942s] DEBUG:colcon.colcon_core.event_handler.log_command:Invoked command in '/home/laurus/workspace/gmsl/ros_ws/build/video_receiver' returned '0': CMAKE_PREFIX_PATH=${CMAKE_PREFIX_PATH}:/home/laurus/workspace/gmsl/ros_ws/install/imu_yaw:/opt/ros/humble /usr/bin/cmake --build /home/laurus/workspace/gmsl/ros_ws/build/video_receiver -- -j8 -l8
[0.964s] DEBUG:colcon.colcon_core.event_handler.log_command:Invoked command in '/home/laurus/workspace/gmsl/ros_ws/build/imu_ros2' returned '0': CMAKE_PREFIX_PATH=${CMAKE_PREFIX_PATH}:/home/laurus/workspace/gmsl/ros_ws/install/imu_yaw:/opt/ros/humble /usr/bin/cmake --build /home/laurus/workspace/gmsl/ros_ws/build/imu_ros2 -- -j8 -l8
[0.973s] DEBUG:colcon.colcon_core.event_handler.log_command:Invoking command in '/home/laurus/workspace/gmsl/ros_ws/build/video_receiver': CMAKE_PREFIX_PATH=${CMAKE_PREFIX_PATH}:/home/laurus/workspace/gmsl/ros_ws/install/imu_yaw:/opt/ros/humble /usr/bin/cmake --install /home/laurus/workspace/gmsl/ros_ws/build/video_receiver
[0.995s] Level 1:colcon.colcon_core.environment:create_environment_scripts_only(video_receiver)
[0.996s] Level 1:colcon.colcon_core.environment:checking '/home/laurus/workspace/gmsl/ros_ws/install/video_receiver' for CMake module files
[0.997s] Level 1:colcon.colcon_core.environment:checking '/home/laurus/workspace/gmsl/ros_ws/install/video_receiver' for CMake config files
[0.997s] Level 1:colcon.colcon_core.shell:create_environment_hook('video_receiver', 'cmake_prefix_path')
[0.998s] INFO:colcon.colcon_core.shell:Creating environment hook '/home/laurus/workspace/gmsl/ros_ws/install/video_receiver/share/video_receiver/hook/cmake_prefix_path.ps1'
[0.998s] DEBUG:colcon.colcon_core.event_handler.log_command:Invoked command in '/home/laurus/workspace/gmsl/ros_ws/build/video_receiver' returned '0': CMAKE_PREFIX_PATH=${CMAKE_PREFIX_PATH}:/home/laurus/workspace/gmsl/ros_ws/install/imu_yaw:/opt/ros/humble /usr/bin/cmake --install /home/laurus/workspace/gmsl/ros_ws/build/video_receiver
[0.999s] INFO:colcon.colcon_core.shell:Creating environment descriptor '/home/laurus/workspace/gmsl/ros_ws/install/video_receiver/share/video_receiver/hook/cmake_prefix_path.dsv'
[1.000s] INFO:colcon.colcon_core.shell:Creating environment hook '/home/laurus/workspace/gmsl/ros_ws/install/video_receiver/share/video_receiver/hook/cmake_prefix_path.sh'
[1.001s] Level 1:colcon.colcon_core.environment:checking '/home/laurus/workspace/gmsl/ros_ws/install/video_receiver/lib'
[1.001s] Level 1:colcon.colcon_core.environment:checking '/home/laurus/workspace/gmsl/ros_ws/install/video_receiver/bin'
[1.001s] Level 1:colcon.colcon_core.environment:checking '/home/laurus/workspace/gmsl/ros_ws/install/video_receiver/lib/pkgconfig/video_receiver.pc'
[1.002s] Level 1:colcon.colcon_core.environment:checking '/home/laurus/workspace/gmsl/ros_ws/install/video_receiver/lib/python3.10/site-packages'
[1.002s] Level 1:colcon.colcon_core.environment:checking '/home/laurus/workspace/gmsl/ros_ws/install/video_receiver/bin'
[1.003s] INFO:colcon.colcon_core.shell:Creating package script '/home/laurus/workspace/gmsl/ros_ws/install/video_receiver/share/video_receiver/package.ps1'
[1.004s] INFO:colcon.colcon_core.shell:Creating package descriptor '/home/laurus/workspace/gmsl/ros_ws/install/video_receiver/share/video_receiver/package.dsv'
[1.004s] INFO:colcon.colcon_core.shell:Creating package script '/home/laurus/workspace/gmsl/ros_ws/install/video_receiver/share/video_receiver/package.sh'
[1.005s] INFO:colcon.colcon_core.shell:Creating package script '/home/laurus/workspace/gmsl/ros_ws/install/video_receiver/share/video_receiver/package.bash'
[1.006s] INFO:colcon.colcon_core.shell:Creating package script '/home/laurus/workspace/gmsl/ros_ws/install/video_receiver/share/video_receiver/package.zsh'
[1.006s] Level 1:colcon.colcon_core.environment:create_file_with_runtime_dependencies(/home/laurus/workspace/gmsl/ros_ws/install/video_receiver/share/colcon-core/packages/video_receiver)
[1.052s] Level 1:colcon.colcon_core.environment:create_environment_scripts_only(video_receiver)
[1.053s] Level 1:colcon.colcon_core.environment:checking '/home/laurus/workspace/gmsl/ros_ws/install/video_receiver' for CMake module files
[1.054s] Level 1:colcon.colcon_core.environment:checking '/home/laurus/workspace/gmsl/ros_ws/install/video_receiver' for CMake config files
[1.054s] Level 1:colcon.colcon_core.shell:create_environment_hook('video_receiver', 'cmake_prefix_path')
[1.054s] INFO:colcon.colcon_core.shell:Creating environment hook '/home/laurus/workspace/gmsl/ros_ws/install/video_receiver/share/video_receiver/hook/cmake_prefix_path.ps1'
[1.055s] INFO:colcon.colcon_core.shell:Creating environment descriptor '/home/laurus/workspace/gmsl/ros_ws/install/video_receiver/share/video_receiver/hook/cmake_prefix_path.dsv'
[1.055s] INFO:colcon.colcon_core.shell:Creating environment hook '/home/laurus/workspace/gmsl/ros_ws/install/video_receiver/share/video_receiver/hook/cmake_prefix_path.sh'
[1.056s] Level 1:colcon.colcon_core.environment:checking '/home/laurus/workspace/gmsl/ros_ws/install/video_receiver/lib'
[1.056s] Level 1:colcon.colcon_core.environment:checking '/home/laurus/workspace/gmsl/ros_ws/install/video_receiver/bin'
[1.056s] Level 1:colcon.colcon_core.environment:checking '/home/laurus/workspace/gmsl/ros_ws/install/video_receiver/lib/pkgconfig/video_receiver.pc'
[1.057s] Level 1:colcon.colcon_core.environment:checking '/home/laurus/workspace/gmsl/ros_ws/install/video_receiver/lib/python3.10/site-packages'
[1.058s] Level 1:colcon.colcon_core.environment:checking '/home/laurus/workspace/gmsl/ros_ws/install/video_receiver/bin'
[1.058s] INFO:colcon.colcon_core.shell:Creating package script '/home/laurus/workspace/gmsl/ros_ws/install/video_receiver/share/video_receiver/package.ps1'
[1.059s] INFO:colcon.colcon_core.shell:Creating package descriptor '/home/laurus/workspace/gmsl/ros_ws/install/video_receiver/share/video_receiver/package.dsv'
[1.060s] INFO:colcon.colcon_core.shell:Creating package script '/home/laurus/workspace/gmsl/ros_ws/install/video_receiver/share/video_receiver/package.sh'
[1.061s] INFO:colcon.colcon_core.shell:Creating package script '/home/laurus/workspace/gmsl/ros_ws/install/video_receiver/share/video_receiver/package.bash'
[1.061s] INFO:colcon.colcon_core.shell:Creating package script '/home/laurus/workspace/gmsl/ros_ws/install/video_receiver/share/video_receiver/package.zsh'
[1.062s] Level 1:colcon.colcon_core.environment:create_file_with_runtime_dependencies(/home/laurus/workspace/gmsl/ros_ws/install/video_receiver/share/colcon-core/packages/video_receiver)
[1.087s] DEBUG:colcon.colcon_core.event_handler.log_command:Invoked command in '/home/laurus/workspace/gmsl/ros_ws/build/gscam2' returned '0': CMAKE_PREFIX_PATH=/home/laurus/workspace/gmsl/ros_ws/install/ros2_shared:/home/laurus/workspace/gmsl/ros_ws/install/video_receiver:/home/laurus/workspace/gmsl/ros_ws/install/topic_tools:/home/laurus/workspace/gmsl/ros_ws/install/topic_tools_interfaces:/home/laurus/workspace/gmsl/ros_ws/install/gscam2:/home/laurus/workspace/gmsl/ros_ws/install/imu_ros2:/home/laurus/workspace/gmsl/ros_ws/install/imu_yaw:/opt/ros/humble /usr/bin/cmake --build /home/laurus/workspace/gmsl/ros_ws/build/gscam2 -- -j8 -l8
[1.137s] DEBUG:colcon.colcon_core.event_handler.log_command:Invoking command in '/home/laurus/workspace/gmsl/ros_ws/build/gscam2': CMAKE_PREFIX_PATH=/home/laurus/workspace/gmsl/ros_ws/install/ros2_shared:/home/laurus/workspace/gmsl/ros_ws/install/video_receiver:/home/laurus/workspace/gmsl/ros_ws/install/topic_tools:/home/laurus/workspace/gmsl/ros_ws/install/topic_tools_interfaces:/home/laurus/workspace/gmsl/ros_ws/install/gscam2:/home/laurus/workspace/gmsl/ros_ws/install/imu_ros2:/home/laurus/workspace/gmsl/ros_ws/install/imu_yaw:/opt/ros/humble /usr/bin/cmake --install /home/laurus/workspace/gmsl/ros_ws/build/gscam2
[1.151s] Level 1:colcon.colcon_core.environment:create_environment_scripts_only(gscam2)
[1.152s] Level 1:colcon.colcon_core.environment:checking '/home/laurus/workspace/gmsl/ros_ws/install/gscam2' for CMake module files
[1.153s] Level 1:colcon.colcon_core.environment:checking '/home/laurus/workspace/gmsl/ros_ws/install/gscam2' for CMake config files
[1.154s] DEBUG:colcon.colcon_core.event_handler.log_command:Invoked command in '/home/laurus/workspace/gmsl/ros_ws/build/gscam2' returned '0': CMAKE_PREFIX_PATH=/home/laurus/workspace/gmsl/ros_ws/install/ros2_shared:/home/laurus/workspace/gmsl/ros_ws/install/video_receiver:/home/laurus/workspace/gmsl/ros_ws/install/topic_tools:/home/laurus/workspace/gmsl/ros_ws/install/topic_tools_interfaces:/home/laurus/workspace/gmsl/ros_ws/install/gscam2:/home/laurus/workspace/gmsl/ros_ws/install/imu_ros2:/home/laurus/workspace/gmsl/ros_ws/install/imu_yaw:/opt/ros/humble /usr/bin/cmake --install /home/laurus/workspace/gmsl/ros_ws/build/gscam2
[1.155s] Level 1:colcon.colcon_core.shell:create_environment_hook('gscam2', 'cmake_prefix_path')
[1.155s] INFO:colcon.colcon_core.shell:Creating environment hook '/home/laurus/workspace/gmsl/ros_ws/install/gscam2/share/gscam2/hook/cmake_prefix_path.ps1'
[1.155s] INFO:colcon.colcon_core.shell:Creating environment descriptor '/home/laurus/workspace/gmsl/ros_ws/install/gscam2/share/gscam2/hook/cmake_prefix_path.dsv'
[1.156s] INFO:colcon.colcon_core.shell:Creating environment hook '/home/laurus/workspace/gmsl/ros_ws/install/gscam2/share/gscam2/hook/cmake_prefix_path.sh'
[1.156s] Level 1:colcon.colcon_core.environment:checking '/home/laurus/workspace/gmsl/ros_ws/install/gscam2/lib'
[1.156s] Level 1:colcon.colcon_core.shell:create_environment_hook('gscam2', 'ld_library_path_lib')
[1.157s] INFO:colcon.colcon_core.shell:Creating environment hook '/home/laurus/workspace/gmsl/ros_ws/install/gscam2/share/gscam2/hook/ld_library_path_lib.ps1'
[1.157s] INFO:colcon.colcon_core.shell:Creating environment descriptor '/home/laurus/workspace/gmsl/ros_ws/install/gscam2/share/gscam2/hook/ld_library_path_lib.dsv'
[1.158s] INFO:colcon.colcon_core.shell:Creating environment hook '/home/laurus/workspace/gmsl/ros_ws/install/gscam2/share/gscam2/hook/ld_library_path_lib.sh'
[1.158s] Level 1:colcon.colcon_core.environment:checking '/home/laurus/workspace/gmsl/ros_ws/install/gscam2/bin'
[1.158s] Level 1:colcon.colcon_core.environment:checking '/home/laurus/workspace/gmsl/ros_ws/install/gscam2/lib/pkgconfig/gscam2.pc'
[1.158s] Level 1:colcon.colcon_core.environment:checking '/home/laurus/workspace/gmsl/ros_ws/install/gscam2/lib/python3.10/site-packages'
[1.159s] Level 1:colcon.colcon_core.environment:checking '/home/laurus/workspace/gmsl/ros_ws/install/gscam2/bin'
[1.159s] INFO:colcon.colcon_core.shell:Creating package script '/home/laurus/workspace/gmsl/ros_ws/install/gscam2/share/gscam2/package.ps1'
[1.160s] INFO:colcon.colcon_core.shell:Creating package descriptor '/home/laurus/workspace/gmsl/ros_ws/install/gscam2/share/gscam2/package.dsv'
[1.160s] INFO:colcon.colcon_core.shell:Creating package script '/home/laurus/workspace/gmsl/ros_ws/install/gscam2/share/gscam2/package.sh'
[1.161s] INFO:colcon.colcon_core.shell:Creating package script '/home/laurus/workspace/gmsl/ros_ws/install/gscam2/share/gscam2/package.bash'
[1.161s] INFO:colcon.colcon_core.shell:Creating package script '/home/laurus/workspace/gmsl/ros_ws/install/gscam2/share/gscam2/package.zsh'
[1.161s] Level 1:colcon.colcon_core.environment:create_file_with_runtime_dependencies(/home/laurus/workspace/gmsl/ros_ws/install/gscam2/share/colcon-core/packages/gscam2)
[1.207s] Level 1:colcon.colcon_core.environment:create_environment_scripts_only(gscam2)
[1.207s] Level 1:colcon.colcon_core.environment:checking '/home/laurus/workspace/gmsl/ros_ws/install/gscam2' for CMake module files
[1.208s] Level 1:colcon.colcon_core.environment:checking '/home/laurus/workspace/gmsl/ros_ws/install/gscam2' for CMake config files
[1.208s] Level 1:colcon.colcon_core.shell:create_environment_hook('gscam2', 'cmake_prefix_path')
[1.209s] INFO:colcon.colcon_core.shell:Creating environment hook '/home/laurus/workspace/gmsl/ros_ws/install/gscam2/share/gscam2/hook/cmake_prefix_path.ps1'
[1.209s] INFO:colcon.colcon_core.shell:Creating environment descriptor '/home/laurus/workspace/gmsl/ros_ws/install/gscam2/share/gscam2/hook/cmake_prefix_path.dsv'
[1.210s] INFO:colcon.colcon_core.shell:Creating environment hook '/home/laurus/workspace/gmsl/ros_ws/install/gscam2/share/gscam2/hook/cmake_prefix_path.sh'
[1.210s] Level 1:colcon.colcon_core.environment:checking '/home/laurus/workspace/gmsl/ros_ws/install/gscam2/lib'
[1.210s] Level 1:colcon.colcon_core.shell:create_environment_hook('gscam2', 'ld_library_path_lib')
[1.211s] INFO:colcon.colcon_core.shell:Creating environment hook '/home/laurus/workspace/gmsl/ros_ws/install/gscam2/share/gscam2/hook/ld_library_path_lib.ps1'
[1.211s] INFO:colcon.colcon_core.shell:Creating environment descriptor '/home/laurus/workspace/gmsl/ros_ws/install/gscam2/share/gscam2/hook/ld_library_path_lib.dsv'
[1.212s] INFO:colcon.colcon_core.shell:Creating environment hook '/home/laurus/workspace/gmsl/ros_ws/install/gscam2/share/gscam2/hook/ld_library_path_lib.sh'
[1.212s] Level 1:colcon.colcon_core.environment:checking '/home/laurus/workspace/gmsl/ros_ws/install/gscam2/bin'
[1.212s] Level 1:colcon.colcon_core.environment:checking '/home/laurus/workspace/gmsl/ros_ws/install/gscam2/lib/pkgconfig/gscam2.pc'
[1.213s] Level 1:colcon.colcon_core.environment:checking '/home/laurus/workspace/gmsl/ros_ws/install/gscam2/lib/python3.10/site-packages'
[1.213s] Level 1:colcon.colcon_core.environment:checking '/home/laurus/workspace/gmsl/ros_ws/install/gscam2/bin'
[1.213s] INFO:colcon.colcon_core.shell:Creating package script '/home/laurus/workspace/gmsl/ros_ws/install/gscam2/share/gscam2/package.ps1'
[1.214s] INFO:colcon.colcon_core.shell:Creating package descriptor '/home/laurus/workspace/gmsl/ros_ws/install/gscam2/share/gscam2/package.dsv'
[1.215s] INFO:colcon.colcon_core.shell:Creating package script '/home/laurus/workspace/gmsl/ros_ws/install/gscam2/share/gscam2/package.sh'
[1.215s] INFO:colcon.colcon_core.shell:Creating package script '/home/laurus/workspace/gmsl/ros_ws/install/gscam2/share/gscam2/package.bash'
[1.216s] INFO:colcon.colcon_core.shell:Creating package script '/home/laurus/workspace/gmsl/ros_ws/install/gscam2/share/gscam2/package.zsh'
[1.216s] Level 1:colcon.colcon_core.environment:create_file_with_runtime_dependencies(/home/laurus/workspace/gmsl/ros_ws/install/gscam2/share/colcon-core/packages/gscam2)
[1.220s] DEBUG:colcon.colcon_core.event_handler.log_command:Invoking command in '/home/laurus/workspace/gmsl/ros_ws/build/imu_ros2': CMAKE_PREFIX_PATH=${CMAKE_PREFIX_PATH}:/home/laurus/workspace/gmsl/ros_ws/install/imu_yaw:/opt/ros/humble /usr/bin/cmake --install /home/laurus/workspace/gmsl/ros_ws/build/imu_ros2
[1.284s] Level 1:colcon.colcon_core.environment:create_environment_scripts_only(imu_ros2)
[1.285s] Level 1:colcon.colcon_core.environment:checking '/home/laurus/workspace/gmsl/ros_ws/install/imu_ros2' for CMake module files
[1.286s] DEBUG:colcon.colcon_core.event_handler.log_command:Invoked command in '/home/laurus/workspace/gmsl/ros_ws/build/imu_ros2' returned '0': CMAKE_PREFIX_PATH=${CMAKE_PREFIX_PATH}:/home/laurus/workspace/gmsl/ros_ws/install/imu_yaw:/opt/ros/humble /usr/bin/cmake --install /home/laurus/workspace/gmsl/ros_ws/build/imu_ros2
[1.286s] Level 1:colcon.colcon_core.environment:checking '/home/laurus/workspace/gmsl/ros_ws/install/imu_ros2' for CMake config files
[1.287s] Level 1:colcon.colcon_core.shell:create_environment_hook('imu_ros2', 'cmake_prefix_path')
[1.287s] INFO:colcon.colcon_core.shell:Creating environment hook '/home/laurus/workspace/gmsl/ros_ws/install/imu_ros2/share/imu_ros2/hook/cmake_prefix_path.ps1'
[1.288s] INFO:colcon.colcon_core.shell:Creating environment descriptor '/home/laurus/workspace/gmsl/ros_ws/install/imu_ros2/share/imu_ros2/hook/cmake_prefix_path.dsv'
[1.288s] INFO:colcon.colcon_core.shell:Creating environment hook '/home/laurus/workspace/gmsl/ros_ws/install/imu_ros2/share/imu_ros2/hook/cmake_prefix_path.sh'
[1.289s] Level 1:colcon.colcon_core.environment:checking '/home/laurus/workspace/gmsl/ros_ws/install/imu_ros2/lib'
[1.289s] Level 1:colcon.colcon_core.shell:create_environment_hook('imu_ros2', 'ld_library_path_lib')
[1.289s] INFO:colcon.colcon_core.shell:Creating environment hook '/home/laurus/workspace/gmsl/ros_ws/install/imu_ros2/share/imu_ros2/hook/ld_library_path_lib.ps1'
[1.290s] INFO:colcon.colcon_core.shell:Creating environment descriptor '/home/laurus/workspace/gmsl/ros_ws/install/imu_ros2/share/imu_ros2/hook/ld_library_path_lib.dsv'
[1.290s] INFO:colcon.colcon_core.shell:Creating environment hook '/home/laurus/workspace/gmsl/ros_ws/install/imu_ros2/share/imu_ros2/hook/ld_library_path_lib.sh'
[1.291s] Level 1:colcon.colcon_core.environment:checking '/home/laurus/workspace/gmsl/ros_ws/install/imu_ros2/bin'
[1.291s] Level 1:colcon.colcon_core.environment:checking '/home/laurus/workspace/gmsl/ros_ws/install/imu_ros2/lib/pkgconfig/imu_ros2.pc'
[1.291s] Level 1:colcon.colcon_core.environment:checking '/home/laurus/workspace/gmsl/ros_ws/install/imu_ros2/lib/python3.10/site-packages'
[1.292s] Level 1:colcon.colcon_core.environment:checking '/home/laurus/workspace/gmsl/ros_ws/install/imu_ros2/bin'
[1.292s] INFO:colcon.colcon_core.shell:Creating package script '/home/laurus/workspace/gmsl/ros_ws/install/imu_ros2/share/imu_ros2/package.ps1'
[1.293s] INFO:colcon.colcon_core.shell:Creating package descriptor '/home/laurus/workspace/gmsl/ros_ws/install/imu_ros2/share/imu_ros2/package.dsv'
[1.293s] INFO:colcon.colcon_core.shell:Creating package script '/home/laurus/workspace/gmsl/ros_ws/install/imu_ros2/share/imu_ros2/package.sh'
[1.294s] INFO:colcon.colcon_core.shell:Creating package script '/home/laurus/workspace/gmsl/ros_ws/install/imu_ros2/share/imu_ros2/package.bash'
[1.294s] INFO:colcon.colcon_core.shell:Creating package script '/home/laurus/workspace/gmsl/ros_ws/install/imu_ros2/share/imu_ros2/package.zsh'
[1.295s] Level 1:colcon.colcon_core.environment:create_file_with_runtime_dependencies(/home/laurus/workspace/gmsl/ros_ws/install/imu_ros2/share/colcon-core/packages/imu_ros2)
[1.347s] DEBUG:colcon.colcon_core.event_handler.log_command:Invoking command in '/home/laurus/workspace/gmsl/ros_ws/src/imu_yaw': PYTHONPATH=/home/laurus/workspace/gmsl/ros_ws/build/imu_yaw/prefix_override:/home/laurus/workspace/gmsl/ros_ws/install/imu_yaw/lib/python3.10/site-packages:${PYTHONPATH} /usr/bin/python3 -W ignore:setup.py install is deprecated setup.py egg_info --egg-base ../../build/imu_yaw build --build-base /home/laurus/workspace/gmsl/ros_ws/build/imu_yaw/build install --record /home/laurus/workspace/gmsl/ros_ws/build/imu_yaw/install.log --single-version-externally-managed install_data
[1.494s] Level 1:colcon.colcon_core.environment:create_environment_scripts_only(imu_ros2)
[1.494s] Level 1:colcon.colcon_core.environment:checking '/home/laurus/workspace/gmsl/ros_ws/install/imu_ros2' for CMake module files
[1.495s] Level 1:colcon.colcon_core.environment:checking '/home/laurus/workspace/gmsl/ros_ws/install/imu_ros2' for CMake config files
[1.496s] Level 1:colcon.colcon_core.shell:create_environment_hook('imu_ros2', 'cmake_prefix_path')
[1.497s] INFO:colcon.colcon_core.shell:Creating environment hook '/home/laurus/workspace/gmsl/ros_ws/install/imu_ros2/share/imu_ros2/hook/cmake_prefix_path.ps1'
[1.497s] INFO:colcon.colcon_core.shell:Creating environment descriptor '/home/laurus/workspace/gmsl/ros_ws/install/imu_ros2/share/imu_ros2/hook/cmake_prefix_path.dsv'
[1.497s] INFO:colcon.colcon_core.shell:Creating environment hook '/home/laurus/workspace/gmsl/ros_ws/install/imu_ros2/share/imu_ros2/hook/cmake_prefix_path.sh'
[1.498s] Level 1:colcon.colcon_core.environment:checking '/home/laurus/workspace/gmsl/ros_ws/install/imu_ros2/lib'
[1.498s] Level 1:colcon.colcon_core.shell:create_environment_hook('imu_ros2', 'ld_library_path_lib')
[1.499s] INFO:colcon.colcon_core.shell:Creating environment hook '/home/laurus/workspace/gmsl/ros_ws/install/imu_ros2/share/imu_ros2/hook/ld_library_path_lib.ps1'
[1.499s] INFO:colcon.colcon_core.shell:Creating environment descriptor '/home/laurus/workspace/gmsl/ros_ws/install/imu_ros2/share/imu_ros2/hook/ld_library_path_lib.dsv'
[1.499s] INFO:colcon.colcon_core.shell:Creating environment hook '/home/laurus/workspace/gmsl/ros_ws/install/imu_ros2/share/imu_ros2/hook/ld_library_path_lib.sh'
[1.500s] Level 1:colcon.colcon_core.environment:checking '/home/laurus/workspace/gmsl/ros_ws/install/imu_ros2/bin'
[1.500s] Level 1:colcon.colcon_core.environment:checking '/home/laurus/workspace/gmsl/ros_ws/install/imu_ros2/lib/pkgconfig/imu_ros2.pc'
[1.500s] Level 1:colcon.colcon_core.environment:checking '/home/laurus/workspace/gmsl/ros_ws/install/imu_ros2/lib/python3.10/site-packages'
[1.501s] Level 1:colcon.colcon_core.environment:checking '/home/laurus/workspace/gmsl/ros_ws/install/imu_ros2/bin'
[1.501s] INFO:colcon.colcon_core.shell:Creating package script '/home/laurus/workspace/gmsl/ros_ws/install/imu_ros2/share/imu_ros2/package.ps1'
[1.502s] INFO:colcon.colcon_core.shell:Creating package descriptor '/home/laurus/workspace/gmsl/ros_ws/install/imu_ros2/share/imu_ros2/package.dsv'
[1.502s] INFO:colcon.colcon_core.shell:Creating package script '/home/laurus/workspace/gmsl/ros_ws/install/imu_ros2/share/imu_ros2/package.sh'
[1.503s] INFO:colcon.colcon_core.shell:Creating package script '/home/laurus/workspace/gmsl/ros_ws/install/imu_ros2/share/imu_ros2/package.bash'
[1.503s] INFO:colcon.colcon_core.shell:Creating package script '/home/laurus/workspace/gmsl/ros_ws/install/imu_ros2/share/imu_ros2/package.zsh'
[1.504s] Level 1:colcon.colcon_core.environment:create_file_with_runtime_dependencies(/home/laurus/workspace/gmsl/ros_ws/install/imu_ros2/share/colcon-core/packages/imu_ros2)
[1.664s] Level 1:colcon.colcon_core.environment:checking '/home/laurus/workspace/gmsl/ros_ws/install/imu_yaw' for CMake module files
[1.665s] DEBUG:colcon.colcon_core.event_handler.log_command:Invoked command in '/home/laurus/workspace/gmsl/ros_ws/src/imu_yaw' returned '0': PYTHONPATH=/home/laurus/workspace/gmsl/ros_ws/build/imu_yaw/prefix_override:/home/laurus/workspace/gmsl/ros_ws/install/imu_yaw/lib/python3.10/site-packages:${PYTHONPATH} /usr/bin/python3 -W ignore:setup.py install is deprecated setup.py egg_info --egg-base ../../build/imu_yaw build --build-base /home/laurus/workspace/gmsl/ros_ws/build/imu_yaw/build install --record /home/laurus/workspace/gmsl/ros_ws/build/imu_yaw/install.log --single-version-externally-managed install_data
[1.666s] Level 1:colcon.colcon_core.environment:checking '/home/laurus/workspace/gmsl/ros_ws/install/imu_yaw' for CMake config files
[1.666s] Level 1:colcon.colcon_core.environment:checking '/home/laurus/workspace/gmsl/ros_ws/install/imu_yaw/lib'
[1.666s] Level 1:colcon.colcon_core.environment:checking '/home/laurus/workspace/gmsl/ros_ws/install/imu_yaw/bin'
[1.667s] Level 1:colcon.colcon_core.environment:checking '/home/laurus/workspace/gmsl/ros_ws/install/imu_yaw/lib/pkgconfig/imu_yaw.pc'
[1.667s] Level 1:colcon.colcon_core.environment:checking '/home/laurus/workspace/gmsl/ros_ws/install/imu_yaw/lib/python3.10/site-packages'
[1.667s] Level 1:colcon.colcon_core.shell:create_environment_hook('imu_yaw', 'pythonpath')
[1.667s] INFO:colcon.colcon_core.shell:Creating environment hook '/home/laurus/workspace/gmsl/ros_ws/install/imu_yaw/share/imu_yaw/hook/pythonpath.ps1'
[1.668s] INFO:colcon.colcon_core.shell:Creating environment descriptor '/home/laurus/workspace/gmsl/ros_ws/install/imu_yaw/share/imu_yaw/hook/pythonpath.dsv'
[1.668s] INFO:colcon.colcon_core.shell:Creating environment hook '/home/laurus/workspace/gmsl/ros_ws/install/imu_yaw/share/imu_yaw/hook/pythonpath.sh'
[1.669s] Level 1:colcon.colcon_core.environment:checking '/home/laurus/workspace/gmsl/ros_ws/install/imu_yaw/bin'
[1.669s] Level 1:colcon.colcon_core.environment:create_environment_scripts_only(imu_yaw)
[1.670s] INFO:colcon.colcon_core.shell:Creating package script '/home/laurus/workspace/gmsl/ros_ws/install/imu_yaw/share/imu_yaw/package.ps1'
[1.670s] INFO:colcon.colcon_core.shell:Creating package descriptor '/home/laurus/workspace/gmsl/ros_ws/install/imu_yaw/share/imu_yaw/package.dsv'
[1.671s] INFO:colcon.colcon_core.shell:Creating package script '/home/laurus/workspace/gmsl/ros_ws/install/imu_yaw/share/imu_yaw/package.sh'
[1.671s] INFO:colcon.colcon_core.shell:Creating package script '/home/laurus/workspace/gmsl/ros_ws/install/imu_yaw/share/imu_yaw/package.bash'
[1.672s] INFO:colcon.colcon_core.shell:Creating package script '/home/laurus/workspace/gmsl/ros_ws/install/imu_yaw/share/imu_yaw/package.zsh'
[1.672s] Level 1:colcon.colcon_core.environment:create_file_with_runtime_dependencies(/home/laurus/workspace/gmsl/ros_ws/install/imu_yaw/share/colcon-core/packages/imu_yaw)
[1.672s] DEBUG:colcon.colcon_parallel_executor.executor.parallel:closing loop
[1.672s] DEBUG:colcon.colcon_parallel_executor.executor.parallel:loop closed
[1.673s] DEBUG:colcon.colcon_parallel_executor.executor.parallel:run_until_complete finished with '0'
[1.673s] DEBUG:colcon.colcon_core.event_reactor:joining thread
[1.678s] INFO:colcon.colcon_core.plugin_system:Skipping extension 'colcon_notification.desktop_notification.terminal_notifier': Not used on non-Darwin systems
[1.678s] INFO:colcon.colcon_core.plugin_system:Skipping extension 'colcon_notification.desktop_notification.win32': Not used on non-Windows systems
[1.678s] INFO:colcon.colcon_notification.desktop_notification:Sending desktop notification using 'notify2'
[1.689s] DEBUG:colcon.colcon_core.event_reactor:joined thread
[1.689s] INFO:colcon.colcon_core.shell:Creating prefix script '/home/laurus/workspace/gmsl/ros_ws/install/local_setup.ps1'
[1.691s] INFO:colcon.colcon_core.shell:Creating prefix util module '/home/laurus/workspace/gmsl/ros_ws/install/_local_setup_util_ps1.py'
[1.693s] INFO:colcon.colcon_core.shell:Creating prefix chain script '/home/laurus/workspace/gmsl/ros_ws/install/setup.ps1'
[1.695s] INFO:colcon.colcon_core.shell:Creating prefix script '/home/laurus/workspace/gmsl/ros_ws/install/local_setup.sh'
[1.696s] INFO:colcon.colcon_core.shell:Creating prefix util module '/home/laurus/workspace/gmsl/ros_ws/install/_local_setup_util_sh.py'
[1.697s] INFO:colcon.colcon_core.shell:Creating prefix chain script '/home/laurus/workspace/gmsl/ros_ws/install/setup.sh'
[1.699s] INFO:colcon.colcon_core.shell:Creating prefix script '/home/laurus/workspace/gmsl/ros_ws/install/local_setup.bash'
[1.699s] INFO:colcon.colcon_core.shell:Creating prefix chain script '/home/laurus/workspace/gmsl/ros_ws/install/setup.bash'
[1.701s] INFO:colcon.colcon_core.shell:Creating prefix script '/home/laurus/workspace/gmsl/ros_ws/install/local_setup.zsh'
[1.702s] INFO:colcon.colcon_core.shell:Creating prefix chain script '/home/laurus/workspace/gmsl/ros_ws/install/setup.zsh'
