[35m[1mConsolidate compiler generated dependencies of target imu_ros2__rosidl_generator_c[0m
[35m[1mConsolidate compiler generated dependencies of target gtest_main[0m
[35m[1mConsolidate compiler generated dependencies of target gtest[0m
[  7%] Built target imu_ros2__rosidl_generator_c
[  8%] Built target imu_ros2__cpp
[ 10%] Built target gtest_main
[ 12%] Built target gtest
[ 12%] Built target ament_cmake_python_copy_imu_ros2
[35m[1mConsolidate compiler generated dependencies of target imu_ros2__rosidl_typesupport_cpp[0m
[35m[1mConsolidate compiler generated dependencies of target imu_ros2__rosidl_typesupport_introspection_c[0m
[35m[1mConsolidate compiler generated dependencies of target imu_ros2__rosidl_typesupport_fastrtps_cpp[0m
[35m[1mConsolidate compiler generated dependencies of target imu_ros2__rosidl_typesupport_c[0m
[35m[1mConsolidate compiler generated dependencies of target imu_ros2__rosidl_typesupport_fastrtps_c[0m
[35m[1mConsolidate compiler generated dependencies of target imu_ros2__rosidl_typesupport_introspection_cpp[0m
[ 20%] Built target imu_ros2__rosidl_typesupport_introspection_c
[ 27%] Built target imu_ros2__rosidl_typesupport_cpp
[ 35%] Built target imu_ros2__rosidl_typesupport_c
[ 42%] Built target imu_ros2__rosidl_typesupport_fastrtps_c
[ 50%] Built target imu_ros2__rosidl_typesupport_fastrtps_cpp
[ 57%] Built target imu_ros2__rosidl_typesupport_introspection_cpp
[35m[1mConsolidate compiler generated dependencies of target imu_ros2_test_node[0m
[35m[1mConsolidate compiler generated dependencies of target imu_ros2_node[0m
[ 57%] Built target imu_ros2
[ 67%] Built target imu_ros2_test_node
[ 68%] Built target imu_ros2__py
[35m[1mConsolidate compiler generated dependencies of target imu_ros2__rosidl_generator_py[0m
[ 87%] Built target imu_ros2_node
[ 93%] Built target imu_ros2__rosidl_generator_py
[35m[1mConsolidate compiler generated dependencies of target imu_ros2__rosidl_typesupport_fastrtps_c__pyext[0m
[35m[1mConsolidate compiler generated dependencies of target imu_ros2__rosidl_typesupport_c__pyext[0m
[35m[1mConsolidate compiler generated dependencies of target imu_ros2__rosidl_typesupport_introspection_c__pyext[0m
[ 95%] Built target imu_ros2__rosidl_typesupport_fastrtps_c__pyext
[ 97%] Built target imu_ros2__rosidl_typesupport_introspection_c__pyext
[100%] Built target imu_ros2__rosidl_typesupport_c__pyext
running egg_info
writing imu_ros2.egg-info/PKG-INFO
writing dependency_links to imu_ros2.egg-info/dependency_links.txt
writing top-level names to imu_ros2.egg-info/top_level.txt
reading manifest file 'imu_ros2.egg-info/SOURCES.txt'
writing manifest file 'imu_ros2.egg-info/SOURCES.txt'
[100%] Built target ament_cmake_python_build_imu_ros2_egg
