/home/laurus/workspace/gmsl/ros_ws/install/imu_yaw/lib/python3.10/site-packages/imu_yaw/yaw_mux4.py
/home/laurus/workspace/gmsl/ros_ws/install/imu_yaw/lib/python3.10/site-packages/imu_yaw/yaw_mux8.py
/home/laurus/workspace/gmsl/ros_ws/install/imu_yaw/lib/python3.10/site-packages/imu_yaw/__init__.py
/home/laurus/workspace/gmsl/ros_ws/install/imu_yaw/lib/python3.10/site-packages/imu_yaw/imu_pub.py
/home/laurus/workspace/gmsl/ros_ws/install/imu_yaw/lib/python3.10/site-packages/imu_yaw/imu_yaw.py
/home/laurus/workspace/gmsl/ros_ws/install/imu_yaw/lib/python3.10/site-packages/imu_yaw/__pycache__/yaw_mux4.cpython-310.pyc
/home/laurus/workspace/gmsl/ros_ws/install/imu_yaw/lib/python3.10/site-packages/imu_yaw/__pycache__/yaw_mux8.cpython-310.pyc
/home/laurus/workspace/gmsl/ros_ws/install/imu_yaw/lib/python3.10/site-packages/imu_yaw/__pycache__/__init__.cpython-310.pyc
/home/laurus/workspace/gmsl/ros_ws/install/imu_yaw/lib/python3.10/site-packages/imu_yaw/__pycache__/imu_pub.cpython-310.pyc
/home/laurus/workspace/gmsl/ros_ws/install/imu_yaw/lib/python3.10/site-packages/imu_yaw/__pycache__/imu_yaw.cpython-310.pyc
/home/laurus/workspace/gmsl/ros_ws/install/imu_yaw/share/ament_index/resource_index/packages/imu_yaw
/home/laurus/workspace/gmsl/ros_ws/install/imu_yaw/share/imu_yaw/package.xml
/home/laurus/workspace/gmsl/ros_ws/install/imu_yaw/share/imu_yaw/launch/gmsl_imu_4launch.py
/home/laurus/workspace/gmsl/ros_ws/install/imu_yaw/share/imu_yaw/launch/gmsl_imu_8_rtp_launch.py
/home/laurus/workspace/gmsl/ros_ws/install/imu_yaw/share/imu_yaw/launch/gmsl_imu_8launch.py
/home/laurus/workspace/gmsl/ros_ws/install/imu_yaw/lib/python3.10/site-packages/imu_yaw-0.0.0-py3.10.egg-info/dependency_links.txt
/home/laurus/workspace/gmsl/ros_ws/install/imu_yaw/lib/python3.10/site-packages/imu_yaw-0.0.0-py3.10.egg-info/top_level.txt
/home/laurus/workspace/gmsl/ros_ws/install/imu_yaw/lib/python3.10/site-packages/imu_yaw-0.0.0-py3.10.egg-info/zip-safe
/home/laurus/workspace/gmsl/ros_ws/install/imu_yaw/lib/python3.10/site-packages/imu_yaw-0.0.0-py3.10.egg-info/SOURCES.txt
/home/laurus/workspace/gmsl/ros_ws/install/imu_yaw/lib/python3.10/site-packages/imu_yaw-0.0.0-py3.10.egg-info/entry_points.txt
/home/laurus/workspace/gmsl/ros_ws/install/imu_yaw/lib/python3.10/site-packages/imu_yaw-0.0.0-py3.10.egg-info/PKG-INFO
/home/laurus/workspace/gmsl/ros_ws/install/imu_yaw/lib/python3.10/site-packages/imu_yaw-0.0.0-py3.10.egg-info/requires.txt
/home/laurus/workspace/gmsl/ros_ws/install/imu_yaw/lib/imu_yaw/imu_pub
/home/laurus/workspace/gmsl/ros_ws/install/imu_yaw/lib/imu_yaw/imu_yaw
/home/laurus/workspace/gmsl/ros_ws/install/imu_yaw/lib/imu_yaw/yaw_mux4
/home/laurus/workspace/gmsl/ros_ws/install/imu_yaw/lib/imu_yaw/yaw_mux8
