[  1%] [34m[1mGenerating C code for ROS interfaces[0m
[  2%] [34m[1mGenerating C++ code for ROS interfaces[0m
[  3%] [32mBuilding CXX object gtest/CMakeFiles/gtest_main.dir/src/gtest_main.cc.o[0m
[  4%] [32mBuilding CXX object gtest/CMakeFiles/gtest.dir/src/gtest-all.cc.o[0m
[  4%] Built target ament_cmake_python_copy_imu_ros2
running egg_info
creating imu_ros2.egg-info
writing imu_ros2.egg-info/PKG-INFO
writing dependency_links to imu_ros2.egg-info/dependency_links.txt
writing top-level names to imu_ros2.egg-info/top_level.txt
writing manifest file 'imu_ros2.egg-info/SOURCES.txt'
reading manifest file 'imu_ros2.egg-info/SOURCES.txt'
writing manifest file 'imu_ros2.egg-info/SOURCES.txt'
[  4%] Built target ament_cmake_python_build_imu_ros2_egg
[  5%] [32m[1mLinking CXX static library libgtest_main.a[0m
[  5%] Built target gtest_main
[  6%] [32mBuilding C object CMakeFiles/imu_ros2__rosidl_generator_c.dir/rosidl_generator_c/imu_ros2/msg/detail/imu_identification_data__functions.c.o[0m
[  7%] [32mBuilding C object CMakeFiles/imu_ros2__rosidl_generator_c.dir/rosidl_generator_c/imu_ros2/msg/detail/vel_ang_temp_data__functions.c.o[0m
[  8%] [32mBuilding C object CMakeFiles/imu_ros2__rosidl_generator_c.dir/rosidl_generator_c/imu_ros2/msg/detail/accel_gyro_temp_data__functions.c.o[0m
[  9%] [32mBuilding C object CMakeFiles/imu_ros2__rosidl_generator_c.dir/rosidl_generator_c/imu_ros2/msg/detail/imu_full_measured_data__functions.c.o[0m
[ 10%] [32mBuilding C object CMakeFiles/imu_ros2__rosidl_generator_c.dir/rosidl_generator_c/imu_ros2/msg/detail/imu_diag_data__functions.c.o[0m
[ 10%] Built target imu_ros2__cpp
[ 12%] [34m[1mGenerating C++ type support for eProsima Fast-RTPS[0m
[ 12%] [34m[1mGenerating C++ type support dispatch for ROS interfaces[0m
[ 13%] [34m[1mGenerating C++ introspection for ROS interfaces[0m
[ 14%] [32m[1mLinking C shared library libimu_ros2__rosidl_generator_c.so[0m
[ 14%] Built target imu_ros2__rosidl_generator_c
[ 15%] [34m[1mGenerating C type support dispatch for ROS interfaces[0m
[ 17%] [34m[1mGenerating C type support for eProsima Fast-RTPS[0m
[ 18%] [34m[1mGenerating C introspection for ROS interfaces[0m
[ 19%] [32mBuilding CXX object CMakeFiles/imu_ros2__rosidl_typesupport_fastrtps_c.dir/rosidl_typesupport_fastrtps_c/imu_ros2/msg/detail/imu_identification_data__type_support_c.cpp.o[0m
[ 20%] [32mBuilding CXX object CMakeFiles/imu_ros2__rosidl_typesupport_fastrtps_c.dir/rosidl_typesupport_fastrtps_c/imu_ros2/msg/detail/vel_ang_temp_data__type_support_c.cpp.o[0m
[ 21%] [32mBuilding CXX object CMakeFiles/imu_ros2__rosidl_typesupport_cpp.dir/rosidl_typesupport_cpp/imu_ros2/msg/imu_identification_data__type_support.cpp.o[0m
[ 22%] [32mBuilding CXX object CMakeFiles/imu_ros2__rosidl_typesupport_introspection_cpp.dir/rosidl_typesupport_introspection_cpp/imu_ros2/msg/detail/imu_identification_data__type_support.cpp.o[0m
[ 23%] [32mBuilding CXX object CMakeFiles/imu_ros2__rosidl_typesupport_c.dir/rosidl_typesupport_c/imu_ros2/msg/imu_identification_data__type_support.cpp.o[0m
[ 24%] [32mBuilding CXX object CMakeFiles/imu_ros2__rosidl_typesupport_c.dir/rosidl_typesupport_c/imu_ros2/msg/vel_ang_temp_data__type_support.cpp.o[0m
[ 25%] [32mBuilding CXX object CMakeFiles/imu_ros2__rosidl_typesupport_fastrtps_cpp.dir/rosidl_typesupport_fastrtps_cpp/imu_ros2/msg/detail/dds_fastrtps/imu_identification_data__type_support.cpp.o[0m
[ 26%] [32mBuilding CXX object CMakeFiles/imu_ros2__rosidl_typesupport_c.dir/rosidl_typesupport_c/imu_ros2/msg/imu_full_measured_data__type_support.cpp.o[0m
[ 27%] [32mBuilding CXX object CMakeFiles/imu_ros2__rosidl_typesupport_c.dir/rosidl_typesupport_c/imu_ros2/msg/accel_gyro_temp_data__type_support.cpp.o[0m
[ 28%] [32mBuilding C object CMakeFiles/imu_ros2__rosidl_typesupport_introspection_c.dir/rosidl_typesupport_introspection_c/imu_ros2/msg/detail/imu_identification_data__type_support.c.o[0m
[ 29%] [32mBuilding CXX object CMakeFiles/imu_ros2__rosidl_typesupport_c.dir/rosidl_typesupport_c/imu_ros2/msg/imu_diag_data__type_support.cpp.o[0m
[ 30%] [32mBuilding CXX object CMakeFiles/imu_ros2__rosidl_typesupport_fastrtps_cpp.dir/rosidl_typesupport_fastrtps_cpp/imu_ros2/msg/detail/dds_fastrtps/vel_ang_temp_data__type_support.cpp.o[0m
[ 31%] [32mBuilding C object CMakeFiles/imu_ros2__rosidl_typesupport_introspection_c.dir/rosidl_typesupport_introspection_c/imu_ros2/msg/detail/vel_ang_temp_data__type_support.c.o[0m
[ 32%] [32mBuilding CXX object CMakeFiles/imu_ros2__rosidl_typesupport_fastrtps_c.dir/rosidl_typesupport_fastrtps_c/imu_ros2/msg/detail/imu_full_measured_data__type_support_c.cpp.o[0m
[ 34%] [32m[1mLinking CXX shared library libimu_ros2__rosidl_typesupport_c.so[0m
[ 35%] [32mBuilding C object CMakeFiles/imu_ros2__rosidl_typesupport_introspection_c.dir/rosidl_typesupport_introspection_c/imu_ros2/msg/detail/imu_full_measured_data__type_support.c.o[0m
[ 36%] [32mBuilding CXX object CMakeFiles/imu_ros2__rosidl_typesupport_cpp.dir/rosidl_typesupport_cpp/imu_ros2/msg/vel_ang_temp_data__type_support.cpp.o[0m
[ 36%] Built target imu_ros2__rosidl_typesupport_c
[ 37%] [32mBuilding C object CMakeFiles/imu_ros2__rosidl_typesupport_introspection_c.dir/rosidl_typesupport_introspection_c/imu_ros2/msg/detail/accel_gyro_temp_data__type_support.c.o[0m
[ 38%] [32mBuilding CXX object CMakeFiles/imu_ros2__rosidl_typesupport_fastrtps_c.dir/rosidl_typesupport_fastrtps_c/imu_ros2/msg/detail/accel_gyro_temp_data__type_support_c.cpp.o[0m
[ 39%] [32mBuilding C object CMakeFiles/imu_ros2__rosidl_typesupport_introspection_c.dir/rosidl_typesupport_introspection_c/imu_ros2/msg/detail/imu_diag_data__type_support.c.o[0m
[ 40%] [32m[1mLinking C shared library libimu_ros2__rosidl_typesupport_introspection_c.so[0m
[ 41%] [32mBuilding CXX object CMakeFiles/imu_ros2__rosidl_typesupport_introspection_cpp.dir/rosidl_typesupport_introspection_cpp/imu_ros2/msg/detail/vel_ang_temp_data__type_support.cpp.o[0m
[ 41%] Built target imu_ros2__rosidl_typesupport_introspection_c
[ 42%] [32mBuilding CXX object CMakeFiles/imu_ros2__rosidl_typesupport_fastrtps_cpp.dir/rosidl_typesupport_fastrtps_cpp/imu_ros2/msg/detail/dds_fastrtps/imu_full_measured_data__type_support.cpp.o[0m
[ 43%] [32mBuilding CXX object CMakeFiles/imu_ros2__rosidl_typesupport_cpp.dir/rosidl_typesupport_cpp/imu_ros2/msg/imu_full_measured_data__type_support.cpp.o[0m
[ 44%] [32mBuilding CXX object CMakeFiles/imu_ros2__rosidl_typesupport_fastrtps_cpp.dir/rosidl_typesupport_fastrtps_cpp/imu_ros2/msg/detail/dds_fastrtps/accel_gyro_temp_data__type_support.cpp.o[0m
[ 45%] [32mBuilding CXX object CMakeFiles/imu_ros2__rosidl_typesupport_introspection_cpp.dir/rosidl_typesupport_introspection_cpp/imu_ros2/msg/detail/imu_full_measured_data__type_support.cpp.o[0m
[ 46%] [32mBuilding CXX object CMakeFiles/imu_ros2__rosidl_typesupport_introspection_cpp.dir/rosidl_typesupport_introspection_cpp/imu_ros2/msg/detail/accel_gyro_temp_data__type_support.cpp.o[0m
[ 47%] [32mBuilding CXX object CMakeFiles/imu_ros2__rosidl_typesupport_fastrtps_c.dir/rosidl_typesupport_fastrtps_c/imu_ros2/msg/detail/imu_diag_data__type_support_c.cpp.o[0m
[ 48%] [32mBuilding CXX object CMakeFiles/imu_ros2__rosidl_typesupport_fastrtps_cpp.dir/rosidl_typesupport_fastrtps_cpp/imu_ros2/msg/detail/dds_fastrtps/imu_diag_data__type_support.cpp.o[0m
[ 50%] [32mBuilding CXX object CMakeFiles/imu_ros2__rosidl_typesupport_cpp.dir/rosidl_typesupport_cpp/imu_ros2/msg/accel_gyro_temp_data__type_support.cpp.o[0m
[ 51%] [32mBuilding CXX object CMakeFiles/imu_ros2__rosidl_typesupport_introspection_cpp.dir/rosidl_typesupport_introspection_cpp/imu_ros2/msg/detail/imu_diag_data__type_support.cpp.o[0m
[ 52%] [32mBuilding CXX object CMakeFiles/imu_ros2__rosidl_typesupport_cpp.dir/rosidl_typesupport_cpp/imu_ros2/msg/imu_diag_data__type_support.cpp.o[0m
[ 53%] [32m[1mLinking CXX shared library libimu_ros2__rosidl_typesupport_fastrtps_c.so[0m
[ 53%] Built target imu_ros2__rosidl_typesupport_fastrtps_c
[ 54%] [32m[1mLinking CXX static library libgtest.a[0m
[ 55%] [32m[1mLinking CXX shared library libimu_ros2__rosidl_typesupport_fastrtps_cpp.so[0m
[ 56%] [32m[1mLinking CXX shared library libimu_ros2__rosidl_typesupport_cpp.so[0m
[ 56%] Built target gtest
[ 57%] [32m[1mLinking CXX shared library libimu_ros2__rosidl_typesupport_introspection_cpp.so[0m
[ 57%] Built target imu_ros2__rosidl_typesupport_cpp
[ 57%] Built target imu_ros2__rosidl_typesupport_fastrtps_cpp
[ 58%] [32mBuilding CXX object CMakeFiles/imu_ros2_node.dir/src/accelgyrotemp_ros_publisher.cpp.o[0m
[ 60%] [32mBuilding CXX object CMakeFiles/imu_ros2_node.dir/src/accelgyrotemp_data_provider.cpp.o[0m
[ 60%] [32mBuilding CXX object test/CMakeFiles/imu_ros2_test_node.dir/src/imu_subscriber_test.cpp.o[0m
[ 61%] [32mBuilding CXX object test/CMakeFiles/imu_ros2_test_node.dir/src/utest.cpp.o[0m
[ 62%] [32mBuilding CXX object CMakeFiles/imu_ros2_node.dir/src/imu_control_parameters.cpp.o[0m
[ 63%] [32mBuilding CXX object test/CMakeFiles/imu_ros2_test_node.dir/src/imu_full_measured_data_subscriber_test.cpp.o[0m
[ 64%] [32mBuilding CXX object CMakeFiles/imu_ros2_node.dir/src/iio_wrapper.cpp.o[0m
[ 64%] Built target imu_ros2__rosidl_typesupport_introspection_cpp
[ 65%] [32mBuilding CXX object test/CMakeFiles/imu_ros2_test_node.dir/src/imu_identification_subscriber_test.cpp.o[0m
[ 67%] [32mBuilding CXX object test/CMakeFiles/imu_ros2_test_node.dir/src/imu_diag_subscriber_test.cpp.o[0m
[ 67%] Built target imu_ros2
[ 68%] [32mBuilding CXX object CMakeFiles/imu_ros2_node.dir/src/imu_data_provider.cpp.o[0m
[ 69%] [32mBuilding CXX object test/CMakeFiles/imu_ros2_test_node.dir/src/velangtemp_subscriber_test.cpp.o[0m
[ 70%] [34m[1mGenerating Python code for ROS interfaces[0m
[ 71%] [32mBuilding CXX object test/CMakeFiles/imu_ros2_test_node.dir/src/accelgyrotemp_subscriber_test.cpp.o[0m
[ 72%] [32mBuilding CXX object CMakeFiles/imu_ros2_node.dir/src/imu_diag_data_provider.cpp.o[0m
[ 72%] Built target imu_ros2__py
[ 73%] [32mBuilding CXX object CMakeFiles/imu_ros2_node.dir/src/imu_diag_ros_publisher.cpp.o[0m
[ 74%] [32mBuilding CXX object test/CMakeFiles/imu_ros2_test_node.dir/__/src/iio_wrapper.cpp.o[0m
[ 75%] [32mBuilding CXX object CMakeFiles/imu_ros2_node.dir/src/imu_full_measured_data_provider.cpp.o[0m
[ 76%] [32mBuilding C object CMakeFiles/imu_ros2__rosidl_generator_py.dir/rosidl_generator_py/imu_ros2/msg/_imu_identification_data_s.c.o[0m
[ 77%] [32mBuilding C object CMakeFiles/imu_ros2__rosidl_generator_py.dir/rosidl_generator_py/imu_ros2/msg/_vel_ang_temp_data_s.c.o[0m
[ 78%] [32mBuilding C object CMakeFiles/imu_ros2__rosidl_generator_py.dir/rosidl_generator_py/imu_ros2/msg/_imu_full_measured_data_s.c.o[0m
[ 79%] [32mBuilding C object CMakeFiles/imu_ros2__rosidl_generator_py.dir/rosidl_generator_py/imu_ros2/msg/_accel_gyro_temp_data_s.c.o[0m
[ 80%] [32mBuilding C object CMakeFiles/imu_ros2__rosidl_generator_py.dir/rosidl_generator_py/imu_ros2/msg/_imu_diag_data_s.c.o[0m
[ 81%] [32m[1mLinking C shared library rosidl_generator_py/imu_ros2/libimu_ros2__rosidl_generator_py.so[0m
[ 82%] [32mBuilding CXX object CMakeFiles/imu_ros2_node.dir/src/imu_full_measured_data_ros_publisher.cpp.o[0m
[ 84%] [32mBuilding CXX object CMakeFiles/imu_ros2_node.dir/src/imu_identification_data_provider.cpp.o[0m
[ 84%] Built target imu_ros2__rosidl_generator_py
[ 85%] [32mBuilding C object CMakeFiles/imu_ros2__rosidl_typesupport_fastrtps_c__pyext.dir/rosidl_generator_py/imu_ros2/_imu_ros2_s.ep.rosidl_typesupport_fastrtps_c.c.o[0m
[ 86%] [32m[1mLinking C shared library rosidl_generator_py/imu_ros2/imu_ros2_s__rosidl_typesupport_fastrtps_c.cpython-310-x86_64-linux-gnu.so[0m
[ 86%] Built target imu_ros2__rosidl_typesupport_fastrtps_c__pyext
[ 87%] [32mBuilding C object CMakeFiles/imu_ros2__rosidl_typesupport_introspection_c__pyext.dir/rosidl_generator_py/imu_ros2/_imu_ros2_s.ep.rosidl_typesupport_introspection_c.c.o[0m
[ 88%] [32m[1mLinking C shared library rosidl_generator_py/imu_ros2/imu_ros2_s__rosidl_typesupport_introspection_c.cpython-310-x86_64-linux-gnu.so[0m
[ 88%] Built target imu_ros2__rosidl_typesupport_introspection_c__pyext
[ 89%] [32mBuilding C object CMakeFiles/imu_ros2__rosidl_typesupport_c__pyext.dir/rosidl_generator_py/imu_ros2/_imu_ros2_s.ep.rosidl_typesupport_c.c.o[0m
[ 90%] [32mBuilding CXX object CMakeFiles/imu_ros2_node.dir/src/imu_identification_ros_publisher.cpp.o[0m
[ 91%] [32m[1mLinking C shared library rosidl_generator_py/imu_ros2/imu_ros2_s__rosidl_typesupport_c.cpython-310-x86_64-linux-gnu.so[0m
[ 91%] Built target imu_ros2__rosidl_typesupport_c__pyext
[ 92%] [32mBuilding CXX object CMakeFiles/imu_ros2_node.dir/src/imu_ros2_node.cpp.o[0m
[ 93%] [32mBuilding CXX object CMakeFiles/imu_ros2_node.dir/src/imu_ros_publisher.cpp.o[0m
[ 94%] [32mBuilding CXX object CMakeFiles/imu_ros2_node.dir/src/ros_publisher_group.cpp.o[0m
[ 95%] [32mBuilding CXX object CMakeFiles/imu_ros2_node.dir/src/velangtemp_data_provider.cpp.o[0m
[ 96%] [32mBuilding CXX object CMakeFiles/imu_ros2_node.dir/src/velangtemp_ros_publisher.cpp.o[0m
[ 97%] [32mBuilding CXX object CMakeFiles/imu_ros2_node.dir/src/worker_thread.cpp.o[0m
[ 98%] [32m[1mLinking CXX executable imu_ros2_test_node[0m
[100%] [32m[1mLinking CXX executable imu_ros2_node[0m
[100%] Built target imu_ros2_test_node
[100%] Built target imu_ros2_node
