[35m[1mConsolidate compiler generated dependencies of target video_receiver[0m
[100%] Built target video_receiver
-- Install configuration: ""
-- Up-to-date: /home/laurus/workspace/gmsl/ros_ws/install/video_receiver/share/video_receiver/launch
-- Up-to-date: /home/laurus/workspace/gmsl/ros_ws/install/video_receiver/share/video_receiver/launch/rtp_video_launch.py
-- Up-to-date: /home/laurus/workspace/gmsl/ros_ws/install/video_receiver/lib/video_receiver/video_receiver
-- Up-to-date: /home/laurus/workspace/gmsl/ros_ws/install/video_receiver/share/ament_index/resource_index/package_run_dependencies/video_receiver
-- Up-to-date: /home/laurus/workspace/gmsl/ros_ws/install/video_receiver/share/ament_index/resource_index/parent_prefix_path/video_receiver
-- Up-to-date: /home/laurus/workspace/gmsl/ros_ws/install/video_receiver/share/video_receiver/environment/ament_prefix_path.sh
-- Up-to-date: /home/laurus/workspace/gmsl/ros_ws/install/video_receiver/share/video_receiver/environment/ament_prefix_path.dsv
-- Up-to-date: /home/laurus/workspace/gmsl/ros_ws/install/video_receiver/share/video_receiver/environment/path.sh
-- Up-to-date: /home/laurus/workspace/gmsl/ros_ws/install/video_receiver/share/video_receiver/environment/path.dsv
-- Up-to-date: /home/laurus/workspace/gmsl/ros_ws/install/video_receiver/share/video_receiver/local_setup.bash
-- Up-to-date: /home/laurus/workspace/gmsl/ros_ws/install/video_receiver/share/video_receiver/local_setup.sh
-- Up-to-date: /home/laurus/workspace/gmsl/ros_ws/install/video_receiver/share/video_receiver/local_setup.zsh
-- Up-to-date: /home/laurus/workspace/gmsl/ros_ws/install/video_receiver/share/video_receiver/local_setup.dsv
-- Installing: /home/laurus/workspace/gmsl/ros_ws/install/video_receiver/share/video_receiver/package.dsv
-- Up-to-date: /home/laurus/workspace/gmsl/ros_ws/install/video_receiver/share/ament_index/resource_index/packages/video_receiver
-- Up-to-date: /home/laurus/workspace/gmsl/ros_ws/install/video_receiver/share/video_receiver/cmake/video_receiverConfig.cmake
-- Up-to-date: /home/laurus/workspace/gmsl/ros_ws/install/video_receiver/share/video_receiver/cmake/video_receiverConfig-version.cmake
-- Up-to-date: /home/laurus/workspace/gmsl/ros_ws/install/video_receiver/share/video_receiver/package.xml
