[0.422s] Invoking command in '/home/laurus/workspace/gmsl/ros_ws/build/video_receiver': CMAKE_PREFIX_PATH=${CMAKE_PREFIX_PATH}:/home/laurus/workspace/gmsl/ros_ws/install/imu_yaw:/opt/ros/humble /usr/bin/cmake --build /home/laurus/workspace/gmsl/ros_ws/build/video_receiver -- -j8 -l8
[0.470s] [35m[1mConsolidate compiler generated dependencies of target video_receiver[0m
[0.502s] [100%] Built target video_receiver
[0.521s] Invoked command in '/home/laurus/workspace/gmsl/ros_ws/build/video_receiver' returned '0': CMAKE_PREFIX_PATH=${CMAKE_PREFIX_PATH}:/home/laurus/workspace/gmsl/ros_ws/install/imu_yaw:/opt/ros/humble /usr/bin/cmake --build /home/laurus/workspace/gmsl/ros_ws/build/video_receiver -- -j8 -l8
[0.551s] Invoking command in '/home/laurus/workspace/gmsl/ros_ws/build/video_receiver': CMAKE_PREFIX_PATH=${CMAKE_PREFIX_PATH}:/home/laurus/workspace/gmsl/ros_ws/install/imu_yaw:/opt/ros/humble /usr/bin/cmake --install /home/laurus/workspace/gmsl/ros_ws/build/video_receiver
[0.562s] -- Install configuration: ""
[0.564s] -- Up-to-date: /home/laurus/workspace/gmsl/ros_ws/install/video_receiver/share/video_receiver/launch
[0.564s] -- Up-to-date: /home/laurus/workspace/gmsl/ros_ws/install/video_receiver/share/video_receiver/launch/rtp_video_launch.py
[0.565s] -- Up-to-date: /home/laurus/workspace/gmsl/ros_ws/install/video_receiver/lib/video_receiver/video_receiver
[0.568s] -- Up-to-date: /home/laurus/workspace/gmsl/ros_ws/install/video_receiver/share/ament_index/resource_index/package_run_dependencies/video_receiver
[0.568s] -- Up-to-date: /home/laurus/workspace/gmsl/ros_ws/install/video_receiver/share/ament_index/resource_index/parent_prefix_path/video_receiver
[0.568s] -- Up-to-date: /home/laurus/workspace/gmsl/ros_ws/install/video_receiver/share/video_receiver/environment/ament_prefix_path.sh
[0.569s] -- Up-to-date: /home/laurus/workspace/gmsl/ros_ws/install/video_receiver/share/video_receiver/environment/ament_prefix_path.dsv
[0.569s] -- Up-to-date: /home/laurus/workspace/gmsl/ros_ws/install/video_receiver/share/video_receiver/environment/path.sh
[0.569s] -- Up-to-date: /home/laurus/workspace/gmsl/ros_ws/install/video_receiver/share/video_receiver/environment/path.dsv
[0.569s] -- Up-to-date: /home/laurus/workspace/gmsl/ros_ws/install/video_receiver/share/video_receiver/local_setup.bash
[0.569s] -- Up-to-date: /home/laurus/workspace/gmsl/ros_ws/install/video_receiver/share/video_receiver/local_setup.sh
[0.570s] -- Up-to-date: /home/laurus/workspace/gmsl/ros_ws/install/video_receiver/share/video_receiver/local_setup.zsh
[0.570s] -- Up-to-date: /home/laurus/workspace/gmsl/ros_ws/install/video_receiver/share/video_receiver/local_setup.dsv
[0.570s] -- Installing: /home/laurus/workspace/gmsl/ros_ws/install/video_receiver/share/video_receiver/package.dsv
[0.570s] -- Up-to-date: /home/laurus/workspace/gmsl/ros_ws/install/video_receiver/share/ament_index/resource_index/packages/video_receiver
[0.570s] -- Up-to-date: /home/laurus/workspace/gmsl/ros_ws/install/video_receiver/share/video_receiver/cmake/video_receiverConfig.cmake
[0.570s] -- Up-to-date: /home/laurus/workspace/gmsl/ros_ws/install/video_receiver/share/video_receiver/cmake/video_receiverConfig-version.cmake
[0.571s] -- Up-to-date: /home/laurus/workspace/gmsl/ros_ws/install/video_receiver/share/video_receiver/package.xml
[0.577s] Invoked command in '/home/laurus/workspace/gmsl/ros_ws/build/video_receiver' returned '0': CMAKE_PREFIX_PATH=${CMAKE_PREFIX_PATH}:/home/laurus/workspace/gmsl/ros_ws/install/imu_yaw:/opt/ros/humble /usr/bin/cmake --install /home/laurus/workspace/gmsl/ros_ws/build/video_receiver
