[0.383s] Invoking command in '/home/laurus/workspace/gmsl/ros_ws/build/video_receiver': CMAKE_PREFIX_PATH=${CMAKE_PREFIX_PATH}:/home/laurus/workspace/gmsl/ros_ws/install/imu_yaw:/opt/ros/humble /usr/bin/cmake /home/laurus/workspace/gmsl/ros_ws/src/video_receiver -DCMAKE_INSTALL_PREFIX=/home/laurus/workspace/gmsl/ros_ws/install/video_receiver
[0.460s] -- The C compiler identification is GNU 11.4.0
[0.539s] -- The CXX compiler identification is GNU 11.4.0
[0.547s] -- Detecting C compiler ABI info
[0.637s] -- Detecting C compiler ABI info - done
[0.649s] -- Check for working C compiler: /usr/bin/cc - skipped
[0.649s] -- Detecting C compile features
[0.650s] -- Detecting C compile features - done
[0.654s] -- Detecting CXX compiler ABI info
[0.763s] -- Detecting CXX compiler ABI info - done
[0.779s] -- Check for working CXX compiler: /usr/bin/c++ - skipped
[0.780s] -- Detecting CXX compile features
[0.781s] -- Detecting CXX compile features - done
[0.785s] -- Found ament_cmake: 1.3.8 (/opt/ros/humble/share/ament_cmake/cmake)
[1.028s] -- Found Python3: /usr/bin/python3 (found version "3.10.12") found components: Interpreter 
[1.145s] -- Found rclcpp: 16.0.8 (/opt/ros/humble/share/rclcpp/cmake)
[1.196s] -- Found rosidl_generator_c: 3.1.5 (/opt/ros/humble/share/rosidl_generator_c/cmake)
[1.202s] -- Found rosidl_adapter: 3.1.5 (/opt/ros/humble/share/rosidl_adapter/cmake)
[1.212s] -- Found rosidl_generator_cpp: 3.1.5 (/opt/ros/humble/share/rosidl_generator_cpp/cmake)
[1.229s] -- Using all available rosidl_typesupport_c: rosidl_typesupport_fastrtps_c;rosidl_typesupport_introspection_c
[1.256s] -- Using all available rosidl_typesupport_cpp: rosidl_typesupport_fastrtps_cpp;rosidl_typesupport_introspection_cpp
[1.344s] -- Found rmw_implementation_cmake: 6.1.1 (/opt/ros/humble/share/rmw_implementation_cmake/cmake)
[1.347s] -- Found rmw_fastrtps_cpp: 6.2.6 (/opt/ros/humble/share/rmw_fastrtps_cpp/cmake)
[1.459s] -- Found OpenSSL: /usr/lib/x86_64-linux-gnu/libcrypto.so (found version "3.0.2")  
[1.487s] -- Found FastRTPS: /opt/ros/humble/include  
[1.537s] -- Using RMW implementation 'rmw_fastrtps_cpp' as default
[1.548s] -- Looking for pthread.h
[1.627s] -- Looking for pthread.h - found
[1.628s] -- Performing Test CMAKE_HAVE_LIBC_PTHREAD
[1.706s] -- Performing Test CMAKE_HAVE_LIBC_PTHREAD - Success
[1.707s] -- Found Threads: TRUE  
[1.893s] -- Found sensor_msgs: 4.2.3 (/opt/ros/humble/share/sensor_msgs/cmake)
[2.046s] -- Found cv_bridge: 3.2.1 (/opt/ros/humble/share/cv_bridge/cmake)
[2.068s] -- Found OpenCV: /usr (found version "4.5.4") 
[2.072s] -- Found PkgConfig: /usr/bin/pkg-config (found version "0.29.2") 
[2.080s] -- Found ament_lint_auto: 0.12.10 (/opt/ros/humble/share/ament_lint_auto/cmake)
[2.165s] -- Added test 'cppcheck' to perform static code analysis on C / C++ code
[2.166s] -- Configured cppcheck include dirs: /home/laurus/workspace/gmsl/ros_ws/src/video_receiver/include
[2.166s] -- Configured cppcheck exclude dirs and/or files: 
[2.167s] -- Added test 'flake8' to check Python code syntax and style conventions
[2.168s] -- Added test 'lint_cmake' to check CMake code style
[2.168s] -- Added test 'pep257' to check Python code against some of the docstring style conventions in PEP 257
[2.169s] -- Added test 'uncrustify' to check C / C++ code style
[2.170s] -- Configured uncrustify additional arguments: 
[2.170s] -- Added test 'xmllint' to check XML markup files
[2.172s] -- Configuring done
[2.187s] -- Generating done
[2.188s] -- Build files have been written to: /home/laurus/workspace/gmsl/ros_ws/build/video_receiver
[2.199s] Invoked command in '/home/laurus/workspace/gmsl/ros_ws/build/video_receiver' returned '0': CMAKE_PREFIX_PATH=${CMAKE_PREFIX_PATH}:/home/laurus/workspace/gmsl/ros_ws/install/imu_yaw:/opt/ros/humble /usr/bin/cmake /home/laurus/workspace/gmsl/ros_ws/src/video_receiver -DCMAKE_INSTALL_PREFIX=/home/laurus/workspace/gmsl/ros_ws/install/video_receiver
[2.201s] Invoking command in '/home/laurus/workspace/gmsl/ros_ws/build/video_receiver': CMAKE_PREFIX_PATH=${CMAKE_PREFIX_PATH}:/home/laurus/workspace/gmsl/ros_ws/install/imu_yaw:/opt/ros/humble /usr/bin/cmake --build /home/laurus/workspace/gmsl/ros_ws/build/video_receiver -- -j8 -l8
[2.253s] [ 50%] [32mBuilding CXX object CMakeFiles/video_receiver.dir/src/video_receiver.cpp.o[0m
[12.199s] [100%] [32m[1mLinking CXX executable video_receiver[0m
[12.945s] [100%] Built target video_receiver
[12.960s] Invoked command in '/home/laurus/workspace/gmsl/ros_ws/build/video_receiver' returned '0': CMAKE_PREFIX_PATH=${CMAKE_PREFIX_PATH}:/home/laurus/workspace/gmsl/ros_ws/install/imu_yaw:/opt/ros/humble /usr/bin/cmake --build /home/laurus/workspace/gmsl/ros_ws/build/video_receiver -- -j8 -l8
[12.993s] Invoking command in '/home/laurus/workspace/gmsl/ros_ws/build/video_receiver': CMAKE_PREFIX_PATH=${CMAKE_PREFIX_PATH}:/home/laurus/workspace/gmsl/ros_ws/install/imu_yaw:/opt/ros/humble /usr/bin/cmake --install /home/laurus/workspace/gmsl/ros_ws/build/video_receiver
[13.002s] -- Install configuration: ""
[13.002s] -- Installing: /home/laurus/workspace/gmsl/ros_ws/install/video_receiver/share/video_receiver/launch
[13.002s] -- Installing: /home/laurus/workspace/gmsl/ros_ws/install/video_receiver/share/video_receiver/launch/rtp_video_launch.py
[13.002s] -- Installing: /home/laurus/workspace/gmsl/ros_ws/install/video_receiver/lib/video_receiver/video_receiver
[13.004s] -- Set runtime path of "/home/laurus/workspace/gmsl/ros_ws/install/video_receiver/lib/video_receiver/video_receiver" to ""
[13.004s] -- Installing: /home/laurus/workspace/gmsl/ros_ws/install/video_receiver/share/ament_index/resource_index/package_run_dependencies/video_receiver
[13.005s] -- Installing: /home/laurus/workspace/gmsl/ros_ws/install/video_receiver/share/ament_index/resource_index/parent_prefix_path/video_receiver
[13.006s] -- Installing: /home/laurus/workspace/gmsl/ros_ws/install/video_receiver/share/video_receiver/environment/ament_prefix_path.sh
[13.006s] -- Installing: /home/laurus/workspace/gmsl/ros_ws/install/video_receiver/share/video_receiver/environment/ament_prefix_path.dsv
[13.006s] -- Installing: /home/laurus/workspace/gmsl/ros_ws/install/video_receiver/share/video_receiver/environment/path.sh
[13.006s] -- Installing: /home/laurus/workspace/gmsl/ros_ws/install/video_receiver/share/video_receiver/environment/path.dsv
[13.006s] -- Installing: /home/laurus/workspace/gmsl/ros_ws/install/video_receiver/share/video_receiver/local_setup.bash
[13.006s] -- Installing: /home/laurus/workspace/gmsl/ros_ws/install/video_receiver/share/video_receiver/local_setup.sh
[13.006s] -- Installing: /home/laurus/workspace/gmsl/ros_ws/install/video_receiver/share/video_receiver/local_setup.zsh
[13.007s] -- Installing: /home/laurus/workspace/gmsl/ros_ws/install/video_receiver/share/video_receiver/local_setup.dsv
[13.007s] -- Installing: /home/laurus/workspace/gmsl/ros_ws/install/video_receiver/share/video_receiver/package.dsv
[13.007s] -- Installing: /home/laurus/workspace/gmsl/ros_ws/install/video_receiver/share/ament_index/resource_index/packages/video_receiver
[13.007s] -- Installing: /home/laurus/workspace/gmsl/ros_ws/install/video_receiver/share/video_receiver/cmake/video_receiverConfig.cmake
[13.007s] -- Installing: /home/laurus/workspace/gmsl/ros_ws/install/video_receiver/share/video_receiver/cmake/video_receiverConfig-version.cmake
[13.008s] -- Installing: /home/laurus/workspace/gmsl/ros_ws/install/video_receiver/share/video_receiver/package.xml
[13.011s] Invoked command in '/home/laurus/workspace/gmsl/ros_ws/build/video_receiver' returned '0': CMAKE_PREFIX_PATH=${CMAKE_PREFIX_PATH}:/home/laurus/workspace/gmsl/ros_ws/install/imu_yaw:/opt/ros/humble /usr/bin/cmake --install /home/laurus/workspace/gmsl/ros_ws/build/video_receiver
