[0.062s] Invoking command in '/home/laurus/workspace/gmsl/ros_ws/build/ros2_shared': CMAKE_PREFIX_PATH=${CMAKE_PREFIX_PATH}:/home/laurus/workspace/gmsl/ros_ws/install/imu_yaw:/opt/ros/humble /usr/bin/cmake --build /home/laurus/workspace/gmsl/ros_ws/build/ros2_shared -- -j8 -l8
[0.433s] Invoked command in '/home/laurus/workspace/gmsl/ros_ws/build/ros2_shared' returned '0': CMAKE_PREFIX_PATH=${CMAKE_PREFIX_PATH}:/home/laurus/workspace/gmsl/ros_ws/install/imu_yaw:/opt/ros/humble /usr/bin/cmake --build /home/laurus/workspace/gmsl/ros_ws/build/ros2_shared -- -j8 -l8
[0.465s] Invoking command in '/home/laurus/workspace/gmsl/ros_ws/build/ros2_shared': CMAKE_PREFIX_PATH=${CMAKE_PREFIX_PATH}:/home/laurus/workspace/gmsl/ros_ws/install/imu_yaw:/opt/ros/humble /usr/bin/cmake --install /home/laurus/workspace/gmsl/ros_ws/build/ros2_shared
[0.474s] -- Install configuration: ""
[0.474s] -- Up-to-date: /home/laurus/workspace/gmsl/ros_ws/install/ros2_shared/include
[0.474s] -- Up-to-date: /home/laurus/workspace/gmsl/ros_ws/install/ros2_shared/include/ros2_shared
[0.474s] -- Up-to-date: /home/laurus/workspace/gmsl/ros_ws/install/ros2_shared/include/ros2_shared/string_printf.hpp
[0.474s] -- Up-to-date: /home/laurus/workspace/gmsl/ros_ws/install/ros2_shared/include/ros2_shared/context_macros.hpp
[0.474s] -- Up-to-date: /home/laurus/workspace/gmsl/ros_ws/install/ros2_shared/include/ros2_shared/param_macros.hpp
[0.475s] -- Up-to-date: /home/laurus/workspace/gmsl/ros_ws/install/ros2_shared/share/ament_index/resource_index/package_run_dependencies/ros2_shared
[0.475s] -- Up-to-date: /home/laurus/workspace/gmsl/ros_ws/install/ros2_shared/share/ament_index/resource_index/parent_prefix_path/ros2_shared
[0.475s] -- Up-to-date: /home/laurus/workspace/gmsl/ros_ws/install/ros2_shared/share/ros2_shared/environment/ament_prefix_path.sh
[0.475s] -- Up-to-date: /home/laurus/workspace/gmsl/ros_ws/install/ros2_shared/share/ros2_shared/environment/ament_prefix_path.dsv
[0.475s] -- Up-to-date: /home/laurus/workspace/gmsl/ros_ws/install/ros2_shared/share/ros2_shared/environment/path.sh
[0.475s] -- Up-to-date: /home/laurus/workspace/gmsl/ros_ws/install/ros2_shared/share/ros2_shared/environment/path.dsv
[0.475s] -- Up-to-date: /home/laurus/workspace/gmsl/ros_ws/install/ros2_shared/share/ros2_shared/local_setup.bash
[0.476s] -- Up-to-date: /home/laurus/workspace/gmsl/ros_ws/install/ros2_shared/share/ros2_shared/local_setup.sh
[0.476s] -- Up-to-date: /home/laurus/workspace/gmsl/ros_ws/install/ros2_shared/share/ros2_shared/local_setup.zsh
[0.476s] -- Up-to-date: /home/laurus/workspace/gmsl/ros_ws/install/ros2_shared/share/ros2_shared/local_setup.dsv
[0.476s] -- Installing: /home/laurus/workspace/gmsl/ros_ws/install/ros2_shared/share/ros2_shared/package.dsv
[0.476s] -- Up-to-date: /home/laurus/workspace/gmsl/ros_ws/install/ros2_shared/share/ament_index/resource_index/packages/ros2_shared
[0.476s] -- Up-to-date: /home/laurus/workspace/gmsl/ros_ws/install/ros2_shared/share/ros2_shared/cmake/ros2_shared_targetsExport.cmake
[0.476s] -- Up-to-date: /home/laurus/workspace/gmsl/ros_ws/install/ros2_shared/share/ros2_shared/cmake/ament_cmake_export_targets-extras.cmake
[0.476s] -- Up-to-date: /home/laurus/workspace/gmsl/ros_ws/install/ros2_shared/share/ros2_shared/cmake/ament_cmake_export_dependencies-extras.cmake
[0.477s] -- Up-to-date: /home/laurus/workspace/gmsl/ros_ws/install/ros2_shared/share/ros2_shared/cmake/ros2_sharedConfig.cmake
[0.477s] -- Up-to-date: /home/laurus/workspace/gmsl/ros_ws/install/ros2_shared/share/ros2_shared/cmake/ros2_sharedConfig-version.cmake
[0.477s] -- Up-to-date: /home/laurus/workspace/gmsl/ros_ws/install/ros2_shared/share/ros2_shared/package.xml
[0.478s] Invoked command in '/home/laurus/workspace/gmsl/ros_ws/build/ros2_shared' returned '0': CMAKE_PREFIX_PATH=${CMAKE_PREFIX_PATH}:/home/laurus/workspace/gmsl/ros_ws/install/imu_yaw:/opt/ros/humble /usr/bin/cmake --install /home/laurus/workspace/gmsl/ros_ws/build/ros2_shared
