[0.059s] Invoking command in '/home/laurus/workspace/gmsl/ros_ws/build/imu_ros2': CMAKE_PREFIX_PATH=${CMAKE_PREFIX_PATH}:/home/laurus/workspace/gmsl/ros_ws/install/imu_yaw:/opt/ros/humble /usr/bin/cmake --build /home/laurus/workspace/gmsl/ros_ws/build/imu_ros2 -- -j8 -l8
[0.421s] [  1%] Built target imu_ros2__cpp
[0.422s] [  6%] Built target gtest_main
[0.422s] [  6%] Built target gtest
[0.422s] [ 12%] Built target imu_ros2__rosidl_generator_c
[0.423s] [ 12%] Built target ament_cmake_python_copy_imu_ros2
[0.424s] [ 20%] Built target imu_ros2__rosidl_typesupport_cpp
[0.424s] [ 30%] Built target imu_ros2__rosidl_typesupport_introspection_cpp
[0.424s] [ 36%] Built target imu_ros2__rosidl_typesupport_introspection_c
[0.424s] [ 42%] Built target imu_ros2__rosidl_typesupport_c
[0.424s] [ 50%] Built target imu_ros2__rosidl_typesupport_fastrtps_cpp
[0.425s] [ 57%] Built target imu_ros2__rosidl_typesupport_fastrtps_c
[0.425s] [ 57%] Built target imu_ros2
[0.425s] [ 61%] Built target imu_ros2__py
[0.425s] [ 68%] Built target imu_ros2_test_node
[0.425s] [ 87%] Built target imu_ros2_node
[0.426s] [ 93%] Built target imu_ros2__rosidl_generator_py
[0.426s] [ 95%] Built target imu_ros2__rosidl_typesupport_introspection_c__pyext
[0.426s] [ 97%] Built target imu_ros2__rosidl_typesupport_c__pyext
[0.427s] [100%] Built target imu_ros2__rosidl_typesupport_fastrtps_c__pyext
[0.485s] running egg_info
[0.486s] writing imu_ros2.egg-info/PKG-INFO
[0.487s] writing dependency_links to imu_ros2.egg-info/dependency_links.txt
[0.487s] writing top-level names to imu_ros2.egg-info/top_level.txt
[0.492s] reading manifest file 'imu_ros2.egg-info/SOURCES.txt'
[0.493s] writing manifest file 'imu_ros2.egg-info/SOURCES.txt'
[0.537s] [100%] Built target ament_cmake_python_build_imu_ros2_egg
[0.552s] Invoked command in '/home/laurus/workspace/gmsl/ros_ws/build/imu_ros2' returned '0': CMAKE_PREFIX_PATH=${CMAKE_PREFIX_PATH}:/home/laurus/workspace/gmsl/ros_ws/install/imu_yaw:/opt/ros/humble /usr/bin/cmake --build /home/laurus/workspace/gmsl/ros_ws/build/imu_ros2 -- -j8 -l8
[0.808s] Invoking command in '/home/laurus/workspace/gmsl/ros_ws/build/imu_ros2': CMAKE_PREFIX_PATH=${CMAKE_PREFIX_PATH}:/home/laurus/workspace/gmsl/ros_ws/install/imu_yaw:/opt/ros/humble /usr/bin/cmake --install /home/laurus/workspace/gmsl/ros_ws/build/imu_ros2
[0.815s] -- Install configuration: ""
[0.816s] -- Up-to-date: /home/laurus/workspace/gmsl/ros_ws/install/imu_ros2/share/imu_ros2/launch
[0.816s] -- Up-to-date: /home/laurus/workspace/gmsl/ros_ws/install/imu_ros2/share/imu_ros2/launch/imu_tof_fusion.launch.py
[0.816s] -- Up-to-date: /home/laurus/workspace/gmsl/ros_ws/install/imu_ros2/share/imu_ros2/launch/gmsl_imu_4launch.py
[0.816s] -- Up-to-date: /home/laurus/workspace/gmsl/ros_ws/install/imu_ros2/share/imu_ros2/launch/imu_with_madgwick_filter_rviz.launch.py
[0.816s] -- Up-to-date: /home/laurus/workspace/gmsl/ros_ws/install/imu_ros2/share/imu_ros2/launch/gmsl_imu_8launch_rtp.py
[0.816s] -- Up-to-date: /home/laurus/workspace/gmsl/ros_ws/install/imu_ros2/share/imu_ros2/launch/gmsl_imu_8launch.py
[0.817s] -- Up-to-date: /home/laurus/workspace/gmsl/ros_ws/install/imu_ros2/share/imu_ros2/rviz
[0.817s] -- Up-to-date: /home/laurus/workspace/gmsl/ros_ws/install/imu_ros2/share/imu_ros2/rviz/imu_with_gmsl4.rviz
[0.817s] -- Up-to-date: /home/laurus/workspace/gmsl/ros_ws/install/imu_ros2/share/imu_ros2/rviz/imu_tof_fusion.rviz
[0.817s] -- Up-to-date: /home/laurus/workspace/gmsl/ros_ws/install/imu_ros2/share/imu_ros2/rviz/imu_with_madgwick_filter_rviz.rviz
[0.817s] -- Up-to-date: /home/laurus/workspace/gmsl/ros_ws/install/imu_ros2/share/imu_ros2/rviz/imu_with_gmsl8.rviz
[0.817s] -- Up-to-date: /home/laurus/workspace/gmsl/ros_ws/install/imu_ros2/lib/imu_ros2/imu_ros2_node
[0.818s] -- Up-to-date: /home/laurus/workspace/gmsl/ros_ws/install/imu_ros2/share/ament_index/resource_index/rosidl_interfaces/imu_ros2
[0.818s] -- Up-to-date: /home/laurus/workspace/gmsl/ros_ws/install/imu_ros2/include/imu_ros2/imu_ros2
[0.818s] -- Up-to-date: /home/laurus/workspace/gmsl/ros_ws/install/imu_ros2/include/imu_ros2/imu_ros2/msg
[0.818s] -- Up-to-date: /home/laurus/workspace/gmsl/ros_ws/install/imu_ros2/include/imu_ros2/imu_ros2/msg/imu_identification_data.h
[0.818s] -- Up-to-date: /home/laurus/workspace/gmsl/ros_ws/install/imu_ros2/include/imu_ros2/imu_ros2/msg/imu_full_measured_data.h
[0.818s] -- Up-to-date: /home/laurus/workspace/gmsl/ros_ws/install/imu_ros2/include/imu_ros2/imu_ros2/msg/rosidl_generator_c__visibility_control.h
[0.818s] -- Up-to-date: /home/laurus/workspace/gmsl/ros_ws/install/imu_ros2/include/imu_ros2/imu_ros2/msg/imu_diag_data.h
[0.819s] -- Up-to-date: /home/laurus/workspace/gmsl/ros_ws/install/imu_ros2/include/imu_ros2/imu_ros2/msg/vel_ang_temp_data.h
[0.819s] -- Up-to-date: /home/laurus/workspace/gmsl/ros_ws/install/imu_ros2/include/imu_ros2/imu_ros2/msg/accel_gyro_temp_data.h
[0.819s] -- Up-to-date: /home/laurus/workspace/gmsl/ros_ws/install/imu_ros2/include/imu_ros2/imu_ros2/msg/detail
[0.819s] -- Up-to-date: /home/laurus/workspace/gmsl/ros_ws/install/imu_ros2/include/imu_ros2/imu_ros2/msg/detail/imu_diag_data__functions.h
[0.819s] -- Up-to-date: /home/laurus/workspace/gmsl/ros_ws/install/imu_ros2/include/imu_ros2/imu_ros2/msg/detail/imu_identification_data__functions.h
[0.819s] -- Up-to-date: /home/laurus/workspace/gmsl/ros_ws/install/imu_ros2/include/imu_ros2/imu_ros2/msg/detail/imu_diag_data__functions.c
[0.820s] -- Up-to-date: /home/laurus/workspace/gmsl/ros_ws/install/imu_ros2/include/imu_ros2/imu_ros2/msg/detail/accel_gyro_temp_data__functions.h
[0.820s] -- Up-to-date: /home/laurus/workspace/gmsl/ros_ws/install/imu_ros2/include/imu_ros2/imu_ros2/msg/detail/imu_full_measured_data__struct.h
[0.820s] -- Up-to-date: /home/laurus/workspace/gmsl/ros_ws/install/imu_ros2/include/imu_ros2/imu_ros2/msg/detail/imu_full_measured_data__functions.h
[0.820s] -- Up-to-date: /home/laurus/workspace/gmsl/ros_ws/install/imu_ros2/include/imu_ros2/imu_ros2/msg/detail/accel_gyro_temp_data__struct.h
[0.820s] -- Up-to-date: /home/laurus/workspace/gmsl/ros_ws/install/imu_ros2/include/imu_ros2/imu_ros2/msg/detail/vel_ang_temp_data__type_support.h
[0.820s] -- Up-to-date: /home/laurus/workspace/gmsl/ros_ws/install/imu_ros2/include/imu_ros2/imu_ros2/msg/detail/imu_identification_data__type_support.h
[0.820s] -- Up-to-date: /home/laurus/workspace/gmsl/ros_ws/install/imu_ros2/include/imu_ros2/imu_ros2/msg/detail/imu_diag_data__struct.h
[0.821s] -- Up-to-date: /home/laurus/workspace/gmsl/ros_ws/install/imu_ros2/include/imu_ros2/imu_ros2/msg/detail/imu_full_measured_data__functions.c
[0.821s] -- Up-to-date: /home/laurus/workspace/gmsl/ros_ws/install/imu_ros2/include/imu_ros2/imu_ros2/msg/detail/vel_ang_temp_data__functions.h
[0.821s] -- Up-to-date: /home/laurus/workspace/gmsl/ros_ws/install/imu_ros2/include/imu_ros2/imu_ros2/msg/detail/imu_full_measured_data__type_support.h
[0.821s] -- Up-to-date: /home/laurus/workspace/gmsl/ros_ws/install/imu_ros2/include/imu_ros2/imu_ros2/msg/detail/imu_diag_data__type_support.h
[0.821s] -- Up-to-date: /home/laurus/workspace/gmsl/ros_ws/install/imu_ros2/include/imu_ros2/imu_ros2/msg/detail/imu_identification_data__struct.h
[0.821s] -- Up-to-date: /home/laurus/workspace/gmsl/ros_ws/install/imu_ros2/include/imu_ros2/imu_ros2/msg/detail/vel_ang_temp_data__functions.c
[0.822s] -- Up-to-date: /home/laurus/workspace/gmsl/ros_ws/install/imu_ros2/include/imu_ros2/imu_ros2/msg/detail/vel_ang_temp_data__struct.h
[0.822s] -- Up-to-date: /home/laurus/workspace/gmsl/ros_ws/install/imu_ros2/include/imu_ros2/imu_ros2/msg/detail/accel_gyro_temp_data__type_support.h
[0.822s] -- Up-to-date: /home/laurus/workspace/gmsl/ros_ws/install/imu_ros2/include/imu_ros2/imu_ros2/msg/detail/imu_identification_data__functions.c
[0.822s] -- Up-to-date: /home/laurus/workspace/gmsl/ros_ws/install/imu_ros2/include/imu_ros2/imu_ros2/msg/detail/accel_gyro_temp_data__functions.c
[0.822s] -- Up-to-date: /home/laurus/workspace/gmsl/ros_ws/install/imu_ros2/share/imu_ros2/environment/library_path.sh
[0.822s] -- Up-to-date: /home/laurus/workspace/gmsl/ros_ws/install/imu_ros2/share/imu_ros2/environment/library_path.dsv
[0.822s] -- Up-to-date: /home/laurus/workspace/gmsl/ros_ws/install/imu_ros2/lib/libimu_ros2__rosidl_generator_c.so
[0.823s] -- Up-to-date: /home/laurus/workspace/gmsl/ros_ws/install/imu_ros2/include/imu_ros2/imu_ros2
[0.823s] -- Up-to-date: /home/laurus/workspace/gmsl/ros_ws/install/imu_ros2/include/imu_ros2/imu_ros2/msg
[0.823s] -- Up-to-date: /home/laurus/workspace/gmsl/ros_ws/install/imu_ros2/include/imu_ros2/imu_ros2/msg/detail
[0.823s] -- Up-to-date: /home/laurus/workspace/gmsl/ros_ws/install/imu_ros2/include/imu_ros2/imu_ros2/msg/detail/accel_gyro_temp_data__rosidl_typesupport_fastrtps_c.h
[0.823s] -- Up-to-date: /home/laurus/workspace/gmsl/ros_ws/install/imu_ros2/include/imu_ros2/imu_ros2/msg/detail/vel_ang_temp_data__rosidl_typesupport_fastrtps_c.h
[0.823s] -- Up-to-date: /home/laurus/workspace/gmsl/ros_ws/install/imu_ros2/include/imu_ros2/imu_ros2/msg/detail/imu_full_measured_data__rosidl_typesupport_fastrtps_c.h
[0.823s] -- Up-to-date: /home/laurus/workspace/gmsl/ros_ws/install/imu_ros2/include/imu_ros2/imu_ros2/msg/detail/imu_diag_data__rosidl_typesupport_fastrtps_c.h
[0.823s] -- Up-to-date: /home/laurus/workspace/gmsl/ros_ws/install/imu_ros2/include/imu_ros2/imu_ros2/msg/detail/imu_identification_data__rosidl_typesupport_fastrtps_c.h
[0.824s] -- Up-to-date: /home/laurus/workspace/gmsl/ros_ws/install/imu_ros2/include/imu_ros2/imu_ros2/msg/rosidl_typesupport_fastrtps_c__visibility_control.h
[0.824s] -- Up-to-date: /home/laurus/workspace/gmsl/ros_ws/install/imu_ros2/lib/libimu_ros2__rosidl_typesupport_fastrtps_c.so
[0.824s] -- Up-to-date: /home/laurus/workspace/gmsl/ros_ws/install/imu_ros2/include/imu_ros2/imu_ros2
[0.824s] -- Up-to-date: /home/laurus/workspace/gmsl/ros_ws/install/imu_ros2/include/imu_ros2/imu_ros2/msg
[0.824s] -- Up-to-date: /home/laurus/workspace/gmsl/ros_ws/install/imu_ros2/include/imu_ros2/imu_ros2/msg/imu_identification_data.hpp
[0.824s] -- Up-to-date: /home/laurus/workspace/gmsl/ros_ws/install/imu_ros2/include/imu_ros2/imu_ros2/msg/vel_ang_temp_data.hpp
[0.825s] -- Up-to-date: /home/laurus/workspace/gmsl/ros_ws/install/imu_ros2/include/imu_ros2/imu_ros2/msg/accel_gyro_temp_data.hpp
[0.825s] -- Up-to-date: /home/laurus/workspace/gmsl/ros_ws/install/imu_ros2/include/imu_ros2/imu_ros2/msg/imu_diag_data.hpp
[0.825s] -- Up-to-date: /home/laurus/workspace/gmsl/ros_ws/install/imu_ros2/include/imu_ros2/imu_ros2/msg/detail
[0.825s] -- Up-to-date: /home/laurus/workspace/gmsl/ros_ws/install/imu_ros2/include/imu_ros2/imu_ros2/msg/detail/imu_full_measured_data__builder.hpp
[0.825s] -- Up-to-date: /home/laurus/workspace/gmsl/ros_ws/install/imu_ros2/include/imu_ros2/imu_ros2/msg/detail/imu_diag_data__builder.hpp
[0.825s] -- Up-to-date: /home/laurus/workspace/gmsl/ros_ws/install/imu_ros2/include/imu_ros2/imu_ros2/msg/detail/imu_full_measured_data__struct.hpp
[0.825s] -- Up-to-date: /home/laurus/workspace/gmsl/ros_ws/install/imu_ros2/include/imu_ros2/imu_ros2/msg/detail/accel_gyro_temp_data__builder.hpp
[0.826s] -- Up-to-date: /home/laurus/workspace/gmsl/ros_ws/install/imu_ros2/include/imu_ros2/imu_ros2/msg/detail/imu_identification_data__struct.hpp
[0.826s] -- Up-to-date: /home/laurus/workspace/gmsl/ros_ws/install/imu_ros2/include/imu_ros2/imu_ros2/msg/detail/accel_gyro_temp_data__struct.hpp
[0.826s] -- Up-to-date: /home/laurus/workspace/gmsl/ros_ws/install/imu_ros2/include/imu_ros2/imu_ros2/msg/detail/vel_ang_temp_data__builder.hpp
[0.826s] -- Up-to-date: /home/laurus/workspace/gmsl/ros_ws/install/imu_ros2/include/imu_ros2/imu_ros2/msg/detail/imu_full_measured_data__traits.hpp
[0.826s] -- Up-to-date: /home/laurus/workspace/gmsl/ros_ws/install/imu_ros2/include/imu_ros2/imu_ros2/msg/detail/imu_diag_data__struct.hpp
[0.826s] -- Up-to-date: /home/laurus/workspace/gmsl/ros_ws/install/imu_ros2/include/imu_ros2/imu_ros2/msg/detail/imu_diag_data__traits.hpp
[0.826s] -- Up-to-date: /home/laurus/workspace/gmsl/ros_ws/install/imu_ros2/include/imu_ros2/imu_ros2/msg/detail/vel_ang_temp_data__struct.hpp
[0.826s] -- Up-to-date: /home/laurus/workspace/gmsl/ros_ws/install/imu_ros2/include/imu_ros2/imu_ros2/msg/detail/vel_ang_temp_data__traits.hpp
[0.827s] -- Up-to-date: /home/laurus/workspace/gmsl/ros_ws/install/imu_ros2/include/imu_ros2/imu_ros2/msg/detail/accel_gyro_temp_data__traits.hpp
[0.827s] -- Up-to-date: /home/laurus/workspace/gmsl/ros_ws/install/imu_ros2/include/imu_ros2/imu_ros2/msg/detail/imu_identification_data__builder.hpp
[0.827s] -- Up-to-date: /home/laurus/workspace/gmsl/ros_ws/install/imu_ros2/include/imu_ros2/imu_ros2/msg/detail/imu_identification_data__traits.hpp
[0.827s] -- Up-to-date: /home/laurus/workspace/gmsl/ros_ws/install/imu_ros2/include/imu_ros2/imu_ros2/msg/imu_full_measured_data.hpp
[0.827s] -- Up-to-date: /home/laurus/workspace/gmsl/ros_ws/install/imu_ros2/include/imu_ros2/imu_ros2
[0.827s] -- Up-to-date: /home/laurus/workspace/gmsl/ros_ws/install/imu_ros2/include/imu_ros2/imu_ros2/msg
[0.827s] -- Up-to-date: /home/laurus/workspace/gmsl/ros_ws/install/imu_ros2/include/imu_ros2/imu_ros2/msg/rosidl_typesupport_fastrtps_cpp__visibility_control.h
[0.827s] -- Up-to-date: /home/laurus/workspace/gmsl/ros_ws/install/imu_ros2/include/imu_ros2/imu_ros2/msg/detail
[0.827s] -- Up-to-date: /home/laurus/workspace/gmsl/ros_ws/install/imu_ros2/include/imu_ros2/imu_ros2/msg/detail/accel_gyro_temp_data__rosidl_typesupport_fastrtps_cpp.hpp
[0.828s] -- Up-to-date: /home/laurus/workspace/gmsl/ros_ws/install/imu_ros2/include/imu_ros2/imu_ros2/msg/detail/imu_full_measured_data__rosidl_typesupport_fastrtps_cpp.hpp
[0.828s] -- Up-to-date: /home/laurus/workspace/gmsl/ros_ws/install/imu_ros2/include/imu_ros2/imu_ros2/msg/detail/imu_identification_data__rosidl_typesupport_fastrtps_cpp.hpp
[0.828s] -- Up-to-date: /home/laurus/workspace/gmsl/ros_ws/install/imu_ros2/include/imu_ros2/imu_ros2/msg/detail/dds_fastrtps
[0.828s] -- Up-to-date: /home/laurus/workspace/gmsl/ros_ws/install/imu_ros2/include/imu_ros2/imu_ros2/msg/detail/vel_ang_temp_data__rosidl_typesupport_fastrtps_cpp.hpp
[0.828s] -- Up-to-date: /home/laurus/workspace/gmsl/ros_ws/install/imu_ros2/include/imu_ros2/imu_ros2/msg/detail/imu_diag_data__rosidl_typesupport_fastrtps_cpp.hpp
[0.828s] -- Up-to-date: /home/laurus/workspace/gmsl/ros_ws/install/imu_ros2/lib/libimu_ros2__rosidl_typesupport_fastrtps_cpp.so
[0.828s] -- Up-to-date: /home/laurus/workspace/gmsl/ros_ws/install/imu_ros2/include/imu_ros2/imu_ros2
[0.828s] -- Up-to-date: /home/laurus/workspace/gmsl/ros_ws/install/imu_ros2/include/imu_ros2/imu_ros2/msg
[0.829s] -- Up-to-date: /home/laurus/workspace/gmsl/ros_ws/install/imu_ros2/include/imu_ros2/imu_ros2/msg/rosidl_typesupport_introspection_c__visibility_control.h
[0.829s] -- Up-to-date: /home/laurus/workspace/gmsl/ros_ws/install/imu_ros2/include/imu_ros2/imu_ros2/msg/detail
[0.829s] -- Up-to-date: /home/laurus/workspace/gmsl/ros_ws/install/imu_ros2/include/imu_ros2/imu_ros2/msg/detail/vel_ang_temp_data__type_support.c
[0.829s] -- Up-to-date: /home/laurus/workspace/gmsl/ros_ws/install/imu_ros2/include/imu_ros2/imu_ros2/msg/detail/imu_full_measured_data__rosidl_typesupport_introspection_c.h
[0.829s] -- Up-to-date: /home/laurus/workspace/gmsl/ros_ws/install/imu_ros2/include/imu_ros2/imu_ros2/msg/detail/imu_diag_data__rosidl_typesupport_introspection_c.h
[0.829s] -- Up-to-date: /home/laurus/workspace/gmsl/ros_ws/install/imu_ros2/include/imu_ros2/imu_ros2/msg/detail/imu_identification_data__type_support.c
[0.829s] -- Up-to-date: /home/laurus/workspace/gmsl/ros_ws/install/imu_ros2/include/imu_ros2/imu_ros2/msg/detail/accel_gyro_temp_data__type_support.c
[0.829s] -- Up-to-date: /home/laurus/workspace/gmsl/ros_ws/install/imu_ros2/include/imu_ros2/imu_ros2/msg/detail/imu_diag_data__type_support.c
[0.829s] -- Up-to-date: /home/laurus/workspace/gmsl/ros_ws/install/imu_ros2/include/imu_ros2/imu_ros2/msg/detail/vel_ang_temp_data__rosidl_typesupport_introspection_c.h
[0.830s] -- Up-to-date: /home/laurus/workspace/gmsl/ros_ws/install/imu_ros2/include/imu_ros2/imu_ros2/msg/detail/imu_identification_data__rosidl_typesupport_introspection_c.h
[0.830s] -- Up-to-date: /home/laurus/workspace/gmsl/ros_ws/install/imu_ros2/include/imu_ros2/imu_ros2/msg/detail/imu_full_measured_data__type_support.c
[0.830s] -- Up-to-date: /home/laurus/workspace/gmsl/ros_ws/install/imu_ros2/include/imu_ros2/imu_ros2/msg/detail/accel_gyro_temp_data__rosidl_typesupport_introspection_c.h
[0.830s] -- Up-to-date: /home/laurus/workspace/gmsl/ros_ws/install/imu_ros2/lib/libimu_ros2__rosidl_typesupport_introspection_c.so
[0.830s] -- Up-to-date: /home/laurus/workspace/gmsl/ros_ws/install/imu_ros2/lib/libimu_ros2__rosidl_typesupport_c.so
[0.830s] -- Up-to-date: /home/laurus/workspace/gmsl/ros_ws/install/imu_ros2/include/imu_ros2/imu_ros2
[0.830s] -- Up-to-date: /home/laurus/workspace/gmsl/ros_ws/install/imu_ros2/include/imu_ros2/imu_ros2/msg
[0.830s] -- Up-to-date: /home/laurus/workspace/gmsl/ros_ws/install/imu_ros2/include/imu_ros2/imu_ros2/msg/detail
[0.831s] -- Up-to-date: /home/laurus/workspace/gmsl/ros_ws/install/imu_ros2/include/imu_ros2/imu_ros2/msg/detail/vel_ang_temp_data__type_support.cpp
[0.831s] -- Up-to-date: /home/laurus/workspace/gmsl/ros_ws/install/imu_ros2/include/imu_ros2/imu_ros2/msg/detail/imu_full_measured_data__rosidl_typesupport_introspection_cpp.hpp
[0.831s] -- Up-to-date: /home/laurus/workspace/gmsl/ros_ws/install/imu_ros2/include/imu_ros2/imu_ros2/msg/detail/accel_gyro_temp_data__type_support.cpp
[0.831s] -- Up-to-date: /home/laurus/workspace/gmsl/ros_ws/install/imu_ros2/include/imu_ros2/imu_ros2/msg/detail/vel_ang_temp_data__rosidl_typesupport_introspection_cpp.hpp
[0.831s] -- Up-to-date: /home/laurus/workspace/gmsl/ros_ws/install/imu_ros2/include/imu_ros2/imu_ros2/msg/detail/imu_diag_data__rosidl_typesupport_introspection_cpp.hpp
[0.831s] -- Up-to-date: /home/laurus/workspace/gmsl/ros_ws/install/imu_ros2/include/imu_ros2/imu_ros2/msg/detail/imu_identification_data__type_support.cpp
[0.831s] -- Up-to-date: /home/laurus/workspace/gmsl/ros_ws/install/imu_ros2/include/imu_ros2/imu_ros2/msg/detail/imu_identification_data__rosidl_typesupport_introspection_cpp.hpp
[0.831s] -- Up-to-date: /home/laurus/workspace/gmsl/ros_ws/install/imu_ros2/include/imu_ros2/imu_ros2/msg/detail/accel_gyro_temp_data__rosidl_typesupport_introspection_cpp.hpp
[0.832s] -- Up-to-date: /home/laurus/workspace/gmsl/ros_ws/install/imu_ros2/include/imu_ros2/imu_ros2/msg/detail/imu_diag_data__type_support.cpp
[0.832s] -- Up-to-date: /home/laurus/workspace/gmsl/ros_ws/install/imu_ros2/include/imu_ros2/imu_ros2/msg/detail/imu_full_measured_data__type_support.cpp
[0.832s] -- Up-to-date: /home/laurus/workspace/gmsl/ros_ws/install/imu_ros2/lib/libimu_ros2__rosidl_typesupport_introspection_cpp.so
[0.832s] -- Up-to-date: /home/laurus/workspace/gmsl/ros_ws/install/imu_ros2/lib/libimu_ros2__rosidl_typesupport_cpp.so
[0.832s] -- Up-to-date: /home/laurus/workspace/gmsl/ros_ws/install/imu_ros2/share/imu_ros2/environment/pythonpath.sh
[0.832s] -- Up-to-date: /home/laurus/workspace/gmsl/ros_ws/install/imu_ros2/share/imu_ros2/environment/pythonpath.dsv
[0.832s] -- Up-to-date: /home/laurus/workspace/gmsl/ros_ws/install/imu_ros2/local/lib/python3.10/dist-packages/imu_ros2-0.0.1-py3.10.egg-info
[0.832s] -- Installing: /home/laurus/workspace/gmsl/ros_ws/install/imu_ros2/local/lib/python3.10/dist-packages/imu_ros2-0.0.1-py3.10.egg-info/dependency_links.txt
[0.832s] -- Installing: /home/laurus/workspace/gmsl/ros_ws/install/imu_ros2/local/lib/python3.10/dist-packages/imu_ros2-0.0.1-py3.10.egg-info/top_level.txt
[0.833s] -- Installing: /home/laurus/workspace/gmsl/ros_ws/install/imu_ros2/local/lib/python3.10/dist-packages/imu_ros2-0.0.1-py3.10.egg-info/SOURCES.txt
[0.833s] -- Installing: /home/laurus/workspace/gmsl/ros_ws/install/imu_ros2/local/lib/python3.10/dist-packages/imu_ros2-0.0.1-py3.10.egg-info/PKG-INFO
[0.833s] -- Up-to-date: /home/laurus/workspace/gmsl/ros_ws/install/imu_ros2/local/lib/python3.10/dist-packages/imu_ros2
[0.833s] -- Up-to-date: /home/laurus/workspace/gmsl/ros_ws/install/imu_ros2/local/lib/python3.10/dist-packages/imu_ros2/_imu_ros2_s.ep.rosidl_typesupport_fastrtps_c.c
[0.833s] -- Up-to-date: /home/laurus/workspace/gmsl/ros_ws/install/imu_ros2/local/lib/python3.10/dist-packages/imu_ros2/imu_ros2_s__rosidl_typesupport_c.cpython-310-x86_64-linux-gnu.so
[0.833s] -- Up-to-date: /home/laurus/workspace/gmsl/ros_ws/install/imu_ros2/local/lib/python3.10/dist-packages/imu_ros2/_imu_ros2_s.ep.rosidl_typesupport_introspection_c.c
[0.833s] -- Up-to-date: /home/laurus/workspace/gmsl/ros_ws/install/imu_ros2/local/lib/python3.10/dist-packages/imu_ros2/imu_ros2_s__rosidl_typesupport_introspection_c.cpython-310-x86_64-linux-gnu.so
[0.833s] -- Up-to-date: /home/laurus/workspace/gmsl/ros_ws/install/imu_ros2/local/lib/python3.10/dist-packages/imu_ros2/imu_ros2_s__rosidl_typesupport_fastrtps_c.cpython-310-x86_64-linux-gnu.so
[0.834s] -- Up-to-date: /home/laurus/workspace/gmsl/ros_ws/install/imu_ros2/local/lib/python3.10/dist-packages/imu_ros2/__init__.py
[0.834s] -- Up-to-date: /home/laurus/workspace/gmsl/ros_ws/install/imu_ros2/local/lib/python3.10/dist-packages/imu_ros2/msg
[0.834s] -- Up-to-date: /home/laurus/workspace/gmsl/ros_ws/install/imu_ros2/local/lib/python3.10/dist-packages/imu_ros2/msg/_imu_diag_data.py
[0.834s] -- Up-to-date: /home/laurus/workspace/gmsl/ros_ws/install/imu_ros2/local/lib/python3.10/dist-packages/imu_ros2/msg/_imu_identification_data_s.c
[0.834s] -- Up-to-date: /home/laurus/workspace/gmsl/ros_ws/install/imu_ros2/local/lib/python3.10/dist-packages/imu_ros2/msg/_imu_full_measured_data_s.c
[0.834s] -- Up-to-date: /home/laurus/workspace/gmsl/ros_ws/install/imu_ros2/local/lib/python3.10/dist-packages/imu_ros2/msg/_vel_ang_temp_data_s.c
[0.834s] -- Up-to-date: /home/laurus/workspace/gmsl/ros_ws/install/imu_ros2/local/lib/python3.10/dist-packages/imu_ros2/msg/_imu_identification_data.py
[0.834s] -- Up-to-date: /home/laurus/workspace/gmsl/ros_ws/install/imu_ros2/local/lib/python3.10/dist-packages/imu_ros2/msg/_imu_diag_data_s.c
[0.835s] -- Up-to-date: /home/laurus/workspace/gmsl/ros_ws/install/imu_ros2/local/lib/python3.10/dist-packages/imu_ros2/msg/__init__.py
[0.835s] -- Up-to-date: /home/laurus/workspace/gmsl/ros_ws/install/imu_ros2/local/lib/python3.10/dist-packages/imu_ros2/msg/_imu_full_measured_data.py
[0.835s] -- Up-to-date: /home/laurus/workspace/gmsl/ros_ws/install/imu_ros2/local/lib/python3.10/dist-packages/imu_ros2/msg/_vel_ang_temp_data.py
[0.835s] -- Up-to-date: /home/laurus/workspace/gmsl/ros_ws/install/imu_ros2/local/lib/python3.10/dist-packages/imu_ros2/msg/_accel_gyro_temp_data.py
[0.835s] -- Up-to-date: /home/laurus/workspace/gmsl/ros_ws/install/imu_ros2/local/lib/python3.10/dist-packages/imu_ros2/msg/_accel_gyro_temp_data_s.c
[0.835s] -- Up-to-date: /home/laurus/workspace/gmsl/ros_ws/install/imu_ros2/local/lib/python3.10/dist-packages/imu_ros2/_imu_ros2_s.ep.rosidl_typesupport_c.c
[0.835s] -- Up-to-date: /home/laurus/workspace/gmsl/ros_ws/install/imu_ros2/local/lib/python3.10/dist-packages/imu_ros2/libimu_ros2__rosidl_generator_py.so
[0.859s] Listing '/home/laurus/workspace/gmsl/ros_ws/install/imu_ros2/local/lib/python3.10/dist-packages/imu_ros2'...
[0.859s] Listing '/home/laurus/workspace/gmsl/ros_ws/install/imu_ros2/local/lib/python3.10/dist-packages/imu_ros2/msg'...
[0.864s] -- Up-to-date: /home/laurus/workspace/gmsl/ros_ws/install/imu_ros2/local/lib/python3.10/dist-packages/imu_ros2/imu_ros2_s__rosidl_typesupport_fastrtps_c.cpython-310-x86_64-linux-gnu.so
[0.864s] -- Up-to-date: /home/laurus/workspace/gmsl/ros_ws/install/imu_ros2/local/lib/python3.10/dist-packages/imu_ros2/imu_ros2_s__rosidl_typesupport_introspection_c.cpython-310-x86_64-linux-gnu.so
[0.865s] -- Up-to-date: /home/laurus/workspace/gmsl/ros_ws/install/imu_ros2/local/lib/python3.10/dist-packages/imu_ros2/imu_ros2_s__rosidl_typesupport_c.cpython-310-x86_64-linux-gnu.so
[0.865s] -- Up-to-date: /home/laurus/workspace/gmsl/ros_ws/install/imu_ros2/lib/libimu_ros2__rosidl_generator_py.so
[0.865s] -- Up-to-date: /home/laurus/workspace/gmsl/ros_ws/install/imu_ros2/share/imu_ros2/msg/ImuIdentificationData.idl
[0.866s] -- Up-to-date: /home/laurus/workspace/gmsl/ros_ws/install/imu_ros2/share/imu_ros2/msg/VelAngTempData.idl
[0.866s] -- Up-to-date: /home/laurus/workspace/gmsl/ros_ws/install/imu_ros2/share/imu_ros2/msg/ImuFullMeasuredData.idl
[0.866s] -- Up-to-date: /home/laurus/workspace/gmsl/ros_ws/install/imu_ros2/share/imu_ros2/msg/AccelGyroTempData.idl
[0.866s] -- Up-to-date: /home/laurus/workspace/gmsl/ros_ws/install/imu_ros2/share/imu_ros2/msg/ImuDiagData.idl
[0.866s] -- Up-to-date: /home/laurus/workspace/gmsl/ros_ws/install/imu_ros2/share/imu_ros2/msg/ImuIdentificationData.msg
[0.866s] -- Up-to-date: /home/laurus/workspace/gmsl/ros_ws/install/imu_ros2/share/imu_ros2/msg/VelAngTempData.msg
[0.866s] -- Up-to-date: /home/laurus/workspace/gmsl/ros_ws/install/imu_ros2/share/imu_ros2/msg/ImuFullMeasuredData.msg
[0.866s] -- Up-to-date: /home/laurus/workspace/gmsl/ros_ws/install/imu_ros2/share/imu_ros2/msg/AccelGyroTempData.msg
[0.866s] -- Up-to-date: /home/laurus/workspace/gmsl/ros_ws/install/imu_ros2/share/imu_ros2/adis1650x/ImuDiagData.msg
[0.867s] -- Up-to-date: /home/laurus/workspace/gmsl/ros_ws/install/imu_ros2/config/imu_config.yaml
[0.867s] -- Up-to-date: /home/laurus/workspace/gmsl/ros_ws/install/imu_ros2/share/ament_index/resource_index/package_run_dependencies/imu_ros2
[0.867s] -- Up-to-date: /home/laurus/workspace/gmsl/ros_ws/install/imu_ros2/share/ament_index/resource_index/parent_prefix_path/imu_ros2
[0.867s] -- Up-to-date: /home/laurus/workspace/gmsl/ros_ws/install/imu_ros2/share/imu_ros2/environment/ament_prefix_path.sh
[0.867s] -- Up-to-date: /home/laurus/workspace/gmsl/ros_ws/install/imu_ros2/share/imu_ros2/environment/ament_prefix_path.dsv
[0.867s] -- Up-to-date: /home/laurus/workspace/gmsl/ros_ws/install/imu_ros2/share/imu_ros2/environment/path.sh
[0.867s] -- Up-to-date: /home/laurus/workspace/gmsl/ros_ws/install/imu_ros2/share/imu_ros2/environment/path.dsv
[0.867s] -- Up-to-date: /home/laurus/workspace/gmsl/ros_ws/install/imu_ros2/share/imu_ros2/local_setup.bash
[0.867s] -- Up-to-date: /home/laurus/workspace/gmsl/ros_ws/install/imu_ros2/share/imu_ros2/local_setup.sh
[0.867s] -- Up-to-date: /home/laurus/workspace/gmsl/ros_ws/install/imu_ros2/share/imu_ros2/local_setup.zsh
[0.867s] -- Up-to-date: /home/laurus/workspace/gmsl/ros_ws/install/imu_ros2/share/imu_ros2/local_setup.dsv
[0.867s] -- Installing: /home/laurus/workspace/gmsl/ros_ws/install/imu_ros2/share/imu_ros2/package.dsv
[0.868s] -- Up-to-date: /home/laurus/workspace/gmsl/ros_ws/install/imu_ros2/share/ament_index/resource_index/packages/imu_ros2
[0.868s] -- Up-to-date: /home/laurus/workspace/gmsl/ros_ws/install/imu_ros2/share/imu_ros2/cmake/export_imu_ros2__rosidl_generator_cExport.cmake
[0.868s] -- Up-to-date: /home/laurus/workspace/gmsl/ros_ws/install/imu_ros2/share/imu_ros2/cmake/export_imu_ros2__rosidl_generator_cExport-noconfig.cmake
[0.868s] -- Up-to-date: /home/laurus/workspace/gmsl/ros_ws/install/imu_ros2/share/imu_ros2/cmake/export_imu_ros2__rosidl_typesupport_fastrtps_cExport.cmake
[0.868s] -- Up-to-date: /home/laurus/workspace/gmsl/ros_ws/install/imu_ros2/share/imu_ros2/cmake/export_imu_ros2__rosidl_typesupport_fastrtps_cExport-noconfig.cmake
[0.868s] -- Up-to-date: /home/laurus/workspace/gmsl/ros_ws/install/imu_ros2/share/imu_ros2/cmake/export_imu_ros2__rosidl_generator_cppExport.cmake
[0.868s] -- Up-to-date: /home/laurus/workspace/gmsl/ros_ws/install/imu_ros2/share/imu_ros2/cmake/export_imu_ros2__rosidl_typesupport_fastrtps_cppExport.cmake
[0.868s] -- Up-to-date: /home/laurus/workspace/gmsl/ros_ws/install/imu_ros2/share/imu_ros2/cmake/export_imu_ros2__rosidl_typesupport_fastrtps_cppExport-noconfig.cmake
[0.868s] -- Up-to-date: /home/laurus/workspace/gmsl/ros_ws/install/imu_ros2/share/imu_ros2/cmake/imu_ros2__rosidl_typesupport_introspection_cExport.cmake
[0.868s] -- Up-to-date: /home/laurus/workspace/gmsl/ros_ws/install/imu_ros2/share/imu_ros2/cmake/imu_ros2__rosidl_typesupport_introspection_cExport-noconfig.cmake
[0.868s] -- Up-to-date: /home/laurus/workspace/gmsl/ros_ws/install/imu_ros2/share/imu_ros2/cmake/imu_ros2__rosidl_typesupport_cExport.cmake
[0.869s] -- Up-to-date: /home/laurus/workspace/gmsl/ros_ws/install/imu_ros2/share/imu_ros2/cmake/imu_ros2__rosidl_typesupport_cExport-noconfig.cmake
[0.869s] -- Up-to-date: /home/laurus/workspace/gmsl/ros_ws/install/imu_ros2/share/imu_ros2/cmake/imu_ros2__rosidl_typesupport_introspection_cppExport.cmake
[0.869s] -- Up-to-date: /home/laurus/workspace/gmsl/ros_ws/install/imu_ros2/share/imu_ros2/cmake/imu_ros2__rosidl_typesupport_introspection_cppExport-noconfig.cmake
[0.869s] -- Up-to-date: /home/laurus/workspace/gmsl/ros_ws/install/imu_ros2/share/imu_ros2/cmake/imu_ros2__rosidl_typesupport_cppExport.cmake
[0.869s] -- Up-to-date: /home/laurus/workspace/gmsl/ros_ws/install/imu_ros2/share/imu_ros2/cmake/imu_ros2__rosidl_typesupport_cppExport-noconfig.cmake
[0.869s] -- Up-to-date: /home/laurus/workspace/gmsl/ros_ws/install/imu_ros2/share/imu_ros2/cmake/export_imu_ros2__rosidl_generator_pyExport.cmake
[0.869s] -- Up-to-date: /home/laurus/workspace/gmsl/ros_ws/install/imu_ros2/share/imu_ros2/cmake/export_imu_ros2__rosidl_generator_pyExport-noconfig.cmake
[0.869s] -- Up-to-date: /home/laurus/workspace/gmsl/ros_ws/install/imu_ros2/share/imu_ros2/cmake/rosidl_cmake-extras.cmake
[0.869s] -- Up-to-date: /home/laurus/workspace/gmsl/ros_ws/install/imu_ros2/share/imu_ros2/cmake/ament_cmake_export_dependencies-extras.cmake
[0.869s] -- Up-to-date: /home/laurus/workspace/gmsl/ros_ws/install/imu_ros2/share/imu_ros2/cmake/ament_cmake_export_include_directories-extras.cmake
[0.869s] -- Up-to-date: /home/laurus/workspace/gmsl/ros_ws/install/imu_ros2/share/imu_ros2/cmake/ament_cmake_export_libraries-extras.cmake
[0.869s] -- Up-to-date: /home/laurus/workspace/gmsl/ros_ws/install/imu_ros2/share/imu_ros2/cmake/ament_cmake_export_targets-extras.cmake
[0.870s] -- Up-to-date: /home/laurus/workspace/gmsl/ros_ws/install/imu_ros2/share/imu_ros2/cmake/rosidl_cmake_export_typesupport_targets-extras.cmake
[0.870s] -- Up-to-date: /home/laurus/workspace/gmsl/ros_ws/install/imu_ros2/share/imu_ros2/cmake/rosidl_cmake_export_typesupport_libraries-extras.cmake
[0.870s] -- Up-to-date: /home/laurus/workspace/gmsl/ros_ws/install/imu_ros2/share/imu_ros2/cmake/imu_ros2Config.cmake
[0.870s] -- Up-to-date: /home/laurus/workspace/gmsl/ros_ws/install/imu_ros2/share/imu_ros2/cmake/imu_ros2Config-version.cmake
[0.870s] -- Up-to-date: /home/laurus/workspace/gmsl/ros_ws/install/imu_ros2/share/imu_ros2/package.xml
[0.870s] -- Up-to-date: /home/laurus/workspace/gmsl/ros_ws/install/imu_ros2/lib/imu_ros2_test/imu_ros2_test_node
[0.874s] Invoked command in '/home/laurus/workspace/gmsl/ros_ws/build/imu_ros2' returned '0': CMAKE_PREFIX_PATH=${CMAKE_PREFIX_PATH}:/home/laurus/workspace/gmsl/ros_ws/install/imu_yaw:/opt/ros/humble /usr/bin/cmake --install /home/laurus/workspace/gmsl/ros_ws/build/imu_ros2
