running egg_info
writing ../../build/imu_yaw/imu_yaw.egg-info/PKG-INFO
writing dependency_links to ../../build/imu_yaw/imu_yaw.egg-info/dependency_links.txt
writing entry points to ../../build/imu_yaw/imu_yaw.egg-info/entry_points.txt
writing requirements to ../../build/imu_yaw/imu_yaw.egg-info/requires.txt
writing top-level names to ../../build/imu_yaw/imu_yaw.egg-info/top_level.txt
reading manifest file '../../build/imu_yaw/imu_yaw.egg-info/SOURCES.txt'
adding license file 'LICENSE'
writing manifest file '../../build/imu_yaw/imu_yaw.egg-info/SOURCES.txt'
running build
running build_py
running install
running install_lib
running install_data
creating /home/laurus/workspace/gmsl/ros_ws/install/imu_yaw/share/imu_yaw/launch
copying launch/gmsl_imu_4launch.py -> /home/laurus/workspace/gmsl/ros_ws/install/imu_yaw/share/imu_yaw/launch
copying launch/gmsl_imu_8_rtp_launch.py -> /home/laurus/workspace/gmsl/ros_ws/install/imu_yaw/share/imu_yaw/launch
copying launch/gmsl_imu_8launch.py -> /home/laurus/workspace/gmsl/ros_ws/install/imu_yaw/share/imu_yaw/launch
running install_egg_info
removing '/home/laurus/workspace/gmsl/ros_ws/install/imu_yaw/lib/python3.10/site-packages/imu_yaw-0.0.0-py3.10.egg-info' (and everything under it)
Copying ../../build/imu_yaw/imu_yaw.egg-info to /home/laurus/workspace/gmsl/ros_ws/install/imu_yaw/lib/python3.10/site-packages/imu_yaw-0.0.0-py3.10.egg-info
running install_scripts
Installing imu_pub script to /home/laurus/workspace/gmsl/ros_ws/install/imu_yaw/lib/imu_yaw
Installing imu_yaw script to /home/laurus/workspace/gmsl/ros_ws/install/imu_yaw/lib/imu_yaw
Installing yaw_mux4 script to /home/laurus/workspace/gmsl/ros_ws/install/imu_yaw/lib/imu_yaw
Installing yaw_mux8 script to /home/laurus/workspace/gmsl/ros_ws/install/imu_yaw/lib/imu_yaw
writing list of installed files to '/home/laurus/workspace/gmsl/ros_ws/build/imu_yaw/install.log'
