-- Install configuration: ""
-- Installing: /home/laurus/workspace/gmsl/ros_ws/install/ros2_shared/include
-- Installing: /home/laurus/workspace/gmsl/ros_ws/install/ros2_shared/include/ros2_shared
-- Installing: /home/laurus/workspace/gmsl/ros_ws/install/ros2_shared/include/ros2_shared/string_printf.hpp
-- Installing: /home/laurus/workspace/gmsl/ros_ws/install/ros2_shared/include/ros2_shared/context_macros.hpp
-- Installing: /home/laurus/workspace/gmsl/ros_ws/install/ros2_shared/include/ros2_shared/param_macros.hpp
-- Installing: /home/laurus/workspace/gmsl/ros_ws/install/ros2_shared/share/ament_index/resource_index/package_run_dependencies/ros2_shared
-- Installing: /home/laurus/workspace/gmsl/ros_ws/install/ros2_shared/share/ament_index/resource_index/parent_prefix_path/ros2_shared
-- Installing: /home/laurus/workspace/gmsl/ros_ws/install/ros2_shared/share/ros2_shared/environment/ament_prefix_path.sh
-- Installing: /home/laurus/workspace/gmsl/ros_ws/install/ros2_shared/share/ros2_shared/environment/ament_prefix_path.dsv
-- Installing: /home/laurus/workspace/gmsl/ros_ws/install/ros2_shared/share/ros2_shared/environment/path.sh
-- Installing: /home/laurus/workspace/gmsl/ros_ws/install/ros2_shared/share/ros2_shared/environment/path.dsv
-- Installing: /home/laurus/workspace/gmsl/ros_ws/install/ros2_shared/share/ros2_shared/local_setup.bash
-- Installing: /home/laurus/workspace/gmsl/ros_ws/install/ros2_shared/share/ros2_shared/local_setup.sh
-- Installing: /home/laurus/workspace/gmsl/ros_ws/install/ros2_shared/share/ros2_shared/local_setup.zsh
-- Installing: /home/laurus/workspace/gmsl/ros_ws/install/ros2_shared/share/ros2_shared/local_setup.dsv
-- Installing: /home/laurus/workspace/gmsl/ros_ws/install/ros2_shared/share/ros2_shared/package.dsv
-- Installing: /home/laurus/workspace/gmsl/ros_ws/install/ros2_shared/share/ament_index/resource_index/packages/ros2_shared
-- Installing: /home/laurus/workspace/gmsl/ros_ws/install/ros2_shared/share/ros2_shared/cmake/ros2_shared_targetsExport.cmake
-- Installing: /home/laurus/workspace/gmsl/ros_ws/install/ros2_shared/share/ros2_shared/cmake/ament_cmake_export_targets-extras.cmake
-- Installing: /home/laurus/workspace/gmsl/ros_ws/install/ros2_shared/share/ros2_shared/cmake/ament_cmake_export_dependencies-extras.cmake
-- Installing: /home/laurus/workspace/gmsl/ros_ws/install/ros2_shared/share/ros2_shared/cmake/ros2_sharedConfig.cmake
-- Installing: /home/laurus/workspace/gmsl/ros_ws/install/ros2_shared/share/ros2_shared/cmake/ros2_sharedConfig-version.cmake
-- Installing: /home/laurus/workspace/gmsl/ros_ws/install/ros2_shared/share/ros2_shared/package.xml
