[  1%] Built target imu_ros2__cpp
[  3%] Built target gtest_main
[ 10%] Built target imu_ros2__rosidl_generator_c
[ 12%] Built target gtest
[ 12%] Built target ament_cmake_python_copy_imu_ros2
[ 20%] Built target imu_ros2__rosidl_typesupport_cpp
[ 27%] Built target imu_ros2__rosidl_typesupport_introspection_cpp
[ 35%] Built target imu_ros2__rosidl_typesupport_introspection_c
[ 42%] Built target imu_ros2__rosidl_typesupport_c
[ 54%] Built target imu_ros2__rosidl_typesupport_fastrtps_c
[ 57%] Built target imu_ros2__rosidl_typesupport_fastrtps_cpp
[ 57%] Built target imu_ros2
[ 58%] Built target imu_ros2__py
[ 68%] Built target imu_ros2_test_node
[ 87%] Built target imu_ros2_node
[ 93%] Built target imu_ros2__rosidl_generator_py
[ 95%] Built target imu_ros2__rosidl_typesupport_introspection_c__pyext
[ 97%] Built target imu_ros2__rosidl_typesupport_fastrtps_c__pyext
[100%] Built target imu_ros2__rosidl_typesupport_c__pyext
running egg_info
writing imu_ros2.egg-info/PKG-INFO
writing dependency_links to imu_ros2.egg-info/dependency_links.txt
writing top-level names to imu_ros2.egg-info/top_level.txt
reading manifest file 'imu_ros2.egg-info/SOURCES.txt'
writing manifest file 'imu_ros2.egg-info/SOURCES.txt'
[100%] Built target ament_cmake_python_build_imu_ros2_egg
-- Install configuration: ""
-- Installing: /home/laurus/workspace/gmsl/ros_ws/install/imu_ros2/share/imu_ros2/launch
-- Installing: /home/laurus/workspace/gmsl/ros_ws/install/imu_ros2/share/imu_ros2/launch/imu_tof_fusion.launch.py
-- Installing: /home/laurus/workspace/gmsl/ros_ws/install/imu_ros2/share/imu_ros2/launch/gmsl_imu_4launch.py
-- Installing: /home/laurus/workspace/gmsl/ros_ws/install/imu_ros2/share/imu_ros2/launch/imu_with_madgwick_filter_rviz.launch.py
-- Installing: /home/laurus/workspace/gmsl/ros_ws/install/imu_ros2/share/imu_ros2/launch/gmsl_imu_8launch_rtp.py
-- Installing: /home/laurus/workspace/gmsl/ros_ws/install/imu_ros2/share/imu_ros2/launch/gmsl_imu_8launch.py
-- Installing: /home/laurus/workspace/gmsl/ros_ws/install/imu_ros2/share/imu_ros2/rviz
-- Installing: /home/laurus/workspace/gmsl/ros_ws/install/imu_ros2/share/imu_ros2/rviz/imu_with_gmsl4.rviz
-- Installing: /home/laurus/workspace/gmsl/ros_ws/install/imu_ros2/share/imu_ros2/rviz/imu_tof_fusion.rviz
-- Installing: /home/laurus/workspace/gmsl/ros_ws/install/imu_ros2/share/imu_ros2/rviz/imu_with_madgwick_filter_rviz.rviz
-- Installing: /home/laurus/workspace/gmsl/ros_ws/install/imu_ros2/share/imu_ros2/rviz/imu_with_gmsl8.rviz
-- Installing: /home/laurus/workspace/gmsl/ros_ws/install/imu_ros2/lib/imu_ros2/imu_ros2_node
-- Set runtime path of "/home/laurus/workspace/gmsl/ros_ws/install/imu_ros2/lib/imu_ros2/imu_ros2_node" to ""
-- Installing: /home/laurus/workspace/gmsl/ros_ws/install/imu_ros2/share/ament_index/resource_index/rosidl_interfaces/imu_ros2
-- Installing: /home/laurus/workspace/gmsl/ros_ws/install/imu_ros2/include/imu_ros2/imu_ros2
-- Installing: /home/laurus/workspace/gmsl/ros_ws/install/imu_ros2/include/imu_ros2/imu_ros2/msg
-- Installing: /home/laurus/workspace/gmsl/ros_ws/install/imu_ros2/include/imu_ros2/imu_ros2/msg/imu_identification_data.h
-- Installing: /home/laurus/workspace/gmsl/ros_ws/install/imu_ros2/include/imu_ros2/imu_ros2/msg/imu_full_measured_data.h
-- Installing: /home/laurus/workspace/gmsl/ros_ws/install/imu_ros2/include/imu_ros2/imu_ros2/msg/rosidl_generator_c__visibility_control.h
-- Installing: /home/laurus/workspace/gmsl/ros_ws/install/imu_ros2/include/imu_ros2/imu_ros2/msg/imu_diag_data.h
-- Installing: /home/laurus/workspace/gmsl/ros_ws/install/imu_ros2/include/imu_ros2/imu_ros2/msg/vel_ang_temp_data.h
-- Installing: /home/laurus/workspace/gmsl/ros_ws/install/imu_ros2/include/imu_ros2/imu_ros2/msg/accel_gyro_temp_data.h
-- Installing: /home/laurus/workspace/gmsl/ros_ws/install/imu_ros2/include/imu_ros2/imu_ros2/msg/detail
-- Installing: /home/laurus/workspace/gmsl/ros_ws/install/imu_ros2/include/imu_ros2/imu_ros2/msg/detail/imu_diag_data__functions.h
-- Installing: /home/laurus/workspace/gmsl/ros_ws/install/imu_ros2/include/imu_ros2/imu_ros2/msg/detail/imu_identification_data__functions.h
-- Installing: /home/laurus/workspace/gmsl/ros_ws/install/imu_ros2/include/imu_ros2/imu_ros2/msg/detail/imu_diag_data__functions.c
-- Installing: /home/laurus/workspace/gmsl/ros_ws/install/imu_ros2/include/imu_ros2/imu_ros2/msg/detail/accel_gyro_temp_data__functions.h
-- Installing: /home/laurus/workspace/gmsl/ros_ws/install/imu_ros2/include/imu_ros2/imu_ros2/msg/detail/imu_full_measured_data__struct.h
-- Installing: /home/laurus/workspace/gmsl/ros_ws/install/imu_ros2/include/imu_ros2/imu_ros2/msg/detail/imu_full_measured_data__functions.h
-- Installing: /home/laurus/workspace/gmsl/ros_ws/install/imu_ros2/include/imu_ros2/imu_ros2/msg/detail/accel_gyro_temp_data__struct.h
-- Installing: /home/laurus/workspace/gmsl/ros_ws/install/imu_ros2/include/imu_ros2/imu_ros2/msg/detail/vel_ang_temp_data__type_support.h
-- Installing: /home/laurus/workspace/gmsl/ros_ws/install/imu_ros2/include/imu_ros2/imu_ros2/msg/detail/imu_identification_data__type_support.h
-- Installing: /home/laurus/workspace/gmsl/ros_ws/install/imu_ros2/include/imu_ros2/imu_ros2/msg/detail/imu_diag_data__struct.h
-- Installing: /home/laurus/workspace/gmsl/ros_ws/install/imu_ros2/include/imu_ros2/imu_ros2/msg/detail/imu_full_measured_data__functions.c
-- Installing: /home/laurus/workspace/gmsl/ros_ws/install/imu_ros2/include/imu_ros2/imu_ros2/msg/detail/vel_ang_temp_data__functions.h
-- Installing: /home/laurus/workspace/gmsl/ros_ws/install/imu_ros2/include/imu_ros2/imu_ros2/msg/detail/imu_full_measured_data__type_support.h
-- Installing: /home/laurus/workspace/gmsl/ros_ws/install/imu_ros2/include/imu_ros2/imu_ros2/msg/detail/imu_diag_data__type_support.h
-- Installing: /home/laurus/workspace/gmsl/ros_ws/install/imu_ros2/include/imu_ros2/imu_ros2/msg/detail/imu_identification_data__struct.h
-- Installing: /home/laurus/workspace/gmsl/ros_ws/install/imu_ros2/include/imu_ros2/imu_ros2/msg/detail/vel_ang_temp_data__functions.c
-- Installing: /home/laurus/workspace/gmsl/ros_ws/install/imu_ros2/include/imu_ros2/imu_ros2/msg/detail/vel_ang_temp_data__struct.h
-- Installing: /home/laurus/workspace/gmsl/ros_ws/install/imu_ros2/include/imu_ros2/imu_ros2/msg/detail/accel_gyro_temp_data__type_support.h
-- Installing: /home/laurus/workspace/gmsl/ros_ws/install/imu_ros2/include/imu_ros2/imu_ros2/msg/detail/imu_identification_data__functions.c
-- Installing: /home/laurus/workspace/gmsl/ros_ws/install/imu_ros2/include/imu_ros2/imu_ros2/msg/detail/accel_gyro_temp_data__functions.c
-- Installing: /home/laurus/workspace/gmsl/ros_ws/install/imu_ros2/share/imu_ros2/environment/library_path.sh
-- Installing: /home/laurus/workspace/gmsl/ros_ws/install/imu_ros2/share/imu_ros2/environment/library_path.dsv
-- Installing: /home/laurus/workspace/gmsl/ros_ws/install/imu_ros2/lib/libimu_ros2__rosidl_generator_c.so
-- Set runtime path of "/home/laurus/workspace/gmsl/ros_ws/install/imu_ros2/lib/libimu_ros2__rosidl_generator_c.so" to ""
-- Up-to-date: /home/laurus/workspace/gmsl/ros_ws/install/imu_ros2/include/imu_ros2/imu_ros2
-- Up-to-date: /home/laurus/workspace/gmsl/ros_ws/install/imu_ros2/include/imu_ros2/imu_ros2/msg
-- Up-to-date: /home/laurus/workspace/gmsl/ros_ws/install/imu_ros2/include/imu_ros2/imu_ros2/msg/detail
-- Installing: /home/laurus/workspace/gmsl/ros_ws/install/imu_ros2/include/imu_ros2/imu_ros2/msg/detail/accel_gyro_temp_data__rosidl_typesupport_fastrtps_c.h
-- Installing: /home/laurus/workspace/gmsl/ros_ws/install/imu_ros2/include/imu_ros2/imu_ros2/msg/detail/vel_ang_temp_data__rosidl_typesupport_fastrtps_c.h
-- Installing: /home/laurus/workspace/gmsl/ros_ws/install/imu_ros2/include/imu_ros2/imu_ros2/msg/detail/imu_full_measured_data__rosidl_typesupport_fastrtps_c.h
-- Installing: /home/laurus/workspace/gmsl/ros_ws/install/imu_ros2/include/imu_ros2/imu_ros2/msg/detail/imu_diag_data__rosidl_typesupport_fastrtps_c.h
-- Installing: /home/laurus/workspace/gmsl/ros_ws/install/imu_ros2/include/imu_ros2/imu_ros2/msg/detail/imu_identification_data__rosidl_typesupport_fastrtps_c.h
-- Installing: /home/laurus/workspace/gmsl/ros_ws/install/imu_ros2/include/imu_ros2/imu_ros2/msg/rosidl_typesupport_fastrtps_c__visibility_control.h
-- Installing: /home/laurus/workspace/gmsl/ros_ws/install/imu_ros2/lib/libimu_ros2__rosidl_typesupport_fastrtps_c.so
-- Set runtime path of "/home/laurus/workspace/gmsl/ros_ws/install/imu_ros2/lib/libimu_ros2__rosidl_typesupport_fastrtps_c.so" to ""
-- Up-to-date: /home/laurus/workspace/gmsl/ros_ws/install/imu_ros2/include/imu_ros2/imu_ros2
-- Up-to-date: /home/laurus/workspace/gmsl/ros_ws/install/imu_ros2/include/imu_ros2/imu_ros2/msg
-- Installing: /home/laurus/workspace/gmsl/ros_ws/install/imu_ros2/include/imu_ros2/imu_ros2/msg/imu_identification_data.hpp
-- Installing: /home/laurus/workspace/gmsl/ros_ws/install/imu_ros2/include/imu_ros2/imu_ros2/msg/vel_ang_temp_data.hpp
-- Installing: /home/laurus/workspace/gmsl/ros_ws/install/imu_ros2/include/imu_ros2/imu_ros2/msg/accel_gyro_temp_data.hpp
-- Installing: /home/laurus/workspace/gmsl/ros_ws/install/imu_ros2/include/imu_ros2/imu_ros2/msg/imu_diag_data.hpp
-- Up-to-date: /home/laurus/workspace/gmsl/ros_ws/install/imu_ros2/include/imu_ros2/imu_ros2/msg/detail
-- Installing: /home/laurus/workspace/gmsl/ros_ws/install/imu_ros2/include/imu_ros2/imu_ros2/msg/detail/imu_full_measured_data__builder.hpp
-- Installing: /home/laurus/workspace/gmsl/ros_ws/install/imu_ros2/include/imu_ros2/imu_ros2/msg/detail/imu_diag_data__builder.hpp
-- Installing: /home/laurus/workspace/gmsl/ros_ws/install/imu_ros2/include/imu_ros2/imu_ros2/msg/detail/imu_full_measured_data__struct.hpp
-- Installing: /home/laurus/workspace/gmsl/ros_ws/install/imu_ros2/include/imu_ros2/imu_ros2/msg/detail/accel_gyro_temp_data__builder.hpp
-- Installing: /home/laurus/workspace/gmsl/ros_ws/install/imu_ros2/include/imu_ros2/imu_ros2/msg/detail/imu_identification_data__struct.hpp
-- Installing: /home/laurus/workspace/gmsl/ros_ws/install/imu_ros2/include/imu_ros2/imu_ros2/msg/detail/accel_gyro_temp_data__struct.hpp
-- Installing: /home/laurus/workspace/gmsl/ros_ws/install/imu_ros2/include/imu_ros2/imu_ros2/msg/detail/vel_ang_temp_data__builder.hpp
-- Installing: /home/laurus/workspace/gmsl/ros_ws/install/imu_ros2/include/imu_ros2/imu_ros2/msg/detail/imu_full_measured_data__traits.hpp
-- Installing: /home/laurus/workspace/gmsl/ros_ws/install/imu_ros2/include/imu_ros2/imu_ros2/msg/detail/imu_diag_data__struct.hpp
-- Installing: /home/laurus/workspace/gmsl/ros_ws/install/imu_ros2/include/imu_ros2/imu_ros2/msg/detail/imu_diag_data__traits.hpp
-- Installing: /home/laurus/workspace/gmsl/ros_ws/install/imu_ros2/include/imu_ros2/imu_ros2/msg/detail/vel_ang_temp_data__struct.hpp
-- Installing: /home/laurus/workspace/gmsl/ros_ws/install/imu_ros2/include/imu_ros2/imu_ros2/msg/detail/vel_ang_temp_data__traits.hpp
-- Installing: /home/laurus/workspace/gmsl/ros_ws/install/imu_ros2/include/imu_ros2/imu_ros2/msg/detail/accel_gyro_temp_data__traits.hpp
-- Installing: /home/laurus/workspace/gmsl/ros_ws/install/imu_ros2/include/imu_ros2/imu_ros2/msg/detail/imu_identification_data__builder.hpp
-- Installing: /home/laurus/workspace/gmsl/ros_ws/install/imu_ros2/include/imu_ros2/imu_ros2/msg/detail/imu_identification_data__traits.hpp
-- Installing: /home/laurus/workspace/gmsl/ros_ws/install/imu_ros2/include/imu_ros2/imu_ros2/msg/imu_full_measured_data.hpp
-- Up-to-date: /home/laurus/workspace/gmsl/ros_ws/install/imu_ros2/include/imu_ros2/imu_ros2
-- Up-to-date: /home/laurus/workspace/gmsl/ros_ws/install/imu_ros2/include/imu_ros2/imu_ros2/msg
-- Installing: /home/laurus/workspace/gmsl/ros_ws/install/imu_ros2/include/imu_ros2/imu_ros2/msg/rosidl_typesupport_fastrtps_cpp__visibility_control.h
-- Up-to-date: /home/laurus/workspace/gmsl/ros_ws/install/imu_ros2/include/imu_ros2/imu_ros2/msg/detail
-- Installing: /home/laurus/workspace/gmsl/ros_ws/install/imu_ros2/include/imu_ros2/imu_ros2/msg/detail/accel_gyro_temp_data__rosidl_typesupport_fastrtps_cpp.hpp
-- Installing: /home/laurus/workspace/gmsl/ros_ws/install/imu_ros2/include/imu_ros2/imu_ros2/msg/detail/imu_full_measured_data__rosidl_typesupport_fastrtps_cpp.hpp
-- Installing: /home/laurus/workspace/gmsl/ros_ws/install/imu_ros2/include/imu_ros2/imu_ros2/msg/detail/imu_identification_data__rosidl_typesupport_fastrtps_cpp.hpp
-- Installing: /home/laurus/workspace/gmsl/ros_ws/install/imu_ros2/include/imu_ros2/imu_ros2/msg/detail/dds_fastrtps
-- Installing: /home/laurus/workspace/gmsl/ros_ws/install/imu_ros2/include/imu_ros2/imu_ros2/msg/detail/vel_ang_temp_data__rosidl_typesupport_fastrtps_cpp.hpp
-- Installing: /home/laurus/workspace/gmsl/ros_ws/install/imu_ros2/include/imu_ros2/imu_ros2/msg/detail/imu_diag_data__rosidl_typesupport_fastrtps_cpp.hpp
-- Installing: /home/laurus/workspace/gmsl/ros_ws/install/imu_ros2/lib/libimu_ros2__rosidl_typesupport_fastrtps_cpp.so
-- Set runtime path of "/home/laurus/workspace/gmsl/ros_ws/install/imu_ros2/lib/libimu_ros2__rosidl_typesupport_fastrtps_cpp.so" to ""
-- Up-to-date: /home/laurus/workspace/gmsl/ros_ws/install/imu_ros2/include/imu_ros2/imu_ros2
-- Up-to-date: /home/laurus/workspace/gmsl/ros_ws/install/imu_ros2/include/imu_ros2/imu_ros2/msg
-- Installing: /home/laurus/workspace/gmsl/ros_ws/install/imu_ros2/include/imu_ros2/imu_ros2/msg/rosidl_typesupport_introspection_c__visibility_control.h
-- Up-to-date: /home/laurus/workspace/gmsl/ros_ws/install/imu_ros2/include/imu_ros2/imu_ros2/msg/detail
-- Installing: /home/laurus/workspace/gmsl/ros_ws/install/imu_ros2/include/imu_ros2/imu_ros2/msg/detail/vel_ang_temp_data__type_support.c
-- Installing: /home/laurus/workspace/gmsl/ros_ws/install/imu_ros2/include/imu_ros2/imu_ros2/msg/detail/imu_full_measured_data__rosidl_typesupport_introspection_c.h
-- Installing: /home/laurus/workspace/gmsl/ros_ws/install/imu_ros2/include/imu_ros2/imu_ros2/msg/detail/imu_diag_data__rosidl_typesupport_introspection_c.h
-- Installing: /home/laurus/workspace/gmsl/ros_ws/install/imu_ros2/include/imu_ros2/imu_ros2/msg/detail/imu_identification_data__type_support.c
-- Installing: /home/laurus/workspace/gmsl/ros_ws/install/imu_ros2/include/imu_ros2/imu_ros2/msg/detail/accel_gyro_temp_data__type_support.c
-- Installing: /home/laurus/workspace/gmsl/ros_ws/install/imu_ros2/include/imu_ros2/imu_ros2/msg/detail/imu_diag_data__type_support.c
-- Installing: /home/laurus/workspace/gmsl/ros_ws/install/imu_ros2/include/imu_ros2/imu_ros2/msg/detail/vel_ang_temp_data__rosidl_typesupport_introspection_c.h
-- Installing: /home/laurus/workspace/gmsl/ros_ws/install/imu_ros2/include/imu_ros2/imu_ros2/msg/detail/imu_identification_data__rosidl_typesupport_introspection_c.h
-- Installing: /home/laurus/workspace/gmsl/ros_ws/install/imu_ros2/include/imu_ros2/imu_ros2/msg/detail/imu_full_measured_data__type_support.c
-- Installing: /home/laurus/workspace/gmsl/ros_ws/install/imu_ros2/include/imu_ros2/imu_ros2/msg/detail/accel_gyro_temp_data__rosidl_typesupport_introspection_c.h
-- Installing: /home/laurus/workspace/gmsl/ros_ws/install/imu_ros2/lib/libimu_ros2__rosidl_typesupport_introspection_c.so
-- Set runtime path of "/home/laurus/workspace/gmsl/ros_ws/install/imu_ros2/lib/libimu_ros2__rosidl_typesupport_introspection_c.so" to ""
-- Installing: /home/laurus/workspace/gmsl/ros_ws/install/imu_ros2/lib/libimu_ros2__rosidl_typesupport_c.so
-- Set runtime path of "/home/laurus/workspace/gmsl/ros_ws/install/imu_ros2/lib/libimu_ros2__rosidl_typesupport_c.so" to ""
-- Up-to-date: /home/laurus/workspace/gmsl/ros_ws/install/imu_ros2/include/imu_ros2/imu_ros2
-- Up-to-date: /home/laurus/workspace/gmsl/ros_ws/install/imu_ros2/include/imu_ros2/imu_ros2/msg
-- Up-to-date: /home/laurus/workspace/gmsl/ros_ws/install/imu_ros2/include/imu_ros2/imu_ros2/msg/detail
-- Installing: /home/laurus/workspace/gmsl/ros_ws/install/imu_ros2/include/imu_ros2/imu_ros2/msg/detail/vel_ang_temp_data__type_support.cpp
-- Installing: /home/laurus/workspace/gmsl/ros_ws/install/imu_ros2/include/imu_ros2/imu_ros2/msg/detail/imu_full_measured_data__rosidl_typesupport_introspection_cpp.hpp
-- Installing: /home/laurus/workspace/gmsl/ros_ws/install/imu_ros2/include/imu_ros2/imu_ros2/msg/detail/accel_gyro_temp_data__type_support.cpp
-- Installing: /home/laurus/workspace/gmsl/ros_ws/install/imu_ros2/include/imu_ros2/imu_ros2/msg/detail/vel_ang_temp_data__rosidl_typesupport_introspection_cpp.hpp
-- Installing: /home/laurus/workspace/gmsl/ros_ws/install/imu_ros2/include/imu_ros2/imu_ros2/msg/detail/imu_diag_data__rosidl_typesupport_introspection_cpp.hpp
-- Installing: /home/laurus/workspace/gmsl/ros_ws/install/imu_ros2/include/imu_ros2/imu_ros2/msg/detail/imu_identification_data__type_support.cpp
-- Installing: /home/laurus/workspace/gmsl/ros_ws/install/imu_ros2/include/imu_ros2/imu_ros2/msg/detail/imu_identification_data__rosidl_typesupport_introspection_cpp.hpp
-- Installing: /home/laurus/workspace/gmsl/ros_ws/install/imu_ros2/include/imu_ros2/imu_ros2/msg/detail/accel_gyro_temp_data__rosidl_typesupport_introspection_cpp.hpp
-- Installing: /home/laurus/workspace/gmsl/ros_ws/install/imu_ros2/include/imu_ros2/imu_ros2/msg/detail/imu_diag_data__type_support.cpp
-- Installing: /home/laurus/workspace/gmsl/ros_ws/install/imu_ros2/include/imu_ros2/imu_ros2/msg/detail/imu_full_measured_data__type_support.cpp
-- Installing: /home/laurus/workspace/gmsl/ros_ws/install/imu_ros2/lib/libimu_ros2__rosidl_typesupport_introspection_cpp.so
-- Set runtime path of "/home/laurus/workspace/gmsl/ros_ws/install/imu_ros2/lib/libimu_ros2__rosidl_typesupport_introspection_cpp.so" to ""
-- Installing: /home/laurus/workspace/gmsl/ros_ws/install/imu_ros2/lib/libimu_ros2__rosidl_typesupport_cpp.so
-- Set runtime path of "/home/laurus/workspace/gmsl/ros_ws/install/imu_ros2/lib/libimu_ros2__rosidl_typesupport_cpp.so" to ""
-- Installing: /home/laurus/workspace/gmsl/ros_ws/install/imu_ros2/share/imu_ros2/environment/pythonpath.sh
-- Installing: /home/laurus/workspace/gmsl/ros_ws/install/imu_ros2/share/imu_ros2/environment/pythonpath.dsv
-- Installing: /home/laurus/workspace/gmsl/ros_ws/install/imu_ros2/local/lib/python3.10/dist-packages/imu_ros2-0.0.1-py3.10.egg-info
-- Installing: /home/laurus/workspace/gmsl/ros_ws/install/imu_ros2/local/lib/python3.10/dist-packages/imu_ros2-0.0.1-py3.10.egg-info/dependency_links.txt
-- Installing: /home/laurus/workspace/gmsl/ros_ws/install/imu_ros2/local/lib/python3.10/dist-packages/imu_ros2-0.0.1-py3.10.egg-info/top_level.txt
-- Installing: /home/laurus/workspace/gmsl/ros_ws/install/imu_ros2/local/lib/python3.10/dist-packages/imu_ros2-0.0.1-py3.10.egg-info/SOURCES.txt
-- Installing: /home/laurus/workspace/gmsl/ros_ws/install/imu_ros2/local/lib/python3.10/dist-packages/imu_ros2-0.0.1-py3.10.egg-info/PKG-INFO
-- Installing: /home/laurus/workspace/gmsl/ros_ws/install/imu_ros2/local/lib/python3.10/dist-packages/imu_ros2
-- Installing: /home/laurus/workspace/gmsl/ros_ws/install/imu_ros2/local/lib/python3.10/dist-packages/imu_ros2/_imu_ros2_s.ep.rosidl_typesupport_fastrtps_c.c
-- Installing: /home/laurus/workspace/gmsl/ros_ws/install/imu_ros2/local/lib/python3.10/dist-packages/imu_ros2/imu_ros2_s__rosidl_typesupport_c.cpython-310-x86_64-linux-gnu.so
-- Installing: /home/laurus/workspace/gmsl/ros_ws/install/imu_ros2/local/lib/python3.10/dist-packages/imu_ros2/_imu_ros2_s.ep.rosidl_typesupport_introspection_c.c
-- Installing: /home/laurus/workspace/gmsl/ros_ws/install/imu_ros2/local/lib/python3.10/dist-packages/imu_ros2/imu_ros2_s__rosidl_typesupport_introspection_c.cpython-310-x86_64-linux-gnu.so
-- Installing: /home/laurus/workspace/gmsl/ros_ws/install/imu_ros2/local/lib/python3.10/dist-packages/imu_ros2/imu_ros2_s__rosidl_typesupport_fastrtps_c.cpython-310-x86_64-linux-gnu.so
-- Installing: /home/laurus/workspace/gmsl/ros_ws/install/imu_ros2/local/lib/python3.10/dist-packages/imu_ros2/__init__.py
-- Installing: /home/laurus/workspace/gmsl/ros_ws/install/imu_ros2/local/lib/python3.10/dist-packages/imu_ros2/msg
-- Installing: /home/laurus/workspace/gmsl/ros_ws/install/imu_ros2/local/lib/python3.10/dist-packages/imu_ros2/msg/_imu_diag_data.py
-- Installing: /home/laurus/workspace/gmsl/ros_ws/install/imu_ros2/local/lib/python3.10/dist-packages/imu_ros2/msg/_imu_identification_data_s.c
-- Installing: /home/laurus/workspace/gmsl/ros_ws/install/imu_ros2/local/lib/python3.10/dist-packages/imu_ros2/msg/_imu_full_measured_data_s.c
-- Installing: /home/laurus/workspace/gmsl/ros_ws/install/imu_ros2/local/lib/python3.10/dist-packages/imu_ros2/msg/_vel_ang_temp_data_s.c
-- Installing: /home/laurus/workspace/gmsl/ros_ws/install/imu_ros2/local/lib/python3.10/dist-packages/imu_ros2/msg/_imu_identification_data.py
-- Installing: /home/laurus/workspace/gmsl/ros_ws/install/imu_ros2/local/lib/python3.10/dist-packages/imu_ros2/msg/_imu_diag_data_s.c
-- Installing: /home/laurus/workspace/gmsl/ros_ws/install/imu_ros2/local/lib/python3.10/dist-packages/imu_ros2/msg/__init__.py
-- Installing: /home/laurus/workspace/gmsl/ros_ws/install/imu_ros2/local/lib/python3.10/dist-packages/imu_ros2/msg/_imu_full_measured_data.py
-- Installing: /home/laurus/workspace/gmsl/ros_ws/install/imu_ros2/local/lib/python3.10/dist-packages/imu_ros2/msg/_vel_ang_temp_data.py
-- Installing: /home/laurus/workspace/gmsl/ros_ws/install/imu_ros2/local/lib/python3.10/dist-packages/imu_ros2/msg/_accel_gyro_temp_data.py
-- Installing: /home/laurus/workspace/gmsl/ros_ws/install/imu_ros2/local/lib/python3.10/dist-packages/imu_ros2/msg/_accel_gyro_temp_data_s.c
-- Installing: /home/laurus/workspace/gmsl/ros_ws/install/imu_ros2/local/lib/python3.10/dist-packages/imu_ros2/_imu_ros2_s.ep.rosidl_typesupport_c.c
-- Installing: /home/laurus/workspace/gmsl/ros_ws/install/imu_ros2/local/lib/python3.10/dist-packages/imu_ros2/libimu_ros2__rosidl_generator_py.so
Listing '/home/laurus/workspace/gmsl/ros_ws/install/imu_ros2/local/lib/python3.10/dist-packages/imu_ros2'...
Compiling '/home/laurus/workspace/gmsl/ros_ws/install/imu_ros2/local/lib/python3.10/dist-packages/imu_ros2/__init__.py'...
Listing '/home/laurus/workspace/gmsl/ros_ws/install/imu_ros2/local/lib/python3.10/dist-packages/imu_ros2/msg'...
Compiling '/home/laurus/workspace/gmsl/ros_ws/install/imu_ros2/local/lib/python3.10/dist-packages/imu_ros2/msg/__init__.py'...
Compiling '/home/laurus/workspace/gmsl/ros_ws/install/imu_ros2/local/lib/python3.10/dist-packages/imu_ros2/msg/_accel_gyro_temp_data.py'...
Compiling '/home/laurus/workspace/gmsl/ros_ws/install/imu_ros2/local/lib/python3.10/dist-packages/imu_ros2/msg/_imu_diag_data.py'...
Compiling '/home/laurus/workspace/gmsl/ros_ws/install/imu_ros2/local/lib/python3.10/dist-packages/imu_ros2/msg/_imu_full_measured_data.py'...
Compiling '/home/laurus/workspace/gmsl/ros_ws/install/imu_ros2/local/lib/python3.10/dist-packages/imu_ros2/msg/_imu_identification_data.py'...
Compiling '/home/laurus/workspace/gmsl/ros_ws/install/imu_ros2/local/lib/python3.10/dist-packages/imu_ros2/msg/_vel_ang_temp_data.py'...
-- Installing: /home/laurus/workspace/gmsl/ros_ws/install/imu_ros2/local/lib/python3.10/dist-packages/imu_ros2/imu_ros2_s__rosidl_typesupport_fastrtps_c.cpython-310-x86_64-linux-gnu.so
-- Set runtime path of "/home/laurus/workspace/gmsl/ros_ws/install/imu_ros2/local/lib/python3.10/dist-packages/imu_ros2/imu_ros2_s__rosidl_typesupport_fastrtps_c.cpython-310-x86_64-linux-gnu.so" to ""
-- Installing: /home/laurus/workspace/gmsl/ros_ws/install/imu_ros2/local/lib/python3.10/dist-packages/imu_ros2/imu_ros2_s__rosidl_typesupport_introspection_c.cpython-310-x86_64-linux-gnu.so
-- Set runtime path of "/home/laurus/workspace/gmsl/ros_ws/install/imu_ros2/local/lib/python3.10/dist-packages/imu_ros2/imu_ros2_s__rosidl_typesupport_introspection_c.cpython-310-x86_64-linux-gnu.so" to ""
-- Installing: /home/laurus/workspace/gmsl/ros_ws/install/imu_ros2/local/lib/python3.10/dist-packages/imu_ros2/imu_ros2_s__rosidl_typesupport_c.cpython-310-x86_64-linux-gnu.so
-- Set runtime path of "/home/laurus/workspace/gmsl/ros_ws/install/imu_ros2/local/lib/python3.10/dist-packages/imu_ros2/imu_ros2_s__rosidl_typesupport_c.cpython-310-x86_64-linux-gnu.so" to ""
-- Installing: /home/laurus/workspace/gmsl/ros_ws/install/imu_ros2/lib/libimu_ros2__rosidl_generator_py.so
-- Set runtime path of "/home/laurus/workspace/gmsl/ros_ws/install/imu_ros2/lib/libimu_ros2__rosidl_generator_py.so" to ""
-- Installing: /home/laurus/workspace/gmsl/ros_ws/install/imu_ros2/share/imu_ros2/msg/ImuIdentificationData.idl
-- Installing: /home/laurus/workspace/gmsl/ros_ws/install/imu_ros2/share/imu_ros2/msg/VelAngTempData.idl
-- Installing: /home/laurus/workspace/gmsl/ros_ws/install/imu_ros2/share/imu_ros2/msg/ImuFullMeasuredData.idl
-- Installing: /home/laurus/workspace/gmsl/ros_ws/install/imu_ros2/share/imu_ros2/msg/AccelGyroTempData.idl
-- Installing: /home/laurus/workspace/gmsl/ros_ws/install/imu_ros2/share/imu_ros2/msg/ImuDiagData.idl
-- Installing: /home/laurus/workspace/gmsl/ros_ws/install/imu_ros2/share/imu_ros2/msg/ImuIdentificationData.msg
-- Installing: /home/laurus/workspace/gmsl/ros_ws/install/imu_ros2/share/imu_ros2/msg/VelAngTempData.msg
-- Installing: /home/laurus/workspace/gmsl/ros_ws/install/imu_ros2/share/imu_ros2/msg/ImuFullMeasuredData.msg
-- Installing: /home/laurus/workspace/gmsl/ros_ws/install/imu_ros2/share/imu_ros2/msg/AccelGyroTempData.msg
-- Installing: /home/laurus/workspace/gmsl/ros_ws/install/imu_ros2/share/imu_ros2/adis1650x/ImuDiagData.msg
-- Installing: /home/laurus/workspace/gmsl/ros_ws/install/imu_ros2/config/imu_config.yaml
-- Installing: /home/laurus/workspace/gmsl/ros_ws/install/imu_ros2/share/ament_index/resource_index/package_run_dependencies/imu_ros2
-- Installing: /home/laurus/workspace/gmsl/ros_ws/install/imu_ros2/share/ament_index/resource_index/parent_prefix_path/imu_ros2
-- Installing: /home/laurus/workspace/gmsl/ros_ws/install/imu_ros2/share/imu_ros2/environment/ament_prefix_path.sh
-- Installing: /home/laurus/workspace/gmsl/ros_ws/install/imu_ros2/share/imu_ros2/environment/ament_prefix_path.dsv
-- Installing: /home/laurus/workspace/gmsl/ros_ws/install/imu_ros2/share/imu_ros2/environment/path.sh
-- Installing: /home/laurus/workspace/gmsl/ros_ws/install/imu_ros2/share/imu_ros2/environment/path.dsv
-- Installing: /home/laurus/workspace/gmsl/ros_ws/install/imu_ros2/share/imu_ros2/local_setup.bash
-- Installing: /home/laurus/workspace/gmsl/ros_ws/install/imu_ros2/share/imu_ros2/local_setup.sh
-- Installing: /home/laurus/workspace/gmsl/ros_ws/install/imu_ros2/share/imu_ros2/local_setup.zsh
-- Installing: /home/laurus/workspace/gmsl/ros_ws/install/imu_ros2/share/imu_ros2/local_setup.dsv
-- Installing: /home/laurus/workspace/gmsl/ros_ws/install/imu_ros2/share/imu_ros2/package.dsv
-- Installing: /home/laurus/workspace/gmsl/ros_ws/install/imu_ros2/share/ament_index/resource_index/packages/imu_ros2
-- Installing: /home/laurus/workspace/gmsl/ros_ws/install/imu_ros2/share/imu_ros2/cmake/export_imu_ros2__rosidl_generator_cExport.cmake
-- Installing: /home/laurus/workspace/gmsl/ros_ws/install/imu_ros2/share/imu_ros2/cmake/export_imu_ros2__rosidl_generator_cExport-noconfig.cmake
-- Installing: /home/laurus/workspace/gmsl/ros_ws/install/imu_ros2/share/imu_ros2/cmake/export_imu_ros2__rosidl_typesupport_fastrtps_cExport.cmake
-- Installing: /home/laurus/workspace/gmsl/ros_ws/install/imu_ros2/share/imu_ros2/cmake/export_imu_ros2__rosidl_typesupport_fastrtps_cExport-noconfig.cmake
-- Installing: /home/laurus/workspace/gmsl/ros_ws/install/imu_ros2/share/imu_ros2/cmake/export_imu_ros2__rosidl_generator_cppExport.cmake
-- Installing: /home/laurus/workspace/gmsl/ros_ws/install/imu_ros2/share/imu_ros2/cmake/export_imu_ros2__rosidl_typesupport_fastrtps_cppExport.cmake
-- Installing: /home/laurus/workspace/gmsl/ros_ws/install/imu_ros2/share/imu_ros2/cmake/export_imu_ros2__rosidl_typesupport_fastrtps_cppExport-noconfig.cmake
-- Installing: /home/laurus/workspace/gmsl/ros_ws/install/imu_ros2/share/imu_ros2/cmake/imu_ros2__rosidl_typesupport_introspection_cExport.cmake
-- Installing: /home/laurus/workspace/gmsl/ros_ws/install/imu_ros2/share/imu_ros2/cmake/imu_ros2__rosidl_typesupport_introspection_cExport-noconfig.cmake
-- Installing: /home/laurus/workspace/gmsl/ros_ws/install/imu_ros2/share/imu_ros2/cmake/imu_ros2__rosidl_typesupport_cExport.cmake
-- Installing: /home/laurus/workspace/gmsl/ros_ws/install/imu_ros2/share/imu_ros2/cmake/imu_ros2__rosidl_typesupport_cExport-noconfig.cmake
-- Installing: /home/laurus/workspace/gmsl/ros_ws/install/imu_ros2/share/imu_ros2/cmake/imu_ros2__rosidl_typesupport_introspection_cppExport.cmake
-- Installing: /home/laurus/workspace/gmsl/ros_ws/install/imu_ros2/share/imu_ros2/cmake/imu_ros2__rosidl_typesupport_introspection_cppExport-noconfig.cmake
-- Installing: /home/laurus/workspace/gmsl/ros_ws/install/imu_ros2/share/imu_ros2/cmake/imu_ros2__rosidl_typesupport_cppExport.cmake
-- Installing: /home/laurus/workspace/gmsl/ros_ws/install/imu_ros2/share/imu_ros2/cmake/imu_ros2__rosidl_typesupport_cppExport-noconfig.cmake
-- Installing: /home/laurus/workspace/gmsl/ros_ws/install/imu_ros2/share/imu_ros2/cmake/export_imu_ros2__rosidl_generator_pyExport.cmake
-- Installing: /home/laurus/workspace/gmsl/ros_ws/install/imu_ros2/share/imu_ros2/cmake/export_imu_ros2__rosidl_generator_pyExport-noconfig.cmake
-- Installing: /home/laurus/workspace/gmsl/ros_ws/install/imu_ros2/share/imu_ros2/cmake/rosidl_cmake-extras.cmake
-- Installing: /home/laurus/workspace/gmsl/ros_ws/install/imu_ros2/share/imu_ros2/cmake/ament_cmake_export_dependencies-extras.cmake
-- Installing: /home/laurus/workspace/gmsl/ros_ws/install/imu_ros2/share/imu_ros2/cmake/ament_cmake_export_include_directories-extras.cmake
-- Installing: /home/laurus/workspace/gmsl/ros_ws/install/imu_ros2/share/imu_ros2/cmake/ament_cmake_export_libraries-extras.cmake
-- Installing: /home/laurus/workspace/gmsl/ros_ws/install/imu_ros2/share/imu_ros2/cmake/ament_cmake_export_targets-extras.cmake
-- Installing: /home/laurus/workspace/gmsl/ros_ws/install/imu_ros2/share/imu_ros2/cmake/rosidl_cmake_export_typesupport_targets-extras.cmake
-- Installing: /home/laurus/workspace/gmsl/ros_ws/install/imu_ros2/share/imu_ros2/cmake/rosidl_cmake_export_typesupport_libraries-extras.cmake
-- Installing: /home/laurus/workspace/gmsl/ros_ws/install/imu_ros2/share/imu_ros2/cmake/imu_ros2Config.cmake
-- Installing: /home/laurus/workspace/gmsl/ros_ws/install/imu_ros2/share/imu_ros2/cmake/imu_ros2Config-version.cmake
-- Installing: /home/laurus/workspace/gmsl/ros_ws/install/imu_ros2/share/imu_ros2/package.xml
-- Installing: /home/laurus/workspace/gmsl/ros_ws/install/imu_ros2/lib/imu_ros2_test/imu_ros2_test_node
-- Set runtime path of "/home/laurus/workspace/gmsl/ros_ws/install/imu_ros2/lib/imu_ros2_test/imu_ros2_test_node" to ""
