[0.022s] Invoking command in '/home/laurus/workspace/gmsl/ros_ws/build/imu_ros2': CMAKE_PREFIX_PATH=${CMAKE_PREFIX_PATH}:/home/laurus/workspace/gmsl/ros_ws/install/imu_yaw:/opt/ros/humble /usr/bin/cmake --build /home/laurus/workspace/gmsl/ros_ws/build/imu_ros2 -- -j8 -l8
[0.384s] [  1%] Built target imu_ros2__cpp
[0.384s] [  3%] Built target gtest_main
[0.385s] [ 10%] Built target imu_ros2__rosidl_generator_c
[0.385s] [ 12%] Built target gtest
[0.385s] [ 12%] Built target ament_cmake_python_copy_imu_ros2
[0.385s] [ 20%] Built target imu_ros2__rosidl_typesupport_cpp
[0.385s] [ 27%] Built target imu_ros2__rosidl_typesupport_introspection_cpp
[0.386s] [ 35%] Built target imu_ros2__rosidl_typesupport_introspection_c
[0.386s] [ 42%] Built target imu_ros2__rosidl_typesupport_c
[0.386s] [ 54%] Built target imu_ros2__rosidl_typesupport_fastrtps_c
[0.386s] [ 57%] Built target imu_ros2__rosidl_typesupport_fastrtps_cpp
[0.386s] [ 57%] Built target imu_ros2
[0.386s] [ 58%] Built target imu_ros2__py
[0.386s] [ 68%] Built target imu_ros2_test_node
[0.386s] [ 87%] Built target imu_ros2_node
[0.386s] [ 93%] Built target imu_ros2__rosidl_generator_py
[0.387s] [ 95%] Built target imu_ros2__rosidl_typesupport_introspection_c__pyext
[0.387s] [ 97%] Built target imu_ros2__rosidl_typesupport_fastrtps_c__pyext
[0.387s] [100%] Built target imu_ros2__rosidl_typesupport_c__pyext
[0.458s] running egg_info
[0.460s] writing imu_ros2.egg-info/PKG-INFO
[0.460s] writing dependency_links to imu_ros2.egg-info/dependency_links.txt
[0.460s] writing top-level names to imu_ros2.egg-info/top_level.txt
[0.464s] reading manifest file 'imu_ros2.egg-info/SOURCES.txt'
[0.465s] writing manifest file 'imu_ros2.egg-info/SOURCES.txt'
[0.504s] [100%] Built target ament_cmake_python_build_imu_ros2_egg
[0.520s] Invoked command in '/home/laurus/workspace/gmsl/ros_ws/build/imu_ros2' returned '0': CMAKE_PREFIX_PATH=${CMAKE_PREFIX_PATH}:/home/laurus/workspace/gmsl/ros_ws/install/imu_yaw:/opt/ros/humble /usr/bin/cmake --build /home/laurus/workspace/gmsl/ros_ws/build/imu_ros2 -- -j8 -l8
[0.756s] Invoking command in '/home/laurus/workspace/gmsl/ros_ws/build/imu_ros2': CMAKE_PREFIX_PATH=${CMAKE_PREFIX_PATH}:/home/laurus/workspace/gmsl/ros_ws/install/imu_yaw:/opt/ros/humble /usr/bin/cmake --install /home/laurus/workspace/gmsl/ros_ws/build/imu_ros2
[0.769s] -- Install configuration: ""
[0.769s] -- Installing: /home/laurus/workspace/gmsl/ros_ws/install/imu_ros2/share/imu_ros2/launch
[0.770s] -- Installing: /home/laurus/workspace/gmsl/ros_ws/install/imu_ros2/share/imu_ros2/launch/imu_tof_fusion.launch.py
[0.770s] -- Installing: /home/laurus/workspace/gmsl/ros_ws/install/imu_ros2/share/imu_ros2/launch/gmsl_imu_4launch.py
[0.770s] -- Installing: /home/laurus/workspace/gmsl/ros_ws/install/imu_ros2/share/imu_ros2/launch/imu_with_madgwick_filter_rviz.launch.py
[0.770s] -- Installing: /home/laurus/workspace/gmsl/ros_ws/install/imu_ros2/share/imu_ros2/launch/gmsl_imu_8launch_rtp.py
[0.771s] -- Installing: /home/laurus/workspace/gmsl/ros_ws/install/imu_ros2/share/imu_ros2/launch/gmsl_imu_8launch.py
[0.771s] -- Installing: /home/laurus/workspace/gmsl/ros_ws/install/imu_ros2/share/imu_ros2/rviz
[0.771s] -- Installing: /home/laurus/workspace/gmsl/ros_ws/install/imu_ros2/share/imu_ros2/rviz/imu_with_gmsl4.rviz
[0.771s] -- Installing: /home/laurus/workspace/gmsl/ros_ws/install/imu_ros2/share/imu_ros2/rviz/imu_tof_fusion.rviz
[0.771s] -- Installing: /home/laurus/workspace/gmsl/ros_ws/install/imu_ros2/share/imu_ros2/rviz/imu_with_madgwick_filter_rviz.rviz
[0.771s] -- Installing: /home/laurus/workspace/gmsl/ros_ws/install/imu_ros2/share/imu_ros2/rviz/imu_with_gmsl8.rviz
[0.772s] -- Installing: /home/laurus/workspace/gmsl/ros_ws/install/imu_ros2/lib/imu_ros2/imu_ros2_node
[0.775s] -- Set runtime path of "/home/laurus/workspace/gmsl/ros_ws/install/imu_ros2/lib/imu_ros2/imu_ros2_node" to ""
[0.775s] -- Installing: /home/laurus/workspace/gmsl/ros_ws/install/imu_ros2/share/ament_index/resource_index/rosidl_interfaces/imu_ros2
[0.775s] -- Installing: /home/laurus/workspace/gmsl/ros_ws/install/imu_ros2/include/imu_ros2/imu_ros2
[0.776s] -- Installing: /home/laurus/workspace/gmsl/ros_ws/install/imu_ros2/include/imu_ros2/imu_ros2/msg
[0.776s] -- Installing: /home/laurus/workspace/gmsl/ros_ws/install/imu_ros2/include/imu_ros2/imu_ros2/msg/imu_identification_data.h
[0.776s] -- Installing: /home/laurus/workspace/gmsl/ros_ws/install/imu_ros2/include/imu_ros2/imu_ros2/msg/imu_full_measured_data.h
[0.776s] -- Installing: /home/laurus/workspace/gmsl/ros_ws/install/imu_ros2/include/imu_ros2/imu_ros2/msg/rosidl_generator_c__visibility_control.h
[0.776s] -- Installing: /home/laurus/workspace/gmsl/ros_ws/install/imu_ros2/include/imu_ros2/imu_ros2/msg/imu_diag_data.h
[0.776s] -- Installing: /home/laurus/workspace/gmsl/ros_ws/install/imu_ros2/include/imu_ros2/imu_ros2/msg/vel_ang_temp_data.h
[0.777s] -- Installing: /home/laurus/workspace/gmsl/ros_ws/install/imu_ros2/include/imu_ros2/imu_ros2/msg/accel_gyro_temp_data.h
[0.777s] -- Installing: /home/laurus/workspace/gmsl/ros_ws/install/imu_ros2/include/imu_ros2/imu_ros2/msg/detail
[0.777s] -- Installing: /home/laurus/workspace/gmsl/ros_ws/install/imu_ros2/include/imu_ros2/imu_ros2/msg/detail/imu_diag_data__functions.h
[0.777s] -- Installing: /home/laurus/workspace/gmsl/ros_ws/install/imu_ros2/include/imu_ros2/imu_ros2/msg/detail/imu_identification_data__functions.h
[0.777s] -- Installing: /home/laurus/workspace/gmsl/ros_ws/install/imu_ros2/include/imu_ros2/imu_ros2/msg/detail/imu_diag_data__functions.c
[0.777s] -- Installing: /home/laurus/workspace/gmsl/ros_ws/install/imu_ros2/include/imu_ros2/imu_ros2/msg/detail/accel_gyro_temp_data__functions.h
[0.778s] -- Installing: /home/laurus/workspace/gmsl/ros_ws/install/imu_ros2/include/imu_ros2/imu_ros2/msg/detail/imu_full_measured_data__struct.h
[0.778s] -- Installing: /home/laurus/workspace/gmsl/ros_ws/install/imu_ros2/include/imu_ros2/imu_ros2/msg/detail/imu_full_measured_data__functions.h
[0.779s] -- Installing: /home/laurus/workspace/gmsl/ros_ws/install/imu_ros2/include/imu_ros2/imu_ros2/msg/detail/accel_gyro_temp_data__struct.h
[0.779s] -- Installing: /home/laurus/workspace/gmsl/ros_ws/install/imu_ros2/include/imu_ros2/imu_ros2/msg/detail/vel_ang_temp_data__type_support.h
[0.779s] -- Installing: /home/laurus/workspace/gmsl/ros_ws/install/imu_ros2/include/imu_ros2/imu_ros2/msg/detail/imu_identification_data__type_support.h
[0.779s] -- Installing: /home/laurus/workspace/gmsl/ros_ws/install/imu_ros2/include/imu_ros2/imu_ros2/msg/detail/imu_diag_data__struct.h
[0.779s] -- Installing: /home/laurus/workspace/gmsl/ros_ws/install/imu_ros2/include/imu_ros2/imu_ros2/msg/detail/imu_full_measured_data__functions.c
[0.779s] -- Installing: /home/laurus/workspace/gmsl/ros_ws/install/imu_ros2/include/imu_ros2/imu_ros2/msg/detail/vel_ang_temp_data__functions.h
[0.780s] -- Installing: /home/laurus/workspace/gmsl/ros_ws/install/imu_ros2/include/imu_ros2/imu_ros2/msg/detail/imu_full_measured_data__type_support.h
[0.780s] -- Installing: /home/laurus/workspace/gmsl/ros_ws/install/imu_ros2/include/imu_ros2/imu_ros2/msg/detail/imu_diag_data__type_support.h
[0.780s] -- Installing: /home/laurus/workspace/gmsl/ros_ws/install/imu_ros2/include/imu_ros2/imu_ros2/msg/detail/imu_identification_data__struct.h
[0.780s] -- Installing: /home/laurus/workspace/gmsl/ros_ws/install/imu_ros2/include/imu_ros2/imu_ros2/msg/detail/vel_ang_temp_data__functions.c
[0.780s] -- Installing: /home/laurus/workspace/gmsl/ros_ws/install/imu_ros2/include/imu_ros2/imu_ros2/msg/detail/vel_ang_temp_data__struct.h
[0.780s] -- Installing: /home/laurus/workspace/gmsl/ros_ws/install/imu_ros2/include/imu_ros2/imu_ros2/msg/detail/accel_gyro_temp_data__type_support.h
[0.780s] -- Installing: /home/laurus/workspace/gmsl/ros_ws/install/imu_ros2/include/imu_ros2/imu_ros2/msg/detail/imu_identification_data__functions.c
[0.780s] -- Installing: /home/laurus/workspace/gmsl/ros_ws/install/imu_ros2/include/imu_ros2/imu_ros2/msg/detail/accel_gyro_temp_data__functions.c
[0.781s] -- Installing: /home/laurus/workspace/gmsl/ros_ws/install/imu_ros2/share/imu_ros2/environment/library_path.sh
[0.781s] -- Installing: /home/laurus/workspace/gmsl/ros_ws/install/imu_ros2/share/imu_ros2/environment/library_path.dsv
[0.781s] -- Installing: /home/laurus/workspace/gmsl/ros_ws/install/imu_ros2/lib/libimu_ros2__rosidl_generator_c.so
[0.782s] -- Set runtime path of "/home/laurus/workspace/gmsl/ros_ws/install/imu_ros2/lib/libimu_ros2__rosidl_generator_c.so" to ""
[0.782s] -- Up-to-date: /home/laurus/workspace/gmsl/ros_ws/install/imu_ros2/include/imu_ros2/imu_ros2
[0.782s] -- Up-to-date: /home/laurus/workspace/gmsl/ros_ws/install/imu_ros2/include/imu_ros2/imu_ros2/msg
[0.783s] -- Up-to-date: /home/laurus/workspace/gmsl/ros_ws/install/imu_ros2/include/imu_ros2/imu_ros2/msg/detail
[0.783s] -- Installing: /home/laurus/workspace/gmsl/ros_ws/install/imu_ros2/include/imu_ros2/imu_ros2/msg/detail/accel_gyro_temp_data__rosidl_typesupport_fastrtps_c.h
[0.783s] -- Installing: /home/laurus/workspace/gmsl/ros_ws/install/imu_ros2/include/imu_ros2/imu_ros2/msg/detail/vel_ang_temp_data__rosidl_typesupport_fastrtps_c.h
[0.783s] -- Installing: /home/laurus/workspace/gmsl/ros_ws/install/imu_ros2/include/imu_ros2/imu_ros2/msg/detail/imu_full_measured_data__rosidl_typesupport_fastrtps_c.h
[0.783s] -- Installing: /home/laurus/workspace/gmsl/ros_ws/install/imu_ros2/include/imu_ros2/imu_ros2/msg/detail/imu_diag_data__rosidl_typesupport_fastrtps_c.h
[0.783s] -- Installing: /home/laurus/workspace/gmsl/ros_ws/install/imu_ros2/include/imu_ros2/imu_ros2/msg/detail/imu_identification_data__rosidl_typesupport_fastrtps_c.h
[0.784s] -- Installing: /home/laurus/workspace/gmsl/ros_ws/install/imu_ros2/include/imu_ros2/imu_ros2/msg/rosidl_typesupport_fastrtps_c__visibility_control.h
[0.784s] -- Installing: /home/laurus/workspace/gmsl/ros_ws/install/imu_ros2/lib/libimu_ros2__rosidl_typesupport_fastrtps_c.so
[0.784s] -- Set runtime path of "/home/laurus/workspace/gmsl/ros_ws/install/imu_ros2/lib/libimu_ros2__rosidl_typesupport_fastrtps_c.so" to ""
[0.785s] -- Up-to-date: /home/laurus/workspace/gmsl/ros_ws/install/imu_ros2/include/imu_ros2/imu_ros2
[0.785s] -- Up-to-date: /home/laurus/workspace/gmsl/ros_ws/install/imu_ros2/include/imu_ros2/imu_ros2/msg
[0.785s] -- Installing: /home/laurus/workspace/gmsl/ros_ws/install/imu_ros2/include/imu_ros2/imu_ros2/msg/imu_identification_data.hpp
[0.785s] -- Installing: /home/laurus/workspace/gmsl/ros_ws/install/imu_ros2/include/imu_ros2/imu_ros2/msg/vel_ang_temp_data.hpp
[0.785s] -- Installing: /home/laurus/workspace/gmsl/ros_ws/install/imu_ros2/include/imu_ros2/imu_ros2/msg/accel_gyro_temp_data.hpp
[0.785s] -- Installing: /home/laurus/workspace/gmsl/ros_ws/install/imu_ros2/include/imu_ros2/imu_ros2/msg/imu_diag_data.hpp
[0.785s] -- Up-to-date: /home/laurus/workspace/gmsl/ros_ws/install/imu_ros2/include/imu_ros2/imu_ros2/msg/detail
[0.786s] -- Installing: /home/laurus/workspace/gmsl/ros_ws/install/imu_ros2/include/imu_ros2/imu_ros2/msg/detail/imu_full_measured_data__builder.hpp
[0.786s] -- Installing: /home/laurus/workspace/gmsl/ros_ws/install/imu_ros2/include/imu_ros2/imu_ros2/msg/detail/imu_diag_data__builder.hpp
[0.786s] -- Installing: /home/laurus/workspace/gmsl/ros_ws/install/imu_ros2/include/imu_ros2/imu_ros2/msg/detail/imu_full_measured_data__struct.hpp
[0.786s] -- Installing: /home/laurus/workspace/gmsl/ros_ws/install/imu_ros2/include/imu_ros2/imu_ros2/msg/detail/accel_gyro_temp_data__builder.hpp
[0.786s] -- Installing: /home/laurus/workspace/gmsl/ros_ws/install/imu_ros2/include/imu_ros2/imu_ros2/msg/detail/imu_identification_data__struct.hpp
[0.787s] -- Installing: /home/laurus/workspace/gmsl/ros_ws/install/imu_ros2/include/imu_ros2/imu_ros2/msg/detail/accel_gyro_temp_data__struct.hpp
[0.787s] -- Installing: /home/laurus/workspace/gmsl/ros_ws/install/imu_ros2/include/imu_ros2/imu_ros2/msg/detail/vel_ang_temp_data__builder.hpp
[0.787s] -- Installing: /home/laurus/workspace/gmsl/ros_ws/install/imu_ros2/include/imu_ros2/imu_ros2/msg/detail/imu_full_measured_data__traits.hpp
[0.787s] -- Installing: /home/laurus/workspace/gmsl/ros_ws/install/imu_ros2/include/imu_ros2/imu_ros2/msg/detail/imu_diag_data__struct.hpp
[0.788s] -- Installing: /home/laurus/workspace/gmsl/ros_ws/install/imu_ros2/include/imu_ros2/imu_ros2/msg/detail/imu_diag_data__traits.hpp
[0.788s] -- Installing: /home/laurus/workspace/gmsl/ros_ws/install/imu_ros2/include/imu_ros2/imu_ros2/msg/detail/vel_ang_temp_data__struct.hpp
[0.788s] -- Installing: /home/laurus/workspace/gmsl/ros_ws/install/imu_ros2/include/imu_ros2/imu_ros2/msg/detail/vel_ang_temp_data__traits.hpp
[0.788s] -- Installing: /home/laurus/workspace/gmsl/ros_ws/install/imu_ros2/include/imu_ros2/imu_ros2/msg/detail/accel_gyro_temp_data__traits.hpp
[0.788s] -- Installing: /home/laurus/workspace/gmsl/ros_ws/install/imu_ros2/include/imu_ros2/imu_ros2/msg/detail/imu_identification_data__builder.hpp
[0.789s] -- Installing: /home/laurus/workspace/gmsl/ros_ws/install/imu_ros2/include/imu_ros2/imu_ros2/msg/detail/imu_identification_data__traits.hpp
[0.789s] -- Installing: /home/laurus/workspace/gmsl/ros_ws/install/imu_ros2/include/imu_ros2/imu_ros2/msg/imu_full_measured_data.hpp
[0.789s] -- Up-to-date: /home/laurus/workspace/gmsl/ros_ws/install/imu_ros2/include/imu_ros2/imu_ros2
[0.789s] -- Up-to-date: /home/laurus/workspace/gmsl/ros_ws/install/imu_ros2/include/imu_ros2/imu_ros2/msg
[0.789s] -- Installing: /home/laurus/workspace/gmsl/ros_ws/install/imu_ros2/include/imu_ros2/imu_ros2/msg/rosidl_typesupport_fastrtps_cpp__visibility_control.h
[0.790s] -- Up-to-date: /home/laurus/workspace/gmsl/ros_ws/install/imu_ros2/include/imu_ros2/imu_ros2/msg/detail
[0.790s] -- Installing: /home/laurus/workspace/gmsl/ros_ws/install/imu_ros2/include/imu_ros2/imu_ros2/msg/detail/accel_gyro_temp_data__rosidl_typesupport_fastrtps_cpp.hpp
[0.790s] -- Installing: /home/laurus/workspace/gmsl/ros_ws/install/imu_ros2/include/imu_ros2/imu_ros2/msg/detail/imu_full_measured_data__rosidl_typesupport_fastrtps_cpp.hpp
[0.790s] -- Installing: /home/laurus/workspace/gmsl/ros_ws/install/imu_ros2/include/imu_ros2/imu_ros2/msg/detail/imu_identification_data__rosidl_typesupport_fastrtps_cpp.hpp
[0.790s] -- Installing: /home/laurus/workspace/gmsl/ros_ws/install/imu_ros2/include/imu_ros2/imu_ros2/msg/detail/dds_fastrtps
[0.790s] -- Installing: /home/laurus/workspace/gmsl/ros_ws/install/imu_ros2/include/imu_ros2/imu_ros2/msg/detail/vel_ang_temp_data__rosidl_typesupport_fastrtps_cpp.hpp
[0.790s] -- Installing: /home/laurus/workspace/gmsl/ros_ws/install/imu_ros2/include/imu_ros2/imu_ros2/msg/detail/imu_diag_data__rosidl_typesupport_fastrtps_cpp.hpp
[0.791s] -- Installing: /home/laurus/workspace/gmsl/ros_ws/install/imu_ros2/lib/libimu_ros2__rosidl_typesupport_fastrtps_cpp.so
[0.791s] -- Set runtime path of "/home/laurus/workspace/gmsl/ros_ws/install/imu_ros2/lib/libimu_ros2__rosidl_typesupport_fastrtps_cpp.so" to ""
[0.791s] -- Up-to-date: /home/laurus/workspace/gmsl/ros_ws/install/imu_ros2/include/imu_ros2/imu_ros2
[0.791s] -- Up-to-date: /home/laurus/workspace/gmsl/ros_ws/install/imu_ros2/include/imu_ros2/imu_ros2/msg
[0.792s] -- Installing: /home/laurus/workspace/gmsl/ros_ws/install/imu_ros2/include/imu_ros2/imu_ros2/msg/rosidl_typesupport_introspection_c__visibility_control.h
[0.792s] -- Up-to-date: /home/laurus/workspace/gmsl/ros_ws/install/imu_ros2/include/imu_ros2/imu_ros2/msg/detail
[0.792s] -- Installing: /home/laurus/workspace/gmsl/ros_ws/install/imu_ros2/include/imu_ros2/imu_ros2/msg/detail/vel_ang_temp_data__type_support.c
[0.792s] -- Installing: /home/laurus/workspace/gmsl/ros_ws/install/imu_ros2/include/imu_ros2/imu_ros2/msg/detail/imu_full_measured_data__rosidl_typesupport_introspection_c.h
[0.792s] -- Installing: /home/laurus/workspace/gmsl/ros_ws/install/imu_ros2/include/imu_ros2/imu_ros2/msg/detail/imu_diag_data__rosidl_typesupport_introspection_c.h
[0.792s] -- Installing: /home/laurus/workspace/gmsl/ros_ws/install/imu_ros2/include/imu_ros2/imu_ros2/msg/detail/imu_identification_data__type_support.c
[0.792s] -- Installing: /home/laurus/workspace/gmsl/ros_ws/install/imu_ros2/include/imu_ros2/imu_ros2/msg/detail/accel_gyro_temp_data__type_support.c
[0.793s] -- Installing: /home/laurus/workspace/gmsl/ros_ws/install/imu_ros2/include/imu_ros2/imu_ros2/msg/detail/imu_diag_data__type_support.c
[0.793s] -- Installing: /home/laurus/workspace/gmsl/ros_ws/install/imu_ros2/include/imu_ros2/imu_ros2/msg/detail/vel_ang_temp_data__rosidl_typesupport_introspection_c.h
[0.793s] -- Installing: /home/laurus/workspace/gmsl/ros_ws/install/imu_ros2/include/imu_ros2/imu_ros2/msg/detail/imu_identification_data__rosidl_typesupport_introspection_c.h
[0.793s] -- Installing: /home/laurus/workspace/gmsl/ros_ws/install/imu_ros2/include/imu_ros2/imu_ros2/msg/detail/imu_full_measured_data__type_support.c
[0.794s] -- Installing: /home/laurus/workspace/gmsl/ros_ws/install/imu_ros2/include/imu_ros2/imu_ros2/msg/detail/accel_gyro_temp_data__rosidl_typesupport_introspection_c.h
[0.794s] -- Installing: /home/laurus/workspace/gmsl/ros_ws/install/imu_ros2/lib/libimu_ros2__rosidl_typesupport_introspection_c.so
[0.794s] -- Set runtime path of "/home/laurus/workspace/gmsl/ros_ws/install/imu_ros2/lib/libimu_ros2__rosidl_typesupport_introspection_c.so" to ""
[0.795s] -- Installing: /home/laurus/workspace/gmsl/ros_ws/install/imu_ros2/lib/libimu_ros2__rosidl_typesupport_c.so
[0.795s] -- Set runtime path of "/home/laurus/workspace/gmsl/ros_ws/install/imu_ros2/lib/libimu_ros2__rosidl_typesupport_c.so" to ""
[0.795s] -- Up-to-date: /home/laurus/workspace/gmsl/ros_ws/install/imu_ros2/include/imu_ros2/imu_ros2
[0.795s] -- Up-to-date: /home/laurus/workspace/gmsl/ros_ws/install/imu_ros2/include/imu_ros2/imu_ros2/msg
[0.796s] -- Up-to-date: /home/laurus/workspace/gmsl/ros_ws/install/imu_ros2/include/imu_ros2/imu_ros2/msg/detail
[0.796s] -- Installing: /home/laurus/workspace/gmsl/ros_ws/install/imu_ros2/include/imu_ros2/imu_ros2/msg/detail/vel_ang_temp_data__type_support.cpp
[0.796s] -- Installing: /home/laurus/workspace/gmsl/ros_ws/install/imu_ros2/include/imu_ros2/imu_ros2/msg/detail/imu_full_measured_data__rosidl_typesupport_introspection_cpp.hpp
[0.796s] -- Installing: /home/laurus/workspace/gmsl/ros_ws/install/imu_ros2/include/imu_ros2/imu_ros2/msg/detail/accel_gyro_temp_data__type_support.cpp
[0.796s] -- Installing: /home/laurus/workspace/gmsl/ros_ws/install/imu_ros2/include/imu_ros2/imu_ros2/msg/detail/vel_ang_temp_data__rosidl_typesupport_introspection_cpp.hpp
[0.796s] -- Installing: /home/laurus/workspace/gmsl/ros_ws/install/imu_ros2/include/imu_ros2/imu_ros2/msg/detail/imu_diag_data__rosidl_typesupport_introspection_cpp.hpp
[0.796s] -- Installing: /home/laurus/workspace/gmsl/ros_ws/install/imu_ros2/include/imu_ros2/imu_ros2/msg/detail/imu_identification_data__type_support.cpp
[0.797s] -- Installing: /home/laurus/workspace/gmsl/ros_ws/install/imu_ros2/include/imu_ros2/imu_ros2/msg/detail/imu_identification_data__rosidl_typesupport_introspection_cpp.hpp
[0.797s] -- Installing: /home/laurus/workspace/gmsl/ros_ws/install/imu_ros2/include/imu_ros2/imu_ros2/msg/detail/accel_gyro_temp_data__rosidl_typesupport_introspection_cpp.hpp
[0.797s] -- Installing: /home/laurus/workspace/gmsl/ros_ws/install/imu_ros2/include/imu_ros2/imu_ros2/msg/detail/imu_diag_data__type_support.cpp
[0.797s] -- Installing: /home/laurus/workspace/gmsl/ros_ws/install/imu_ros2/include/imu_ros2/imu_ros2/msg/detail/imu_full_measured_data__type_support.cpp
[0.798s] -- Installing: /home/laurus/workspace/gmsl/ros_ws/install/imu_ros2/lib/libimu_ros2__rosidl_typesupport_introspection_cpp.so
[0.798s] -- Set runtime path of "/home/laurus/workspace/gmsl/ros_ws/install/imu_ros2/lib/libimu_ros2__rosidl_typesupport_introspection_cpp.so" to ""
[0.799s] -- Installing: /home/laurus/workspace/gmsl/ros_ws/install/imu_ros2/lib/libimu_ros2__rosidl_typesupport_cpp.so
[0.799s] -- Set runtime path of "/home/laurus/workspace/gmsl/ros_ws/install/imu_ros2/lib/libimu_ros2__rosidl_typesupport_cpp.so" to ""
[0.800s] -- Installing: /home/laurus/workspace/gmsl/ros_ws/install/imu_ros2/share/imu_ros2/environment/pythonpath.sh
[0.800s] -- Installing: /home/laurus/workspace/gmsl/ros_ws/install/imu_ros2/share/imu_ros2/environment/pythonpath.dsv
[0.800s] -- Installing: /home/laurus/workspace/gmsl/ros_ws/install/imu_ros2/local/lib/python3.10/dist-packages/imu_ros2-0.0.1-py3.10.egg-info
[0.800s] -- Installing: /home/laurus/workspace/gmsl/ros_ws/install/imu_ros2/local/lib/python3.10/dist-packages/imu_ros2-0.0.1-py3.10.egg-info/dependency_links.txt
[0.800s] -- Installing: /home/laurus/workspace/gmsl/ros_ws/install/imu_ros2/local/lib/python3.10/dist-packages/imu_ros2-0.0.1-py3.10.egg-info/top_level.txt
[0.801s] -- Installing: /home/laurus/workspace/gmsl/ros_ws/install/imu_ros2/local/lib/python3.10/dist-packages/imu_ros2-0.0.1-py3.10.egg-info/SOURCES.txt
[0.801s] -- Installing: /home/laurus/workspace/gmsl/ros_ws/install/imu_ros2/local/lib/python3.10/dist-packages/imu_ros2-0.0.1-py3.10.egg-info/PKG-INFO
[0.801s] -- Installing: /home/laurus/workspace/gmsl/ros_ws/install/imu_ros2/local/lib/python3.10/dist-packages/imu_ros2
[0.801s] -- Installing: /home/laurus/workspace/gmsl/ros_ws/install/imu_ros2/local/lib/python3.10/dist-packages/imu_ros2/_imu_ros2_s.ep.rosidl_typesupport_fastrtps_c.c
[0.802s] -- Installing: /home/laurus/workspace/gmsl/ros_ws/install/imu_ros2/local/lib/python3.10/dist-packages/imu_ros2/imu_ros2_s__rosidl_typesupport_c.cpython-310-x86_64-linux-gnu.so
[0.802s] -- Installing: /home/laurus/workspace/gmsl/ros_ws/install/imu_ros2/local/lib/python3.10/dist-packages/imu_ros2/_imu_ros2_s.ep.rosidl_typesupport_introspection_c.c
[0.802s] -- Installing: /home/laurus/workspace/gmsl/ros_ws/install/imu_ros2/local/lib/python3.10/dist-packages/imu_ros2/imu_ros2_s__rosidl_typesupport_introspection_c.cpython-310-x86_64-linux-gnu.so
[0.802s] -- Installing: /home/laurus/workspace/gmsl/ros_ws/install/imu_ros2/local/lib/python3.10/dist-packages/imu_ros2/imu_ros2_s__rosidl_typesupport_fastrtps_c.cpython-310-x86_64-linux-gnu.so
[0.803s] -- Installing: /home/laurus/workspace/gmsl/ros_ws/install/imu_ros2/local/lib/python3.10/dist-packages/imu_ros2/__init__.py
[0.803s] -- Installing: /home/laurus/workspace/gmsl/ros_ws/install/imu_ros2/local/lib/python3.10/dist-packages/imu_ros2/msg
[0.803s] -- Installing: /home/laurus/workspace/gmsl/ros_ws/install/imu_ros2/local/lib/python3.10/dist-packages/imu_ros2/msg/_imu_diag_data.py
[0.803s] -- Installing: /home/laurus/workspace/gmsl/ros_ws/install/imu_ros2/local/lib/python3.10/dist-packages/imu_ros2/msg/_imu_identification_data_s.c
[0.803s] -- Installing: /home/laurus/workspace/gmsl/ros_ws/install/imu_ros2/local/lib/python3.10/dist-packages/imu_ros2/msg/_imu_full_measured_data_s.c
[0.803s] -- Installing: /home/laurus/workspace/gmsl/ros_ws/install/imu_ros2/local/lib/python3.10/dist-packages/imu_ros2/msg/_vel_ang_temp_data_s.c
[0.804s] -- Installing: /home/laurus/workspace/gmsl/ros_ws/install/imu_ros2/local/lib/python3.10/dist-packages/imu_ros2/msg/_imu_identification_data.py
[0.804s] -- Installing: /home/laurus/workspace/gmsl/ros_ws/install/imu_ros2/local/lib/python3.10/dist-packages/imu_ros2/msg/_imu_diag_data_s.c
[0.804s] -- Installing: /home/laurus/workspace/gmsl/ros_ws/install/imu_ros2/local/lib/python3.10/dist-packages/imu_ros2/msg/__init__.py
[0.804s] -- Installing: /home/laurus/workspace/gmsl/ros_ws/install/imu_ros2/local/lib/python3.10/dist-packages/imu_ros2/msg/_imu_full_measured_data.py
[0.804s] -- Installing: /home/laurus/workspace/gmsl/ros_ws/install/imu_ros2/local/lib/python3.10/dist-packages/imu_ros2/msg/_vel_ang_temp_data.py
[0.805s] -- Installing: /home/laurus/workspace/gmsl/ros_ws/install/imu_ros2/local/lib/python3.10/dist-packages/imu_ros2/msg/_accel_gyro_temp_data.py
[0.805s] -- Installing: /home/laurus/workspace/gmsl/ros_ws/install/imu_ros2/local/lib/python3.10/dist-packages/imu_ros2/msg/_accel_gyro_temp_data_s.c
[0.805s] -- Installing: /home/laurus/workspace/gmsl/ros_ws/install/imu_ros2/local/lib/python3.10/dist-packages/imu_ros2/_imu_ros2_s.ep.rosidl_typesupport_c.c
[0.805s] -- Installing: /home/laurus/workspace/gmsl/ros_ws/install/imu_ros2/local/lib/python3.10/dist-packages/imu_ros2/libimu_ros2__rosidl_generator_py.so
[0.878s] Listing '/home/laurus/workspace/gmsl/ros_ws/install/imu_ros2/local/lib/python3.10/dist-packages/imu_ros2'...
[0.878s] Compiling '/home/laurus/workspace/gmsl/ros_ws/install/imu_ros2/local/lib/python3.10/dist-packages/imu_ros2/__init__.py'...
[0.878s] Listing '/home/laurus/workspace/gmsl/ros_ws/install/imu_ros2/local/lib/python3.10/dist-packages/imu_ros2/msg'...
[0.878s] Compiling '/home/laurus/workspace/gmsl/ros_ws/install/imu_ros2/local/lib/python3.10/dist-packages/imu_ros2/msg/__init__.py'...
[0.878s] Compiling '/home/laurus/workspace/gmsl/ros_ws/install/imu_ros2/local/lib/python3.10/dist-packages/imu_ros2/msg/_accel_gyro_temp_data.py'...
[0.879s] Compiling '/home/laurus/workspace/gmsl/ros_ws/install/imu_ros2/local/lib/python3.10/dist-packages/imu_ros2/msg/_imu_diag_data.py'...
[0.879s] Compiling '/home/laurus/workspace/gmsl/ros_ws/install/imu_ros2/local/lib/python3.10/dist-packages/imu_ros2/msg/_imu_full_measured_data.py'...
[0.879s] Compiling '/home/laurus/workspace/gmsl/ros_ws/install/imu_ros2/local/lib/python3.10/dist-packages/imu_ros2/msg/_imu_identification_data.py'...
[0.879s] Compiling '/home/laurus/workspace/gmsl/ros_ws/install/imu_ros2/local/lib/python3.10/dist-packages/imu_ros2/msg/_vel_ang_temp_data.py'...
[0.887s] -- Installing: /home/laurus/workspace/gmsl/ros_ws/install/imu_ros2/local/lib/python3.10/dist-packages/imu_ros2/imu_ros2_s__rosidl_typesupport_fastrtps_c.cpython-310-x86_64-linux-gnu.so
[0.888s] -- Set runtime path of "/home/laurus/workspace/gmsl/ros_ws/install/imu_ros2/local/lib/python3.10/dist-packages/imu_ros2/imu_ros2_s__rosidl_typesupport_fastrtps_c.cpython-310-x86_64-linux-gnu.so" to ""
[0.888s] -- Installing: /home/laurus/workspace/gmsl/ros_ws/install/imu_ros2/local/lib/python3.10/dist-packages/imu_ros2/imu_ros2_s__rosidl_typesupport_introspection_c.cpython-310-x86_64-linux-gnu.so
[0.889s] -- Set runtime path of "/home/laurus/workspace/gmsl/ros_ws/install/imu_ros2/local/lib/python3.10/dist-packages/imu_ros2/imu_ros2_s__rosidl_typesupport_introspection_c.cpython-310-x86_64-linux-gnu.so" to ""
[0.889s] -- Installing: /home/laurus/workspace/gmsl/ros_ws/install/imu_ros2/local/lib/python3.10/dist-packages/imu_ros2/imu_ros2_s__rosidl_typesupport_c.cpython-310-x86_64-linux-gnu.so
[0.890s] -- Set runtime path of "/home/laurus/workspace/gmsl/ros_ws/install/imu_ros2/local/lib/python3.10/dist-packages/imu_ros2/imu_ros2_s__rosidl_typesupport_c.cpython-310-x86_64-linux-gnu.so" to ""
[0.890s] -- Installing: /home/laurus/workspace/gmsl/ros_ws/install/imu_ros2/lib/libimu_ros2__rosidl_generator_py.so
[0.891s] -- Set runtime path of "/home/laurus/workspace/gmsl/ros_ws/install/imu_ros2/lib/libimu_ros2__rosidl_generator_py.so" to ""
[0.891s] -- Installing: /home/laurus/workspace/gmsl/ros_ws/install/imu_ros2/share/imu_ros2/msg/ImuIdentificationData.idl
[0.891s] -- Installing: /home/laurus/workspace/gmsl/ros_ws/install/imu_ros2/share/imu_ros2/msg/VelAngTempData.idl
[0.892s] -- Installing: /home/laurus/workspace/gmsl/ros_ws/install/imu_ros2/share/imu_ros2/msg/ImuFullMeasuredData.idl
[0.892s] -- Installing: /home/laurus/workspace/gmsl/ros_ws/install/imu_ros2/share/imu_ros2/msg/AccelGyroTempData.idl
[0.892s] -- Installing: /home/laurus/workspace/gmsl/ros_ws/install/imu_ros2/share/imu_ros2/msg/ImuDiagData.idl
[0.892s] -- Installing: /home/laurus/workspace/gmsl/ros_ws/install/imu_ros2/share/imu_ros2/msg/ImuIdentificationData.msg
[0.892s] -- Installing: /home/laurus/workspace/gmsl/ros_ws/install/imu_ros2/share/imu_ros2/msg/VelAngTempData.msg
[0.893s] -- Installing: /home/laurus/workspace/gmsl/ros_ws/install/imu_ros2/share/imu_ros2/msg/ImuFullMeasuredData.msg
[0.893s] -- Installing: /home/laurus/workspace/gmsl/ros_ws/install/imu_ros2/share/imu_ros2/msg/AccelGyroTempData.msg
[0.893s] -- Installing: /home/laurus/workspace/gmsl/ros_ws/install/imu_ros2/share/imu_ros2/adis1650x/ImuDiagData.msg
[0.894s] -- Installing: /home/laurus/workspace/gmsl/ros_ws/install/imu_ros2/config/imu_config.yaml
[0.894s] -- Installing: /home/laurus/workspace/gmsl/ros_ws/install/imu_ros2/share/ament_index/resource_index/package_run_dependencies/imu_ros2
[0.894s] -- Installing: /home/laurus/workspace/gmsl/ros_ws/install/imu_ros2/share/ament_index/resource_index/parent_prefix_path/imu_ros2
[0.895s] -- Installing: /home/laurus/workspace/gmsl/ros_ws/install/imu_ros2/share/imu_ros2/environment/ament_prefix_path.sh
[0.895s] -- Installing: /home/laurus/workspace/gmsl/ros_ws/install/imu_ros2/share/imu_ros2/environment/ament_prefix_path.dsv
[0.895s] -- Installing: /home/laurus/workspace/gmsl/ros_ws/install/imu_ros2/share/imu_ros2/environment/path.sh
[0.895s] -- Installing: /home/laurus/workspace/gmsl/ros_ws/install/imu_ros2/share/imu_ros2/environment/path.dsv
[0.895s] -- Installing: /home/laurus/workspace/gmsl/ros_ws/install/imu_ros2/share/imu_ros2/local_setup.bash
[0.896s] -- Installing: /home/laurus/workspace/gmsl/ros_ws/install/imu_ros2/share/imu_ros2/local_setup.sh
[0.896s] -- Installing: /home/laurus/workspace/gmsl/ros_ws/install/imu_ros2/share/imu_ros2/local_setup.zsh
[0.896s] -- Installing: /home/laurus/workspace/gmsl/ros_ws/install/imu_ros2/share/imu_ros2/local_setup.dsv
[0.896s] -- Installing: /home/laurus/workspace/gmsl/ros_ws/install/imu_ros2/share/imu_ros2/package.dsv
[0.898s] -- Installing: /home/laurus/workspace/gmsl/ros_ws/install/imu_ros2/share/ament_index/resource_index/packages/imu_ros2
[0.899s] -- Installing: /home/laurus/workspace/gmsl/ros_ws/install/imu_ros2/share/imu_ros2/cmake/export_imu_ros2__rosidl_generator_cExport.cmake
[0.899s] -- Installing: /home/laurus/workspace/gmsl/ros_ws/install/imu_ros2/share/imu_ros2/cmake/export_imu_ros2__rosidl_generator_cExport-noconfig.cmake
[0.899s] -- Installing: /home/laurus/workspace/gmsl/ros_ws/install/imu_ros2/share/imu_ros2/cmake/export_imu_ros2__rosidl_typesupport_fastrtps_cExport.cmake
[0.899s] -- Installing: /home/laurus/workspace/gmsl/ros_ws/install/imu_ros2/share/imu_ros2/cmake/export_imu_ros2__rosidl_typesupport_fastrtps_cExport-noconfig.cmake
[0.899s] -- Installing: /home/laurus/workspace/gmsl/ros_ws/install/imu_ros2/share/imu_ros2/cmake/export_imu_ros2__rosidl_generator_cppExport.cmake
[0.900s] -- Installing: /home/laurus/workspace/gmsl/ros_ws/install/imu_ros2/share/imu_ros2/cmake/export_imu_ros2__rosidl_typesupport_fastrtps_cppExport.cmake
[0.900s] -- Installing: /home/laurus/workspace/gmsl/ros_ws/install/imu_ros2/share/imu_ros2/cmake/export_imu_ros2__rosidl_typesupport_fastrtps_cppExport-noconfig.cmake
[0.901s] -- Installing: /home/laurus/workspace/gmsl/ros_ws/install/imu_ros2/share/imu_ros2/cmake/imu_ros2__rosidl_typesupport_introspection_cExport.cmake
[0.903s] -- Installing: /home/laurus/workspace/gmsl/ros_ws/install/imu_ros2/share/imu_ros2/cmake/imu_ros2__rosidl_typesupport_introspection_cExport-noconfig.cmake
[0.904s] -- Installing: /home/laurus/workspace/gmsl/ros_ws/install/imu_ros2/share/imu_ros2/cmake/imu_ros2__rosidl_typesupport_cExport.cmake
[0.904s] -- Installing: /home/laurus/workspace/gmsl/ros_ws/install/imu_ros2/share/imu_ros2/cmake/imu_ros2__rosidl_typesupport_cExport-noconfig.cmake
[0.904s] -- Installing: /home/laurus/workspace/gmsl/ros_ws/install/imu_ros2/share/imu_ros2/cmake/imu_ros2__rosidl_typesupport_introspection_cppExport.cmake
[0.905s] -- Installing: /home/laurus/workspace/gmsl/ros_ws/install/imu_ros2/share/imu_ros2/cmake/imu_ros2__rosidl_typesupport_introspection_cppExport-noconfig.cmake
[0.905s] -- Installing: /home/laurus/workspace/gmsl/ros_ws/install/imu_ros2/share/imu_ros2/cmake/imu_ros2__rosidl_typesupport_cppExport.cmake
[0.905s] -- Installing: /home/laurus/workspace/gmsl/ros_ws/install/imu_ros2/share/imu_ros2/cmake/imu_ros2__rosidl_typesupport_cppExport-noconfig.cmake
[0.905s] -- Installing: /home/laurus/workspace/gmsl/ros_ws/install/imu_ros2/share/imu_ros2/cmake/export_imu_ros2__rosidl_generator_pyExport.cmake
[0.905s] -- Installing: /home/laurus/workspace/gmsl/ros_ws/install/imu_ros2/share/imu_ros2/cmake/export_imu_ros2__rosidl_generator_pyExport-noconfig.cmake
[0.905s] -- Installing: /home/laurus/workspace/gmsl/ros_ws/install/imu_ros2/share/imu_ros2/cmake/rosidl_cmake-extras.cmake
[0.905s] -- Installing: /home/laurus/workspace/gmsl/ros_ws/install/imu_ros2/share/imu_ros2/cmake/ament_cmake_export_dependencies-extras.cmake
[0.905s] -- Installing: /home/laurus/workspace/gmsl/ros_ws/install/imu_ros2/share/imu_ros2/cmake/ament_cmake_export_include_directories-extras.cmake
[0.907s] -- Installing: /home/laurus/workspace/gmsl/ros_ws/install/imu_ros2/share/imu_ros2/cmake/ament_cmake_export_libraries-extras.cmake
[0.907s] -- Installing: /home/laurus/workspace/gmsl/ros_ws/install/imu_ros2/share/imu_ros2/cmake/ament_cmake_export_targets-extras.cmake
[0.907s] -- Installing: /home/laurus/workspace/gmsl/ros_ws/install/imu_ros2/share/imu_ros2/cmake/rosidl_cmake_export_typesupport_targets-extras.cmake
[0.907s] -- Installing: /home/laurus/workspace/gmsl/ros_ws/install/imu_ros2/share/imu_ros2/cmake/rosidl_cmake_export_typesupport_libraries-extras.cmake
[0.907s] -- Installing: /home/laurus/workspace/gmsl/ros_ws/install/imu_ros2/share/imu_ros2/cmake/imu_ros2Config.cmake
[0.907s] -- Installing: /home/laurus/workspace/gmsl/ros_ws/install/imu_ros2/share/imu_ros2/cmake/imu_ros2Config-version.cmake
[0.907s] -- Installing: /home/laurus/workspace/gmsl/ros_ws/install/imu_ros2/share/imu_ros2/package.xml
[0.907s] -- Installing: /home/laurus/workspace/gmsl/ros_ws/install/imu_ros2/lib/imu_ros2_test/imu_ros2_test_node
[0.921s] -- Set runtime path of "/home/laurus/workspace/gmsl/ros_ws/install/imu_ros2/lib/imu_ros2_test/imu_ros2_test_node" to ""
[0.925s] Invoked command in '/home/laurus/workspace/gmsl/ros_ws/build/imu_ros2' returned '0': CMAKE_PREFIX_PATH=${CMAKE_PREFIX_PATH}:/home/laurus/workspace/gmsl/ros_ws/install/imu_yaw:/opt/ros/humble /usr/bin/cmake --install /home/laurus/workspace/gmsl/ros_ws/build/imu_ros2
