[0.010s] Invoking command in '/home/laurus/workspace/gmsl/ros_ws/build/gscam2': CMAKE_PREFIX_PATH=/home/laurus/workspace/gmsl/ros_ws/install/ros2_shared:/home/laurus/workspace/gmsl/ros_ws/install/video_receiver:/home/laurus/workspace/gmsl/ros_ws/install/topic_tools:/home/laurus/workspace/gmsl/ros_ws/install/topic_tools_interfaces:/home/laurus/workspace/gmsl/ros_ws/install/gscam2:/home/laurus/workspace/gmsl/ros_ws/install/imu_ros2:/home/laurus/workspace/gmsl/ros_ws/install/imu_yaw:/opt/ros/humble /usr/bin/cmake /home/laurus/workspace/gmsl/ros_ws/src/gscam2 -DCMAKE_INSTALL_PREFIX=/home/laurus/workspace/gmsl/ros_ws/install/gscam2
[0.082s] -- The C compiler identification is GNU 11.4.0
[0.167s] -- The CXX compiler identification is GNU 11.4.0
[0.179s] -- Detecting C compiler ABI info
[0.270s] -- Detecting C compiler ABI info - done
[0.294s] -- Check for working C compiler: /usr/bin/cc - skipped
[0.295s] -- Detecting C compile features
[0.296s] -- Detecting C compile features - done
[0.303s] -- Detecting CXX compiler ABI info
[0.412s] -- Detecting CXX compiler ABI info - done
[0.430s] -- Check for working CXX compiler: /usr/bin/c++ - skipped
[0.432s] -- Detecting CXX compile features
[0.433s] -- Detecting CXX compile features - done
[0.438s] -- Found PkgConfig: /usr/bin/pkg-config (found version "0.29.2") 
[0.438s] -- Checking for module 'gstreamer-1.0'
[0.456s] --   Found gstreamer-1.0, version 1.20.3
[0.512s] -- Checking for module 'gstreamer-app-1.0'
[0.528s] --   Found gstreamer-app-1.0, version 1.20.1
[0.578s] -- Found ament_cmake: 1.3.8 (/opt/ros/humble/share/ament_cmake/cmake)
[0.767s] -- Found Python3: /usr/bin/python3 (found version "3.10.12") found components: Interpreter 
[0.868s] -- Found camera_calibration_parsers: 3.1.9 (/opt/ros/humble/share/camera_calibration_parsers/cmake)
[0.914s] -- Found rosidl_generator_c: 3.1.5 (/opt/ros/humble/share/rosidl_generator_c/cmake)
[0.920s] -- Found rosidl_adapter: 3.1.5 (/opt/ros/humble/share/rosidl_adapter/cmake)
[0.930s] -- Found rosidl_generator_cpp: 3.1.5 (/opt/ros/humble/share/rosidl_generator_cpp/cmake)
[0.946s] -- Using all available rosidl_typesupport_c: rosidl_typesupport_fastrtps_c;rosidl_typesupport_introspection_c
[0.969s] -- Using all available rosidl_typesupport_cpp: rosidl_typesupport_fastrtps_cpp;rosidl_typesupport_introspection_cpp
[1.052s] -- Found rmw_implementation_cmake: 6.1.1 (/opt/ros/humble/share/rmw_implementation_cmake/cmake)
[1.054s] -- Found rmw_fastrtps_cpp: 6.2.6 (/opt/ros/humble/share/rmw_fastrtps_cpp/cmake)
[1.166s] -- Found OpenSSL: /usr/lib/x86_64-linux-gnu/libcrypto.so (found version "3.0.2")  
[1.195s] -- Found FastRTPS: /opt/ros/humble/include  
[1.246s] -- Using RMW implementation 'rmw_fastrtps_cpp' as default
[1.257s] -- Looking for pthread.h
[1.333s] -- Looking for pthread.h - found
[1.334s] -- Performing Test CMAKE_HAVE_LIBC_PTHREAD
[1.411s] -- Performing Test CMAKE_HAVE_LIBC_PTHREAD - Success
[1.412s] -- Found Threads: TRUE  
[1.785s] -- Found camera_info_manager: 3.1.9 (/opt/ros/humble/share/camera_info_manager/cmake)
[1.802s] -- Found class_loader: 2.2.0 (/opt/ros/humble/share/class_loader/cmake)
[1.811s] -- Found rclcpp_components: 16.0.8 (/opt/ros/humble/share/rclcpp_components/cmake)
[1.878s] -- Found rclpy: 3.3.12 (/opt/ros/humble/share/rclpy/cmake)
[1.879s] -- Found ros2_shared: 0.1.0 (/home/laurus/workspace/gmsl/ros_ws/install/ros2_shared/share/ros2_shared/cmake)
[1.884s] -- Found ament_lint_auto: 0.12.10 (/opt/ros/humble/share/ament_lint_auto/cmake)
[1.975s] -- Found gtest sources under '/opt/ros/humble/src/gtest_vendor': C++ tests using 'Google Test' will be built
[1.989s] -- Added test 'cppcheck' to perform static code analysis on C / C++ code
[1.989s] -- Configured cppcheck include dirs: $<BUILD_INTERFACE:/home/laurus/workspace/gmsl/ros_ws/src/gscam2/include>
[1.989s] -- Configured cppcheck exclude dirs and/or files: 
[1.990s] -- Added test 'flake8' to check Python code syntax and style conventions
[1.992s] -- Added test 'lint_cmake' to check CMake code style
[1.994s] -- Added test 'pep257' to check Python code against some of the docstring style conventions in PEP 257
[1.999s] -- Added test 'uncrustify' to check C / C++ code style
[1.999s] -- Configured uncrustify additional arguments: 
[2.000s] -- Added test 'xmllint' to check XML markup files
[2.003s] -- Configuring done
[2.038s] -- Generating done
[2.041s] -- Build files have been written to: /home/laurus/workspace/gmsl/ros_ws/build/gscam2
[2.054s] Invoked command in '/home/laurus/workspace/gmsl/ros_ws/build/gscam2' returned '0': CMAKE_PREFIX_PATH=/home/laurus/workspace/gmsl/ros_ws/install/ros2_shared:/home/laurus/workspace/gmsl/ros_ws/install/video_receiver:/home/laurus/workspace/gmsl/ros_ws/install/topic_tools:/home/laurus/workspace/gmsl/ros_ws/install/topic_tools_interfaces:/home/laurus/workspace/gmsl/ros_ws/install/gscam2:/home/laurus/workspace/gmsl/ros_ws/install/imu_ros2:/home/laurus/workspace/gmsl/ros_ws/install/imu_yaw:/opt/ros/humble /usr/bin/cmake /home/laurus/workspace/gmsl/ros_ws/src/gscam2 -DCMAKE_INSTALL_PREFIX=/home/laurus/workspace/gmsl/ros_ws/install/gscam2
[2.055s] Invoking command in '/home/laurus/workspace/gmsl/ros_ws/build/gscam2': CMAKE_PREFIX_PATH=/home/laurus/workspace/gmsl/ros_ws/install/ros2_shared:/home/laurus/workspace/gmsl/ros_ws/install/video_receiver:/home/laurus/workspace/gmsl/ros_ws/install/topic_tools:/home/laurus/workspace/gmsl/ros_ws/install/topic_tools_interfaces:/home/laurus/workspace/gmsl/ros_ws/install/gscam2:/home/laurus/workspace/gmsl/ros_ws/install/imu_ros2:/home/laurus/workspace/gmsl/ros_ws/install/imu_yaw:/opt/ros/humble /usr/bin/cmake --build /home/laurus/workspace/gmsl/ros_ws/build/gscam2 -- -j8 -l8
[2.109s] [  7%] [32mBuilding CXX object gtest/CMakeFiles/gtest_main.dir/src/gtest_main.cc.o[0m
[2.112s] [ 14%] [32mBuilding CXX object CMakeFiles/gscam_node.dir/src/gscam_node.cpp.o[0m
[2.112s] [ 21%] [32mBuilding CXX object gtest/CMakeFiles/gtest.dir/src/gtest-all.cc.o[0m
[2.118s] [ 28%] [32mBuilding CXX object CMakeFiles/subscriber_node.dir/src/subscriber_node.cpp.o[0m
[3.295s] [ 35%] [32m[1mLinking CXX static library libgtest_main.a[0m
[3.351s] [ 35%] Built target gtest_main
[5.787s] [ 42%] [32m[1mLinking CXX static library libgtest.a[0m
[5.863s] [ 42%] Built target gtest
[9.502s] [ 50%] [32m[1mLinking CXX shared library libgscam_node.so[0m
[9.836s] [ 50%] Built target gscam_node
[9.859s] [ 64%] [32mBuilding CXX object CMakeFiles/gscam_main.dir/src/gscam_main.cpp.o[0m
[9.859s] [ 64%] [32mBuilding CXX object CMakeFiles/smoke_test.dir/test/smoke_test.cpp.o[0m
[12.864s] [ 71%] [32m[1mLinking CXX shared library libsubscriber_node.so[0m
[13.450s] [ 71%] Built target subscriber_node
[13.474s] [ 78%] [32mBuilding CXX object CMakeFiles/ipc_test_main.dir/src/ipc_test_main.cpp.o[0m
[13.664s] [ 85%] [32m[1mLinking CXX executable gscam_main[0m
[13.845s] [ 85%] Built target gscam_main
[17.019s] [ 92%] [32m[1mLinking CXX executable ipc_test_main[0m
[17.280s] [ 92%] Built target ipc_test_main
[20.210s] [100%] [32m[1mLinking CXX executable smoke_test[0m
[20.768s] [100%] Built target smoke_test
[20.779s] Invoked command in '/home/laurus/workspace/gmsl/ros_ws/build/gscam2' returned '0': CMAKE_PREFIX_PATH=/home/laurus/workspace/gmsl/ros_ws/install/ros2_shared:/home/laurus/workspace/gmsl/ros_ws/install/video_receiver:/home/laurus/workspace/gmsl/ros_ws/install/topic_tools:/home/laurus/workspace/gmsl/ros_ws/install/topic_tools_interfaces:/home/laurus/workspace/gmsl/ros_ws/install/gscam2:/home/laurus/workspace/gmsl/ros_ws/install/imu_ros2:/home/laurus/workspace/gmsl/ros_ws/install/imu_yaw:/opt/ros/humble /usr/bin/cmake --build /home/laurus/workspace/gmsl/ros_ws/build/gscam2 -- -j8 -l8
[20.824s] Invoking command in '/home/laurus/workspace/gmsl/ros_ws/build/gscam2': CMAKE_PREFIX_PATH=/home/laurus/workspace/gmsl/ros_ws/install/ros2_shared:/home/laurus/workspace/gmsl/ros_ws/install/video_receiver:/home/laurus/workspace/gmsl/ros_ws/install/topic_tools:/home/laurus/workspace/gmsl/ros_ws/install/topic_tools_interfaces:/home/laurus/workspace/gmsl/ros_ws/install/gscam2:/home/laurus/workspace/gmsl/ros_ws/install/imu_ros2:/home/laurus/workspace/gmsl/ros_ws/install/imu_yaw:/opt/ros/humble /usr/bin/cmake --install /home/laurus/workspace/gmsl/ros_ws/build/gscam2
[20.832s] -- Install configuration: ""
[20.832s] -- Installing: /home/laurus/workspace/gmsl/ros_ws/install/gscam2/include/gscam2
[20.832s] -- Installing: /home/laurus/workspace/gmsl/ros_ws/install/gscam2/include/gscam2/gscam_node.hpp
[20.832s] -- Installing: /home/laurus/workspace/gmsl/ros_ws/install/gscam2/include/gscam2/subscriber_node.hpp
[20.832s] -- Installing: /home/laurus/workspace/gmsl/ros_ws/install/gscam2/lib/libgscam_node.so
[20.835s] -- Set runtime path of "/home/laurus/workspace/gmsl/ros_ws/install/gscam2/lib/libgscam_node.so" to ""
[20.835s] -- Installing: /home/laurus/workspace/gmsl/ros_ws/install/gscam2/lib/libsubscriber_node.so
[20.843s] -- Set runtime path of "/home/laurus/workspace/gmsl/ros_ws/install/gscam2/lib/libsubscriber_node.so" to ""
[20.843s] -- Installing: /home/laurus/workspace/gmsl/ros_ws/install/gscam2/lib/gscam2/gscam_main
[20.844s] -- Set runtime path of "/home/laurus/workspace/gmsl/ros_ws/install/gscam2/lib/gscam2/gscam_main" to ""
[20.844s] -- Installing: /home/laurus/workspace/gmsl/ros_ws/install/gscam2/lib/gscam2/ipc_test_main
[20.844s] -- Set runtime path of "/home/laurus/workspace/gmsl/ros_ws/install/gscam2/lib/gscam2/ipc_test_main" to ""
[20.844s] -- Installing: /home/laurus/workspace/gmsl/ros_ws/install/gscam2/share/gscam2/cfg
[20.845s] -- Installing: /home/laurus/workspace/gmsl/ros_ws/install/gscam2/share/gscam2/cfg/my_camera.ini
[20.845s] -- Installing: /home/laurus/workspace/gmsl/ros_ws/install/gscam2/share/gscam2/cfg/params.yaml
[20.845s] -- Installing: /home/laurus/workspace/gmsl/ros_ws/install/gscam2/share/gscam2/cfg/workaround_params.yaml
[20.845s] -- Installing: /home/laurus/workspace/gmsl/ros_ws/install/gscam2/share/gscam2/cfg/gmsl_params.yaml
[20.845s] -- Installing: /home/laurus/workspace/gmsl/ros_ws/install/gscam2/share/gscam2/launch
[20.845s] -- Installing: /home/laurus/workspace/gmsl/ros_ws/install/gscam2/share/gscam2/launch/composition_launch.py
[20.845s] -- Installing: /home/laurus/workspace/gmsl/ros_ws/install/gscam2/share/gscam2/launch/gmsl_param_launch.py
[20.846s] -- Installing: /home/laurus/workspace/gmsl/ros_ws/install/gscam2/share/gscam2/launch/gmsl_param_4launch.py
[20.846s] -- Installing: /home/laurus/workspace/gmsl/ros_ws/install/gscam2/share/gscam2/launch/republish_launch.py
[20.846s] -- Installing: /home/laurus/workspace/gmsl/ros_ws/install/gscam2/share/gscam2/launch/container_param_launch.py
[20.846s] -- Installing: /home/laurus/workspace/gmsl/ros_ws/install/gscam2/share/gscam2/launch/node_param_launch.py
[20.846s] -- Installing: /home/laurus/workspace/gmsl/ros_ws/install/gscam2/share/gscam2/environment/library_path.sh
[20.846s] -- Installing: /home/laurus/workspace/gmsl/ros_ws/install/gscam2/share/gscam2/environment/library_path.dsv
[20.846s] -- Installing: /home/laurus/workspace/gmsl/ros_ws/install/gscam2/share/ament_index/resource_index/package_run_dependencies/gscam2
[20.847s] -- Installing: /home/laurus/workspace/gmsl/ros_ws/install/gscam2/share/ament_index/resource_index/parent_prefix_path/gscam2
[20.847s] -- Installing: /home/laurus/workspace/gmsl/ros_ws/install/gscam2/share/gscam2/environment/ament_prefix_path.sh
[20.847s] -- Installing: /home/laurus/workspace/gmsl/ros_ws/install/gscam2/share/gscam2/environment/ament_prefix_path.dsv
[20.847s] -- Installing: /home/laurus/workspace/gmsl/ros_ws/install/gscam2/share/gscam2/environment/path.sh
[20.847s] -- Installing: /home/laurus/workspace/gmsl/ros_ws/install/gscam2/share/gscam2/environment/path.dsv
[20.847s] -- Installing: /home/laurus/workspace/gmsl/ros_ws/install/gscam2/share/gscam2/local_setup.bash
[20.848s] -- Installing: /home/laurus/workspace/gmsl/ros_ws/install/gscam2/share/gscam2/local_setup.sh
[20.848s] -- Installing: /home/laurus/workspace/gmsl/ros_ws/install/gscam2/share/gscam2/local_setup.zsh
[20.848s] -- Installing: /home/laurus/workspace/gmsl/ros_ws/install/gscam2/share/gscam2/local_setup.dsv
[20.848s] -- Installing: /home/laurus/workspace/gmsl/ros_ws/install/gscam2/share/gscam2/package.dsv
[20.848s] -- Installing: /home/laurus/workspace/gmsl/ros_ws/install/gscam2/share/ament_index/resource_index/packages/gscam2
[20.848s] -- Installing: /home/laurus/workspace/gmsl/ros_ws/install/gscam2/share/ament_index/resource_index/rclcpp_components/gscam2
[20.849s] -- Installing: /home/laurus/workspace/gmsl/ros_ws/install/gscam2/share/gscam2/cmake/gscam2_targetsExport.cmake
[20.849s] -- Installing: /home/laurus/workspace/gmsl/ros_ws/install/gscam2/share/gscam2/cmake/gscam2_targetsExport-noconfig.cmake
[20.849s] -- Installing: /home/laurus/workspace/gmsl/ros_ws/install/gscam2/share/gscam2/cmake/ament_cmake_export_targets-extras.cmake
[20.849s] -- Installing: /home/laurus/workspace/gmsl/ros_ws/install/gscam2/share/gscam2/cmake/ament_cmake_export_dependencies-extras.cmake
[20.850s] -- Installing: /home/laurus/workspace/gmsl/ros_ws/install/gscam2/share/gscam2/cmake/gscam2Config.cmake
[20.850s] -- Installing: /home/laurus/workspace/gmsl/ros_ws/install/gscam2/share/gscam2/cmake/gscam2Config-version.cmake
[20.850s] -- Installing: /home/laurus/workspace/gmsl/ros_ws/install/gscam2/share/gscam2/package.xml
[20.852s] Invoked command in '/home/laurus/workspace/gmsl/ros_ws/build/gscam2' returned '0': CMAKE_PREFIX_PATH=/home/laurus/workspace/gmsl/ros_ws/install/ros2_shared:/home/laurus/workspace/gmsl/ros_ws/install/video_receiver:/home/laurus/workspace/gmsl/ros_ws/install/topic_tools:/home/laurus/workspace/gmsl/ros_ws/install/topic_tools_interfaces:/home/laurus/workspace/gmsl/ros_ws/install/gscam2:/home/laurus/workspace/gmsl/ros_ws/install/imu_ros2:/home/laurus/workspace/gmsl/ros_ws/install/imu_yaw:/opt/ros/humble /usr/bin/cmake --install /home/laurus/workspace/gmsl/ros_ws/build/gscam2
